<?xml version="1.0" encoding="UTF-8"?>
<testsuite xmlns:xsi="http://www.w3.org/2001/XMLSchema-instance" xsi:noNamespaceSchemaLocation="https://maven.apache.org/surefire/maven-surefire-plugin/xsd/surefire-test-report-3.0.xsd" version="3.0" name="com.ascendpgp.creditcard.service.CreditCardServiceTest" time="2.934" tests="8" errors="6" skipped="0" failures="1">
  <properties>
    <property name="java.specification.version" value="17"/>
    <property name="sun.jnu.encoding" value="UTF-8"/>
    <property name="java.class.path" value="/Users/a0s0nmi/IdeaProjects/Apps_v3/Final_CreditCardApp/target/test-classes:/Users/a0s0nmi/IdeaProjects/Apps_v3/Final_CreditCardApp/target/classes:/Users/a0s0nmi/.m2/repository/org/springframework/boot/spring-boot-starter/3.3.6/spring-boot-starter-3.3.6.jar:/Users/a0s0nmi/.m2/repository/org/springframework/boot/spring-boot/3.3.6/spring-boot-3.3.6.jar:/Users/a0s0nmi/.m2/repository/org/springframework/spring-context/6.1.15/spring-context-6.1.15.jar:/Users/a0s0nmi/.m2/repository/org/springframework/boot/spring-boot-autoconfigure/3.3.6/spring-boot-autoconfigure-3.3.6.jar:/Users/a0s0nmi/.m2/repository/jakarta/annotation/jakarta.annotation-api/2.1.1/jakarta.annotation-api-2.1.1.jar:/Users/a0s0nmi/.m2/repository/org/springframework/spring-core/6.1.15/spring-core-6.1.15.jar:/Users/a0s0nmi/.m2/repository/org/springframework/spring-jcl/6.1.15/spring-jcl-6.1.15.jar:/Users/a0s0nmi/.m2/repository/org/yaml/snakeyaml/2.2/snakeyaml-2.2.jar:/Users/a0s0nmi/.m2/repository/org/springframework/boot/spring-boot-starter-logging/3.3.6/spring-boot-starter-logging-3.3.6.jar:/Users/a0s0nmi/.m2/repository/ch/qos/logback/logback-classic/1.5.12/logback-classic-1.5.12.jar:/Users/a0s0nmi/.m2/repository/ch/qos/logback/logback-core/1.5.12/logback-core-1.5.12.jar:/Users/a0s0nmi/.m2/repository/org/apache/logging/log4j/log4j-to-slf4j/2.23.1/log4j-to-slf4j-2.23.1.jar:/Users/a0s0nmi/.m2/repository/org/apache/logging/log4j/log4j-api/2.23.1/log4j-api-2.23.1.jar:/Users/a0s0nmi/.m2/repository/org/springframework/boot/spring-boot-starter-web/3.3.6/spring-boot-starter-web-3.3.6.jar:/Users/a0s0nmi/.m2/repository/org/springframework/boot/spring-boot-starter-json/3.3.6/spring-boot-starter-json-3.3.6.jar:/Users/a0s0nmi/.m2/repository/com/fasterxml/jackson/datatype/jackson-datatype-jdk8/2.17.3/jackson-datatype-jdk8-2.17.3.jar:/Users/a0s0nmi/.m2/repository/com/fasterxml/jackson/datatype/jackson-datatype-jsr310/2.17.3/jackson-datatype-jsr310-2.17.3.jar:/Users/a0s0nmi/.m2/repository/com/fasterxml/jackson/module/jackson-module-parameter-names/2.17.3/jackson-module-parameter-names-2.17.3.jar:/Users/a0s0nmi/.m2/repository/org/springframework/boot/spring-boot-starter-tomcat/3.3.6/spring-boot-starter-tomcat-3.3.6.jar:/Users/a0s0nmi/.m2/repository/org/apache/tomcat/embed/tomcat-embed-core/10.1.33/tomcat-embed-core-10.1.33.jar:/Users/a0s0nmi/.m2/repository/org/apache/tomcat/embed/tomcat-embed-el/10.1.33/tomcat-embed-el-10.1.33.jar:/Users/a0s0nmi/.m2/repository/org/apache/tomcat/embed/tomcat-embed-websocket/10.1.33/tomcat-embed-websocket-10.1.33.jar:/Users/a0s0nmi/.m2/repository/org/springframework/spring-web/6.1.15/spring-web-6.1.15.jar:/Users/a0s0nmi/.m2/repository/org/springframework/spring-beans/6.1.15/spring-beans-6.1.15.jar:/Users/a0s0nmi/.m2/repository/org/springframework/spring-webmvc/6.1.15/spring-webmvc-6.1.15.jar:/Users/a0s0nmi/.m2/repository/org/springframework/spring-expression/6.1.15/spring-expression-6.1.15.jar:/Users/a0s0nmi/.m2/repository/org/springframework/cloud/spring-cloud-starter-netflix-hystrix/2.2.10.RELEASE/spring-cloud-starter-netflix-hystrix-2.2.10.RELEASE.jar:/Users/a0s0nmi/.m2/repository/org/springframework/cloud/spring-cloud-starter/4.1.5/spring-cloud-starter-4.1.5.jar:/Users/a0s0nmi/.m2/repository/org/springframework/cloud/spring-cloud-context/4.1.5/spring-cloud-context-4.1.5.jar:/Users/a0s0nmi/.m2/repository/org/springframework/cloud/spring-cloud-commons/4.1.5/spring-cloud-commons-4.1.5.jar:/Users/a0s0nmi/.m2/repository/org/springframework/security/spring-security-rsa/1.1.3/spring-security-rsa-1.1.3.jar:/Users/a0s0nmi/.m2/repository/org/bouncycastle/bcprov-jdk18on/1.78/bcprov-jdk18on-1.78.jar:/Users/a0s0nmi/.m2/repository/org/springframework/cloud/spring-cloud-netflix-hystrix/2.2.10.RELEASE/spring-cloud-netflix-hystrix-2.2.10.RELEASE.jar:/Users/a0s0nmi/.m2/repository/org/springframework/boot/spring-boot-starter-aop/3.3.6/spring-boot-starter-aop-3.3.6.jar:/Users/a0s0nmi/.m2/repository/org/springframework/cloud/spring-cloud-netflix-ribbon/2.2.10.RELEASE/spring-cloud-netflix-ribbon-2.2.10.RELEASE.jar:/Users/a0s0nmi/.m2/repository/org/springframework/cloud/spring-cloud-netflix-archaius/2.2.10.RELEASE/spring-cloud-netflix-archaius-2.2.10.RELEASE.jar:/Users/a0s0nmi/.m2/repository/org/springframework/cloud/spring-cloud-starter-netflix-archaius/2.2.10.RELEASE/spring-cloud-starter-netflix-archaius-2.2.10.RELEASE.jar:/Users/a0s0nmi/.m2/repository/com/netflix/archaius/archaius-core/0.7.7/archaius-core-0.7.7.jar:/Users/a0s0nmi/.m2/repository/com/google/code/findbugs/jsr305/3.0.1/jsr305-3.0.1.jar:/Users/a0s0nmi/.m2/repository/commons-configuration/commons-configuration/1.8/commons-configuration-1.8.jar:/Users/a0s0nmi/.m2/repository/commons-lang/commons-lang/2.6/commons-lang-2.6.jar:/Users/a0s0nmi/.m2/repository/com/netflix/hystrix/hystrix-core/1.5.18/hystrix-core-1.5.18.jar:/Users/a0s0nmi/.m2/repository/io/reactivex/rxjava/1.2.0/rxjava-1.2.0.jar:/Users/a0s0nmi/.m2/repository/org/hdrhistogram/HdrHistogram/2.1.9/HdrHistogram-2.1.9.jar:/Users/a0s0nmi/.m2/repository/com/netflix/hystrix/hystrix-serialization/1.5.18/hystrix-serialization-1.5.18.jar:/Users/a0s0nmi/.m2/repository/com/fasterxml/jackson/module/jackson-module-afterburner/2.17.3/jackson-module-afterburner-2.17.3.jar:/Users/a0s0nmi/.m2/repository/com/fasterxml/jackson/core/jackson-annotations/2.17.3/jackson-annotations-2.17.3.jar:/Users/a0s0nmi/.m2/repository/com/netflix/hystrix/hystrix-metrics-event-stream/1.5.18/hystrix-metrics-event-stream-1.5.18.jar:/Users/a0s0nmi/.m2/repository/com/netflix/hystrix/hystrix-javanica/1.5.18/hystrix-javanica-1.5.18.jar:/Users/a0s0nmi/.m2/repository/org/ow2/asm/asm/5.0.4/asm-5.0.4.jar:/Users/a0s0nmi/.m2/repository/org/aspectj/aspectjweaver/1.9.22.1/aspectjweaver-1.9.22.1.jar:/Users/a0s0nmi/.m2/repository/com/google/guava/guava/15.0/guava-15.0.jar:/Users/a0s0nmi/.m2/repository/io/reactivex/rxjava-reactive-streams/1.2.1/rxjava-reactive-streams-1.2.1.jar:/Users/a0s0nmi/.m2/repository/org/reactivestreams/reactive-streams/1.0.4/reactive-streams-1.0.4.jar:/Users/a0s0nmi/.m2/repository/io/github/resilience4j/resilience4j-spring-boot2/1.7.1/resilience4j-spring-boot2-1.7.1.jar:/Users/a0s0nmi/.m2/repository/io/vavr/vavr/0.10.2/vavr-0.10.2.jar:/Users/a0s0nmi/.m2/repository/io/vavr/vavr-match/0.10.2/vavr-match-0.10.2.jar:/Users/a0s0nmi/.m2/repository/io/github/resilience4j/resilience4j-spring/2.2.0/resilience4j-spring-2.2.0.jar:/Users/a0s0nmi/.m2/repository/io/github/resilience4j/resilience4j-annotations/2.2.0/resilience4j-annotations-2.2.0.jar:/Users/a0s0nmi/.m2/repository/io/github/resilience4j/resilience4j-consumer/2.2.0/resilience4j-consumer-2.2.0.jar:/Users/a0s0nmi/.m2/repository/io/github/resilience4j/resilience4j-core/2.2.0/resilience4j-core-2.2.0.jar:/Users/a0s0nmi/.m2/repository/io/github/resilience4j/resilience4j-circularbuffer/2.2.0/resilience4j-circularbuffer-2.2.0.jar:/Users/a0s0nmi/.m2/repository/io/github/resilience4j/resilience4j-framework-common/2.2.0/resilience4j-framework-common-2.2.0.jar:/Users/a0s0nmi/.m2/repository/org/slf4j/slf4j-api/2.0.16/slf4j-api-2.0.16.jar:/Users/a0s0nmi/.m2/repository/io/github/resilience4j/resilience4j-micrometer/2.2.0/resilience4j-micrometer-2.2.0.jar:/Users/a0s0nmi/.m2/repository/io/micrometer/micrometer-core/1.13.8/micrometer-core-1.13.8.jar:/Users/a0s0nmi/.m2/repository/org/latencyutils/LatencyUtils/2.0.3/LatencyUtils-2.0.3.jar:/Users/a0s0nmi/.m2/repository/io/github/resilience4j/resilience4j-bulkhead/2.2.0/resilience4j-bulkhead-2.2.0.jar:/Users/a0s0nmi/.m2/repository/io/github/resilience4j/resilience4j-circuitbreaker/2.2.0/resilience4j-circuitbreaker-2.2.0.jar:/Users/a0s0nmi/.m2/repository/io/github/resilience4j/resilience4j-retry/2.2.0/resilience4j-retry-2.2.0.jar:/Users/a0s0nmi/.m2/repository/io/github/resilience4j/resilience4j-ratelimiter/2.2.0/resilience4j-ratelimiter-2.2.0.jar:/Users/a0s0nmi/.m2/repository/io/github/resilience4j/resilience4j-timelimiter/2.2.0/resilience4j-timelimiter-2.2.0.jar:/Users/a0s0nmi/.m2/repository/org/springframework/boot/spring-boot-starter-actuator/3.3.6/spring-boot-starter-actuator-3.3.6.jar:/Users/a0s0nmi/.m2/repository/org/springframework/boot/spring-boot-actuator-autoconfigure/3.3.6/spring-boot-actuator-autoconfigure-3.3.6.jar:/Users/a0s0nmi/.m2/repository/org/springframework/boot/spring-boot-actuator/3.3.6/spring-boot-actuator-3.3.6.jar:/Users/a0s0nmi/.m2/repository/io/micrometer/micrometer-observation/1.13.8/micrometer-observation-1.13.8.jar:/Users/a0s0nmi/.m2/repository/io/micrometer/micrometer-commons/1.13.8/micrometer-commons-1.13.8.jar:/Users/a0s0nmi/.m2/repository/io/micrometer/micrometer-jakarta9/1.13.8/micrometer-jakarta9-1.13.8.jar:/Users/a0s0nmi/.m2/repository/org/springframework/boot/spring-boot-starter-data-mongodb/3.3.6/spring-boot-starter-data-mongodb-3.3.6.jar:/Users/a0s0nmi/.m2/repository/org/mongodb/mongodb-driver-sync/5.0.1/mongodb-driver-sync-5.0.1.jar:/Users/a0s0nmi/.m2/repository/org/mongodb/bson/5.0.1/bson-5.0.1.jar:/Users/a0s0nmi/.m2/repository/org/mongodb/mongodb-driver-core/5.0.1/mongodb-driver-core-5.0.1.jar:/Users/a0s0nmi/.m2/repository/org/mongodb/bson-record-codec/5.0.1/bson-record-codec-5.0.1.jar:/Users/a0s0nmi/.m2/repository/org/springframework/data/spring-data-mongodb/4.3.6/spring-data-mongodb-4.3.6.jar:/Users/a0s0nmi/.m2/repository/org/springframework/spring-tx/6.1.15/spring-tx-6.1.15.jar:/Users/a0s0nmi/.m2/repository/org/springframework/data/spring-data-commons/3.3.6/spring-data-commons-3.3.6.jar:/Users/a0s0nmi/.m2/repository/org/springframework/boot/spring-boot-starter-security/3.3.6/spring-boot-starter-security-3.3.6.jar:/Users/a0s0nmi/.m2/repository/org/springframework/spring-aop/6.1.15/spring-aop-6.1.15.jar:/Users/a0s0nmi/.m2/repository/org/springframework/security/spring-security-config/6.3.5/spring-security-config-6.3.5.jar:/Users/a0s0nmi/.m2/repository/org/springframework/security/spring-security-web/6.3.5/spring-security-web-6.3.5.jar:/Users/a0s0nmi/.m2/repository/org/springframework/cloud/spring-cloud-starter-netflix-eureka-client/4.1.4/spring-cloud-starter-netflix-eureka-client-4.1.4.jar:/Users/a0s0nmi/.m2/repository/org/springframework/cloud/spring-cloud-netflix-eureka-client/4.1.4/spring-cloud-netflix-eureka-client-4.1.4.jar:/Users/a0s0nmi/.m2/repository/org/apache/httpcomponents/client5/httpclient5/5.3.1/httpclient5-5.3.1.jar:/Users/a0s0nmi/.m2/repository/org/apache/httpcomponents/core5/httpcore5/5.2.5/httpcore5-5.2.5.jar:/Users/a0s0nmi/.m2/repository/org/apache/httpcomponents/core5/httpcore5-h2/5.2.5/httpcore5-h2-5.2.5.jar:/Users/a0s0nmi/.m2/repository/com/netflix/eureka/eureka-client/2.0.4/eureka-client-2.0.4.jar:/Users/a0s0nmi/.m2/repository/com/thoughtworks/xstream/xstream/1.4.20/xstream-1.4.20.jar:/Users/a0s0nmi/.m2/repository/io/github/x-stream/mxparser/1.2.2/mxparser-1.2.2.jar:/Users/a0s0nmi/.m2/repository/xmlpull/xmlpull/1.1.3.1/xmlpull-1.1.3.1.jar:/Users/a0s0nmi/.m2/repository/jakarta/ws/rs/jakarta.ws.rs-api/3.1.0/jakarta.ws.rs-api-3.1.0.jar:/Users/a0s0nmi/.m2/repository/jakarta/inject/jakarta.inject-api/2.0.1/jakarta.inject-api-2.0.1.jar:/Users/a0s0nmi/.m2/repository/com/netflix/spectator/spectator-api/1.7.3/spectator-api-1.7.3.jar:/Users/a0s0nmi/.m2/repository/org/apache/httpcomponents/httpclient/4.5.3/httpclient-4.5.3.jar:/Users/a0s0nmi/.m2/repository/org/apache/httpcomponents/httpcore/4.4.16/httpcore-4.4.16.jar:/Users/a0s0nmi/.m2/repository/commons-codec/commons-codec/1.16.1/commons-codec-1.16.1.jar:/Users/a0s0nmi/.m2/repository/com/netflix/netflix-commons/netflix-eventbus/0.3.0/netflix-eventbus-0.3.0.jar:/Users/a0s0nmi/.m2/repository/com/netflix/netflix-commons/netflix-infix/0.3.0/netflix-infix-0.3.0.jar:/Users/a0s0nmi/.m2/repository/commons-jxpath/commons-jxpath/1.3/commons-jxpath-1.3.jar:/Users/a0s0nmi/.m2/repository/joda-time/joda-time/2.3/joda-time-2.3.jar:/Users/a0s0nmi/.m2/repository/org/antlr/antlr-runtime/3.4/antlr-runtime-3.4.jar:/Users/a0s0nmi/.m2/repository/org/antlr/stringtemplate/3.2.1/stringtemplate-3.2.1.jar:/Users/a0s0nmi/.m2/repository/antlr/antlr/2.7.7/antlr-2.7.7.jar:/Users/a0s0nmi/.m2/repository/com/google/code/gson/gson/2.10.1/gson-2.10.1.jar:/Users/a0s0nmi/.m2/repository/com/netflix/servo/servo-core/0.5.3/servo-core-0.5.3.jar:/Users/a0s0nmi/.m2/repository/org/apache/commons/commons-math/2.2/commons-math-2.2.jar:/Users/a0s0nmi/.m2/repository/javax/annotation/javax.annotation-api/1.2/javax.annotation-api-1.2.jar:/Users/a0s0nmi/.m2/repository/org/codehaus/jettison/jettison/1.5.4/jettison-1.5.4.jar:/Users/a0s0nmi/.m2/repository/com/netflix/eureka/eureka-core/2.0.4/eureka-core-2.0.4.jar:/Users/a0s0nmi/.m2/repository/com/fasterxml/woodstox/woodstox-core/6.4.0/woodstox-core-6.4.0.jar:/Users/a0s0nmi/.m2/repository/org/codehaus/woodstox/stax2-api/4.2.1/stax2-api-4.2.1.jar:/Users/a0s0nmi/.m2/repository/org/springframework/cloud/spring-cloud-starter-loadbalancer/4.1.5/spring-cloud-starter-loadbalancer-4.1.5.jar:/Users/a0s0nmi/.m2/repository/org/springframework/cloud/spring-cloud-loadbalancer/4.1.5/spring-cloud-loadbalancer-4.1.5.jar:/Users/a0s0nmi/.m2/repository/io/projectreactor/addons/reactor-extra/3.5.2/reactor-extra-3.5.2.jar:/Users/a0s0nmi/.m2/repository/org/springframework/boot/spring-boot-starter-cache/3.3.6/spring-boot-starter-cache-3.3.6.jar:/Users/a0s0nmi/.m2/repository/com/stoyanr/evictor/1.0.0/evictor-1.0.0.jar:/Users/a0s0nmi/.m2/repository/io/jsonwebtoken/jjwt-api/0.11.5/jjwt-api-0.11.5.jar:/Users/a0s0nmi/.m2/repository/io/jsonwebtoken/jjwt-impl/0.11.5/jjwt-impl-0.11.5.jar:/Users/a0s0nmi/.m2/repository/io/jsonwebtoken/jjwt-jackson/0.11.5/jjwt-jackson-0.11.5.jar:/Users/a0s0nmi/.m2/repository/com/fasterxml/jackson/core/jackson-databind/2.17.3/jackson-databind-2.17.3.jar:/Users/a0s0nmi/.m2/repository/org/springframework/boot/spring-boot-starter-mail/3.3.6/spring-boot-starter-mail-3.3.6.jar:/Users/a0s0nmi/.m2/repository/org/springframework/spring-context-support/6.1.15/spring-context-support-6.1.15.jar:/Users/a0s0nmi/.m2/repository/org/eclipse/angus/jakarta.mail/2.0.3/jakarta.mail-2.0.3.jar:/Users/a0s0nmi/.m2/repository/jakarta/activation/jakarta.activation-api/2.1.3/jakarta.activation-api-2.1.3.jar:/Users/a0s0nmi/.m2/repository/org/eclipse/angus/angus-activation/2.0.2/angus-activation-2.0.2.jar:/Users/a0s0nmi/.m2/repository/org/springdoc/springdoc-openapi-starter-webmvc-ui/2.1.0/springdoc-openapi-starter-webmvc-ui-2.1.0.jar:/Users/a0s0nmi/.m2/repository/org/springdoc/springdoc-openapi-starter-webmvc-api/2.1.0/springdoc-openapi-starter-webmvc-api-2.1.0.jar:/Users/a0s0nmi/.m2/repository/org/springdoc/springdoc-openapi-starter-common/2.1.0/springdoc-openapi-starter-common-2.1.0.jar:/Users/a0s0nmi/.m2/repository/io/swagger/core/v3/swagger-core-jakarta/2.2.9/swagger-core-jakarta-2.2.9.jar:/Users/a0s0nmi/.m2/repository/io/swagger/core/v3/swagger-annotations-jakarta/2.2.9/swagger-annotations-jakarta-2.2.9.jar:/Users/a0s0nmi/.m2/repository/io/swagger/core/v3/swagger-models-jakarta/2.2.9/swagger-models-jakarta-2.2.9.jar:/Users/a0s0nmi/.m2/repository/jakarta/validation/jakarta.validation-api/3.0.2/jakarta.validation-api-3.0.2.jar:/Users/a0s0nmi/.m2/repository/com/fasterxml/jackson/dataformat/jackson-dataformat-yaml/2.17.3/jackson-dataformat-yaml-2.17.3.jar:/Users/a0s0nmi/.m2/repository/org/webjars/swagger-ui/4.18.2/swagger-ui-4.18.2.jar:/Users/a0s0nmi/.m2/repository/org/springframework/boot/spring-boot-starter-test/3.3.6/spring-boot-starter-test-3.3.6.jar:/Users/a0s0nmi/.m2/repository/org/springframework/boot/spring-boot-test/3.3.6/spring-boot-test-3.3.6.jar:/Users/a0s0nmi/.m2/repository/org/springframework/boot/spring-boot-test-autoconfigure/3.3.6/spring-boot-test-autoconfigure-3.3.6.jar:/Users/a0s0nmi/.m2/repository/com/jayway/jsonpath/json-path/2.9.0/json-path-2.9.0.jar:/Users/a0s0nmi/.m2/repository/jakarta/xml/bind/jakarta.xml.bind-api/4.0.2/jakarta.xml.bind-api-4.0.2.jar:/Users/a0s0nmi/.m2/repository/net/minidev/json-smart/2.5.1/json-smart-2.5.1.jar:/Users/a0s0nmi/.m2/repository/net/minidev/accessors-smart/2.5.1/accessors-smart-2.5.1.jar:/Users/a0s0nmi/.m2/repository/org/assertj/assertj-core/3.25.3/assertj-core-3.25.3.jar:/Users/a0s0nmi/.m2/repository/org/awaitility/awaitility/4.2.2/awaitility-4.2.2.jar:/Users/a0s0nmi/.m2/repository/org/hamcrest/hamcrest/2.2/hamcrest-2.2.jar:/Users/a0s0nmi/.m2/repository/org/junit/jupiter/junit-jupiter/5.10.5/junit-jupiter-5.10.5.jar:/Users/a0s0nmi/.m2/repository/org/junit/jupiter/junit-jupiter-params/5.10.5/junit-jupiter-params-5.10.5.jar:/Users/a0s0nmi/.m2/repository/org/mockito/mockito-junit-jupiter/5.11.0/mockito-junit-jupiter-5.11.0.jar:/Users/a0s0nmi/.m2/repository/org/skyscreamer/jsonassert/1.5.3/jsonassert-1.5.3.jar:/Users/a0s0nmi/.m2/repository/com/vaadin/external/google/android-json/0.0.20131108.vaadin1/android-json-0.0.20131108.vaadin1.jar:/Users/a0s0nmi/.m2/repository/org/springframework/spring-test/6.1.15/spring-test-6.1.15.jar:/Users/a0s0nmi/.m2/repository/org/xmlunit/xmlunit-core/2.9.1/xmlunit-core-2.9.1.jar:/Users/a0s0nmi/.m2/repository/org/springframework/security/spring-security-test/6.3.5/spring-security-test-6.3.5.jar:/Users/a0s0nmi/.m2/repository/org/springframework/security/spring-security-core/6.3.5/spring-security-core-6.3.5.jar:/Users/a0s0nmi/.m2/repository/org/springframework/security/spring-security-crypto/6.3.5/spring-security-crypto-6.3.5.jar:/Users/a0s0nmi/.m2/repository/org/mockito/mockito-core/5.11.0/mockito-core-5.11.0.jar:/Users/a0s0nmi/.m2/repository/net/bytebuddy/byte-buddy/1.14.19/byte-buddy-1.14.19.jar:/Users/a0s0nmi/.m2/repository/net/bytebuddy/byte-buddy-agent/1.14.19/byte-buddy-agent-1.14.19.jar:/Users/a0s0nmi/.m2/repository/org/objenesis/objenesis/3.3/objenesis-3.3.jar:/Users/a0s0nmi/.m2/repository/org/junit/jupiter/junit-jupiter-api/5.10.5/junit-jupiter-api-5.10.5.jar:/Users/a0s0nmi/.m2/repository/org/opentest4j/opentest4j/1.3.0/opentest4j-1.3.0.jar:/Users/a0s0nmi/.m2/repository/org/junit/platform/junit-platform-commons/1.10.5/junit-platform-commons-1.10.5.jar:/Users/a0s0nmi/.m2/repository/org/apiguardian/apiguardian-api/1.1.2/apiguardian-api-1.1.2.jar:/Users/a0s0nmi/.m2/repository/org/junit/jupiter/junit-jupiter-engine/5.10.5/junit-jupiter-engine-5.10.5.jar:/Users/a0s0nmi/.m2/repository/org/junit/platform/junit-platform-engine/1.10.5/junit-platform-engine-1.10.5.jar:/Users/a0s0nmi/.m2/repository/com/microsoft/azure/azure-storage/8.6.6/azure-storage-8.6.6.jar:/Users/a0s0nmi/.m2/repository/com/fasterxml/jackson/core/jackson-core/2.17.3/jackson-core-2.17.3.jar:/Users/a0s0nmi/.m2/repository/org/apache/commons/commons-lang3/3.14.0/commons-lang3-3.14.0.jar:/Users/a0s0nmi/.m2/repository/com/microsoft/azure/azure-keyvault-core/1.2.4/azure-keyvault-core-1.2.4.jar:/Users/a0s0nmi/.m2/repository/com/azure/azure-storage-blob/12.10.0/azure-storage-blob-12.10.0.jar:/Users/a0s0nmi/.m2/repository/com/azure/azure-core/1.12.0/azure-core-1.12.0.jar:/Users/a0s0nmi/.m2/repository/com/fasterxml/jackson/dataformat/jackson-dataformat-xml/2.17.3/jackson-dataformat-xml-2.17.3.jar:/Users/a0s0nmi/.m2/repository/io/projectreactor/reactor-core/3.6.12/reactor-core-3.6.12.jar:/Users/a0s0nmi/.m2/repository/io/netty/netty-tcnative-boringssl-static/2.0.69.Final/netty-tcnative-boringssl-static-2.0.69.Final.jar:/Users/a0s0nmi/.m2/repository/io/netty/netty-tcnative-classes/2.0.69.Final/netty-tcnative-classes-2.0.69.Final.jar:/Users/a0s0nmi/.m2/repository/io/netty/netty-tcnative-boringssl-static/2.0.69.Final/netty-tcnative-boringssl-static-2.0.69.Final-linux-x86_64.jar:/Users/a0s0nmi/.m2/repository/io/netty/netty-tcnative-boringssl-static/2.0.69.Final/netty-tcnative-boringssl-static-2.0.69.Final-linux-aarch_64.jar:/Users/a0s0nmi/.m2/repository/io/netty/netty-tcnative-boringssl-static/2.0.69.Final/netty-tcnative-boringssl-static-2.0.69.Final-osx-x86_64.jar:/Users/a0s0nmi/.m2/repository/io/netty/netty-tcnative-boringssl-static/2.0.69.Final/netty-tcnative-boringssl-static-2.0.69.Final-osx-aarch_64.jar:/Users/a0s0nmi/.m2/repository/io/netty/netty-tcnative-boringssl-static/2.0.69.Final/netty-tcnative-boringssl-static-2.0.69.Final-windows-x86_64.jar:/Users/a0s0nmi/.m2/repository/com/azure/azure-storage-common/12.10.0/azure-storage-common-12.10.0.jar:/Users/a0s0nmi/.m2/repository/com/azure/azure-core-http-netty/1.7.1/azure-core-http-netty-1.7.1.jar:/Users/a0s0nmi/.m2/repository/io/netty/netty-handler/4.1.115.Final/netty-handler-4.1.115.Final.jar:/Users/a0s0nmi/.m2/repository/io/netty/netty-common/4.1.115.Final/netty-common-4.1.115.Final.jar:/Users/a0s0nmi/.m2/repository/io/netty/netty-resolver/4.1.115.Final/netty-resolver-4.1.115.Final.jar:/Users/a0s0nmi/.m2/repository/io/netty/netty-transport/4.1.115.Final/netty-transport-4.1.115.Final.jar:/Users/a0s0nmi/.m2/repository/io/netty/netty-codec/4.1.115.Final/netty-codec-4.1.115.Final.jar:/Users/a0s0nmi/.m2/repository/io/netty/netty-handler-proxy/4.1.115.Final/netty-handler-proxy-4.1.115.Final.jar:/Users/a0s0nmi/.m2/repository/io/netty/netty-codec-socks/4.1.115.Final/netty-codec-socks-4.1.115.Final.jar:/Users/a0s0nmi/.m2/repository/io/netty/netty-buffer/4.1.115.Final/netty-buffer-4.1.115.Final.jar:/Users/a0s0nmi/.m2/repository/io/netty/netty-codec-http/4.1.115.Final/netty-codec-http-4.1.115.Final.jar:/Users/a0s0nmi/.m2/repository/io/netty/netty-codec-http2/4.1.115.Final/netty-codec-http2-4.1.115.Final.jar:/Users/a0s0nmi/.m2/repository/io/netty/netty-transport-native-unix-common/4.1.115.Final/netty-transport-native-unix-common-4.1.115.Final.jar:/Users/a0s0nmi/.m2/repository/io/netty/netty-transport-native-epoll/4.1.115.Final/netty-transport-native-epoll-4.1.115.Final-linux-x86_64.jar:/Users/a0s0nmi/.m2/repository/io/netty/netty-transport-classes-epoll/4.1.115.Final/netty-transport-classes-epoll-4.1.115.Final.jar:/Users/a0s0nmi/.m2/repository/io/netty/netty-transport-native-kqueue/4.1.115.Final/netty-transport-native-kqueue-4.1.115.Final-osx-x86_64.jar:/Users/a0s0nmi/.m2/repository/io/netty/netty-transport-classes-kqueue/4.1.115.Final/netty-transport-classes-kqueue-4.1.115.Final.jar:/Users/a0s0nmi/.m2/repository/io/projectreactor/netty/reactor-netty/1.1.24/reactor-netty-1.1.24.jar:/Users/a0s0nmi/.m2/repository/io/projectreactor/netty/reactor-netty-core/1.1.24/reactor-netty-core-1.1.24.jar:/Users/a0s0nmi/.m2/repository/io/netty/netty-resolver-dns/4.1.115.Final/netty-resolver-dns-4.1.115.Final.jar:/Users/a0s0nmi/.m2/repository/io/netty/netty-codec-dns/4.1.115.Final/netty-codec-dns-4.1.115.Final.jar:/Users/a0s0nmi/.m2/repository/io/netty/netty-resolver-dns-native-macos/4.1.115.Final/netty-resolver-dns-native-macos-4.1.115.Final-osx-x86_64.jar:/Users/a0s0nmi/.m2/repository/io/netty/netty-resolver-dns-classes-macos/4.1.115.Final/netty-resolver-dns-classes-macos-4.1.115.Final.jar:/Users/a0s0nmi/.m2/repository/io/projectreactor/netty/reactor-netty-http/1.1.24/reactor-netty-http-1.1.24.jar:/Users/a0s0nmi/.m2/repository/io/projectreactor/netty/incubator/reactor-netty-incubator-quic/0.1.24/reactor-netty-incubator-quic-0.1.24.jar:/Users/a0s0nmi/.m2/repository/io/netty/incubator/netty-incubator-codec-native-quic/0.0.68.Final/netty-incubator-codec-native-quic-0.0.68.Final-linux-x86_64.jar:/Users/a0s0nmi/.m2/repository/io/netty/incubator/netty-incubator-codec-classes-quic/0.0.68.Final/netty-incubator-codec-classes-quic-0.0.68.Final.jar:/Users/a0s0nmi/.m2/repository/com/azure/azure-storage-internal-avro/12.0.2/azure-storage-internal-avro-12.0.2.jar:/Users/a0s0nmi/.m2/repository/net/logstash/logback/logstash-logback-encoder/7.0/logstash-logback-encoder-7.0.jar:/Users/a0s0nmi/.m2/repository/org/codehaus/janino/janino/3.1.12/janino-3.1.12.jar:/Users/a0s0nmi/.m2/repository/org/codehaus/janino/commons-compiler/3.1.12/commons-compiler-3.1.12.jar:/Users/a0s0nmi/.m2/repository/org/springframework/boot/spring-boot-configuration-processor/3.3.6/spring-boot-configuration-processor-3.3.6.jar:"/>
    <property name="java.vm.vendor" value="Oracle Corporation"/>
    <property name="sun.arch.data.model" value="64"/>
    <property name="java.vendor.url" value="https://java.oracle.com/"/>
    <property name="user.timezone" value="Asia/Kolkata"/>
    <property name="os.name" value="Mac OS X"/>
    <property name="java.vm.specification.version" value="17"/>
    <property name="sun.java.launcher" value="SUN_STANDARD"/>
    <property name="user.country" value="US"/>
    <property name="sun.boot.library.path" value="/Library/Java/JavaVirtualMachines/graalvm-jdk-17.0.12+8.1/Contents/Home/lib"/>
    <property name="sun.java.command" value="/Users/a0s0nmi/IdeaProjects/Apps_v3/Final_CreditCardApp/target/surefire/surefirebooter-20241223203630093_3.jar /Users/a0s0nmi/IdeaProjects/Apps_v3/Final_CreditCardApp/target/surefire 2024-12-23T20-36-29_983-jvmRun1 surefire-20241223203630093_1tmp surefire_0-20241223203630093_2tmp"/>
    <property name="http.nonProxyHosts" value="local|*.local|169.254/16|*.169.254/16|wal-mart.com|*.wal-mart.com|wamnetNAD|*.wamnetNAD|walmart.com|*.walmart.com|wmlink|*.wmlink|walmartlabs.com|*.walmartlabs.com"/>
    <property name="jdk.debug" value="release"/>
    <property name="surefire.test.class.path" value="/Users/a0s0nmi/IdeaProjects/Apps_v3/Final_CreditCardApp/target/test-classes:/Users/a0s0nmi/IdeaProjects/Apps_v3/Final_CreditCardApp/target/classes:/Users/a0s0nmi/.m2/repository/org/springframework/boot/spring-boot-starter/3.3.6/spring-boot-starter-3.3.6.jar:/Users/a0s0nmi/.m2/repository/org/springframework/boot/spring-boot/3.3.6/spring-boot-3.3.6.jar:/Users/a0s0nmi/.m2/repository/org/springframework/spring-context/6.1.15/spring-context-6.1.15.jar:/Users/a0s0nmi/.m2/repository/org/springframework/boot/spring-boot-autoconfigure/3.3.6/spring-boot-autoconfigure-3.3.6.jar:/Users/a0s0nmi/.m2/repository/jakarta/annotation/jakarta.annotation-api/2.1.1/jakarta.annotation-api-2.1.1.jar:/Users/a0s0nmi/.m2/repository/org/springframework/spring-core/6.1.15/spring-core-6.1.15.jar:/Users/a0s0nmi/.m2/repository/org/springframework/spring-jcl/6.1.15/spring-jcl-6.1.15.jar:/Users/a0s0nmi/.m2/repository/org/yaml/snakeyaml/2.2/snakeyaml-2.2.jar:/Users/a0s0nmi/.m2/repository/org/springframework/boot/spring-boot-starter-logging/3.3.6/spring-boot-starter-logging-3.3.6.jar:/Users/a0s0nmi/.m2/repository/ch/qos/logback/logback-classic/1.5.12/logback-classic-1.5.12.jar:/Users/a0s0nmi/.m2/repository/ch/qos/logback/logback-core/1.5.12/logback-core-1.5.12.jar:/Users/a0s0nmi/.m2/repository/org/apache/logging/log4j/log4j-to-slf4j/2.23.1/log4j-to-slf4j-2.23.1.jar:/Users/a0s0nmi/.m2/repository/org/apache/logging/log4j/log4j-api/2.23.1/log4j-api-2.23.1.jar:/Users/a0s0nmi/.m2/repository/org/springframework/boot/spring-boot-starter-web/3.3.6/spring-boot-starter-web-3.3.6.jar:/Users/a0s0nmi/.m2/repository/org/springframework/boot/spring-boot-starter-json/3.3.6/spring-boot-starter-json-3.3.6.jar:/Users/a0s0nmi/.m2/repository/com/fasterxml/jackson/datatype/jackson-datatype-jdk8/2.17.3/jackson-datatype-jdk8-2.17.3.jar:/Users/a0s0nmi/.m2/repository/com/fasterxml/jackson/datatype/jackson-datatype-jsr310/2.17.3/jackson-datatype-jsr310-2.17.3.jar:/Users/a0s0nmi/.m2/repository/com/fasterxml/jackson/module/jackson-module-parameter-names/2.17.3/jackson-module-parameter-names-2.17.3.jar:/Users/a0s0nmi/.m2/repository/org/springframework/boot/spring-boot-starter-tomcat/3.3.6/spring-boot-starter-tomcat-3.3.6.jar:/Users/a0s0nmi/.m2/repository/org/apache/tomcat/embed/tomcat-embed-core/10.1.33/tomcat-embed-core-10.1.33.jar:/Users/a0s0nmi/.m2/repository/org/apache/tomcat/embed/tomcat-embed-el/10.1.33/tomcat-embed-el-10.1.33.jar:/Users/a0s0nmi/.m2/repository/org/apache/tomcat/embed/tomcat-embed-websocket/10.1.33/tomcat-embed-websocket-10.1.33.jar:/Users/a0s0nmi/.m2/repository/org/springframework/spring-web/6.1.15/spring-web-6.1.15.jar:/Users/a0s0nmi/.m2/repository/org/springframework/spring-beans/6.1.15/spring-beans-6.1.15.jar:/Users/a0s0nmi/.m2/repository/org/springframework/spring-webmvc/6.1.15/spring-webmvc-6.1.15.jar:/Users/a0s0nmi/.m2/repository/org/springframework/spring-expression/6.1.15/spring-expression-6.1.15.jar:/Users/a0s0nmi/.m2/repository/org/springframework/cloud/spring-cloud-starter-netflix-hystrix/2.2.10.RELEASE/spring-cloud-starter-netflix-hystrix-2.2.10.RELEASE.jar:/Users/a0s0nmi/.m2/repository/org/springframework/cloud/spring-cloud-starter/4.1.5/spring-cloud-starter-4.1.5.jar:/Users/a0s0nmi/.m2/repository/org/springframework/cloud/spring-cloud-context/4.1.5/spring-cloud-context-4.1.5.jar:/Users/a0s0nmi/.m2/repository/org/springframework/cloud/spring-cloud-commons/4.1.5/spring-cloud-commons-4.1.5.jar:/Users/a0s0nmi/.m2/repository/org/springframework/security/spring-security-rsa/1.1.3/spring-security-rsa-1.1.3.jar:/Users/a0s0nmi/.m2/repository/org/bouncycastle/bcprov-jdk18on/1.78/bcprov-jdk18on-1.78.jar:/Users/a0s0nmi/.m2/repository/org/springframework/cloud/spring-cloud-netflix-hystrix/2.2.10.RELEASE/spring-cloud-netflix-hystrix-2.2.10.RELEASE.jar:/Users/a0s0nmi/.m2/repository/org/springframework/boot/spring-boot-starter-aop/3.3.6/spring-boot-starter-aop-3.3.6.jar:/Users/a0s0nmi/.m2/repository/org/springframework/cloud/spring-cloud-netflix-ribbon/2.2.10.RELEASE/spring-cloud-netflix-ribbon-2.2.10.RELEASE.jar:/Users/a0s0nmi/.m2/repository/org/springframework/cloud/spring-cloud-netflix-archaius/2.2.10.RELEASE/spring-cloud-netflix-archaius-2.2.10.RELEASE.jar:/Users/a0s0nmi/.m2/repository/org/springframework/cloud/spring-cloud-starter-netflix-archaius/2.2.10.RELEASE/spring-cloud-starter-netflix-archaius-2.2.10.RELEASE.jar:/Users/a0s0nmi/.m2/repository/com/netflix/archaius/archaius-core/0.7.7/archaius-core-0.7.7.jar:/Users/a0s0nmi/.m2/repository/com/google/code/findbugs/jsr305/3.0.1/jsr305-3.0.1.jar:/Users/a0s0nmi/.m2/repository/commons-configuration/commons-configuration/1.8/commons-configuration-1.8.jar:/Users/a0s0nmi/.m2/repository/commons-lang/commons-lang/2.6/commons-lang-2.6.jar:/Users/a0s0nmi/.m2/repository/com/netflix/hystrix/hystrix-core/1.5.18/hystrix-core-1.5.18.jar:/Users/a0s0nmi/.m2/repository/io/reactivex/rxjava/1.2.0/rxjava-1.2.0.jar:/Users/a0s0nmi/.m2/repository/org/hdrhistogram/HdrHistogram/2.1.9/HdrHistogram-2.1.9.jar:/Users/a0s0nmi/.m2/repository/com/netflix/hystrix/hystrix-serialization/1.5.18/hystrix-serialization-1.5.18.jar:/Users/a0s0nmi/.m2/repository/com/fasterxml/jackson/module/jackson-module-afterburner/2.17.3/jackson-module-afterburner-2.17.3.jar:/Users/a0s0nmi/.m2/repository/com/fasterxml/jackson/core/jackson-annotations/2.17.3/jackson-annotations-2.17.3.jar:/Users/a0s0nmi/.m2/repository/com/netflix/hystrix/hystrix-metrics-event-stream/1.5.18/hystrix-metrics-event-stream-1.5.18.jar:/Users/a0s0nmi/.m2/repository/com/netflix/hystrix/hystrix-javanica/1.5.18/hystrix-javanica-1.5.18.jar:/Users/a0s0nmi/.m2/repository/org/ow2/asm/asm/5.0.4/asm-5.0.4.jar:/Users/a0s0nmi/.m2/repository/org/aspectj/aspectjweaver/1.9.22.1/aspectjweaver-1.9.22.1.jar:/Users/a0s0nmi/.m2/repository/com/google/guava/guava/15.0/guava-15.0.jar:/Users/a0s0nmi/.m2/repository/io/reactivex/rxjava-reactive-streams/1.2.1/rxjava-reactive-streams-1.2.1.jar:/Users/a0s0nmi/.m2/repository/org/reactivestreams/reactive-streams/1.0.4/reactive-streams-1.0.4.jar:/Users/a0s0nmi/.m2/repository/io/github/resilience4j/resilience4j-spring-boot2/1.7.1/resilience4j-spring-boot2-1.7.1.jar:/Users/a0s0nmi/.m2/repository/io/vavr/vavr/0.10.2/vavr-0.10.2.jar:/Users/a0s0nmi/.m2/repository/io/vavr/vavr-match/0.10.2/vavr-match-0.10.2.jar:/Users/a0s0nmi/.m2/repository/io/github/resilience4j/resilience4j-spring/2.2.0/resilience4j-spring-2.2.0.jar:/Users/a0s0nmi/.m2/repository/io/github/resilience4j/resilience4j-annotations/2.2.0/resilience4j-annotations-2.2.0.jar:/Users/a0s0nmi/.m2/repository/io/github/resilience4j/resilience4j-consumer/2.2.0/resilience4j-consumer-2.2.0.jar:/Users/a0s0nmi/.m2/repository/io/github/resilience4j/resilience4j-core/2.2.0/resilience4j-core-2.2.0.jar:/Users/a0s0nmi/.m2/repository/io/github/resilience4j/resilience4j-circularbuffer/2.2.0/resilience4j-circularbuffer-2.2.0.jar:/Users/a0s0nmi/.m2/repository/io/github/resilience4j/resilience4j-framework-common/2.2.0/resilience4j-framework-common-2.2.0.jar:/Users/a0s0nmi/.m2/repository/org/slf4j/slf4j-api/2.0.16/slf4j-api-2.0.16.jar:/Users/a0s0nmi/.m2/repository/io/github/resilience4j/resilience4j-micrometer/2.2.0/resilience4j-micrometer-2.2.0.jar:/Users/a0s0nmi/.m2/repository/io/micrometer/micrometer-core/1.13.8/micrometer-core-1.13.8.jar:/Users/a0s0nmi/.m2/repository/org/latencyutils/LatencyUtils/2.0.3/LatencyUtils-2.0.3.jar:/Users/a0s0nmi/.m2/repository/io/github/resilience4j/resilience4j-bulkhead/2.2.0/resilience4j-bulkhead-2.2.0.jar:/Users/a0s0nmi/.m2/repository/io/github/resilience4j/resilience4j-circuitbreaker/2.2.0/resilience4j-circuitbreaker-2.2.0.jar:/Users/a0s0nmi/.m2/repository/io/github/resilience4j/resilience4j-retry/2.2.0/resilience4j-retry-2.2.0.jar:/Users/a0s0nmi/.m2/repository/io/github/resilience4j/resilience4j-ratelimiter/2.2.0/resilience4j-ratelimiter-2.2.0.jar:/Users/a0s0nmi/.m2/repository/io/github/resilience4j/resilience4j-timelimiter/2.2.0/resilience4j-timelimiter-2.2.0.jar:/Users/a0s0nmi/.m2/repository/org/springframework/boot/spring-boot-starter-actuator/3.3.6/spring-boot-starter-actuator-3.3.6.jar:/Users/a0s0nmi/.m2/repository/org/springframework/boot/spring-boot-actuator-autoconfigure/3.3.6/spring-boot-actuator-autoconfigure-3.3.6.jar:/Users/a0s0nmi/.m2/repository/org/springframework/boot/spring-boot-actuator/3.3.6/spring-boot-actuator-3.3.6.jar:/Users/a0s0nmi/.m2/repository/io/micrometer/micrometer-observation/1.13.8/micrometer-observation-1.13.8.jar:/Users/a0s0nmi/.m2/repository/io/micrometer/micrometer-commons/1.13.8/micrometer-commons-1.13.8.jar:/Users/a0s0nmi/.m2/repository/io/micrometer/micrometer-jakarta9/1.13.8/micrometer-jakarta9-1.13.8.jar:/Users/a0s0nmi/.m2/repository/org/springframework/boot/spring-boot-starter-data-mongodb/3.3.6/spring-boot-starter-data-mongodb-3.3.6.jar:/Users/a0s0nmi/.m2/repository/org/mongodb/mongodb-driver-sync/5.0.1/mongodb-driver-sync-5.0.1.jar:/Users/a0s0nmi/.m2/repository/org/mongodb/bson/5.0.1/bson-5.0.1.jar:/Users/a0s0nmi/.m2/repository/org/mongodb/mongodb-driver-core/5.0.1/mongodb-driver-core-5.0.1.jar:/Users/a0s0nmi/.m2/repository/org/mongodb/bson-record-codec/5.0.1/bson-record-codec-5.0.1.jar:/Users/a0s0nmi/.m2/repository/org/springframework/data/spring-data-mongodb/4.3.6/spring-data-mongodb-4.3.6.jar:/Users/a0s0nmi/.m2/repository/org/springframework/spring-tx/6.1.15/spring-tx-6.1.15.jar:/Users/a0s0nmi/.m2/repository/org/springframework/data/spring-data-commons/3.3.6/spring-data-commons-3.3.6.jar:/Users/a0s0nmi/.m2/repository/org/springframework/boot/spring-boot-starter-security/3.3.6/spring-boot-starter-security-3.3.6.jar:/Users/a0s0nmi/.m2/repository/org/springframework/spring-aop/6.1.15/spring-aop-6.1.15.jar:/Users/a0s0nmi/.m2/repository/org/springframework/security/spring-security-config/6.3.5/spring-security-config-6.3.5.jar:/Users/a0s0nmi/.m2/repository/org/springframework/security/spring-security-web/6.3.5/spring-security-web-6.3.5.jar:/Users/a0s0nmi/.m2/repository/org/springframework/cloud/spring-cloud-starter-netflix-eureka-client/4.1.4/spring-cloud-starter-netflix-eureka-client-4.1.4.jar:/Users/a0s0nmi/.m2/repository/org/springframework/cloud/spring-cloud-netflix-eureka-client/4.1.4/spring-cloud-netflix-eureka-client-4.1.4.jar:/Users/a0s0nmi/.m2/repository/org/apache/httpcomponents/client5/httpclient5/5.3.1/httpclient5-5.3.1.jar:/Users/a0s0nmi/.m2/repository/org/apache/httpcomponents/core5/httpcore5/5.2.5/httpcore5-5.2.5.jar:/Users/a0s0nmi/.m2/repository/org/apache/httpcomponents/core5/httpcore5-h2/5.2.5/httpcore5-h2-5.2.5.jar:/Users/a0s0nmi/.m2/repository/com/netflix/eureka/eureka-client/2.0.4/eureka-client-2.0.4.jar:/Users/a0s0nmi/.m2/repository/com/thoughtworks/xstream/xstream/1.4.20/xstream-1.4.20.jar:/Users/a0s0nmi/.m2/repository/io/github/x-stream/mxparser/1.2.2/mxparser-1.2.2.jar:/Users/a0s0nmi/.m2/repository/xmlpull/xmlpull/1.1.3.1/xmlpull-1.1.3.1.jar:/Users/a0s0nmi/.m2/repository/jakarta/ws/rs/jakarta.ws.rs-api/3.1.0/jakarta.ws.rs-api-3.1.0.jar:/Users/a0s0nmi/.m2/repository/jakarta/inject/jakarta.inject-api/2.0.1/jakarta.inject-api-2.0.1.jar:/Users/a0s0nmi/.m2/repository/com/netflix/spectator/spectator-api/1.7.3/spectator-api-1.7.3.jar:/Users/a0s0nmi/.m2/repository/org/apache/httpcomponents/httpclient/4.5.3/httpclient-4.5.3.jar:/Users/a0s0nmi/.m2/repository/org/apache/httpcomponents/httpcore/4.4.16/httpcore-4.4.16.jar:/Users/a0s0nmi/.m2/repository/commons-codec/commons-codec/1.16.1/commons-codec-1.16.1.jar:/Users/a0s0nmi/.m2/repository/com/netflix/netflix-commons/netflix-eventbus/0.3.0/netflix-eventbus-0.3.0.jar:/Users/a0s0nmi/.m2/repository/com/netflix/netflix-commons/netflix-infix/0.3.0/netflix-infix-0.3.0.jar:/Users/a0s0nmi/.m2/repository/commons-jxpath/commons-jxpath/1.3/commons-jxpath-1.3.jar:/Users/a0s0nmi/.m2/repository/joda-time/joda-time/2.3/joda-time-2.3.jar:/Users/a0s0nmi/.m2/repository/org/antlr/antlr-runtime/3.4/antlr-runtime-3.4.jar:/Users/a0s0nmi/.m2/repository/org/antlr/stringtemplate/3.2.1/stringtemplate-3.2.1.jar:/Users/a0s0nmi/.m2/repository/antlr/antlr/2.7.7/antlr-2.7.7.jar:/Users/a0s0nmi/.m2/repository/com/google/code/gson/gson/2.10.1/gson-2.10.1.jar:/Users/a0s0nmi/.m2/repository/com/netflix/servo/servo-core/0.5.3/servo-core-0.5.3.jar:/Users/a0s0nmi/.m2/repository/org/apache/commons/commons-math/2.2/commons-math-2.2.jar:/Users/a0s0nmi/.m2/repository/javax/annotation/javax.annotation-api/1.2/javax.annotation-api-1.2.jar:/Users/a0s0nmi/.m2/repository/org/codehaus/jettison/jettison/1.5.4/jettison-1.5.4.jar:/Users/a0s0nmi/.m2/repository/com/netflix/eureka/eureka-core/2.0.4/eureka-core-2.0.4.jar:/Users/a0s0nmi/.m2/repository/com/fasterxml/woodstox/woodstox-core/6.4.0/woodstox-core-6.4.0.jar:/Users/a0s0nmi/.m2/repository/org/codehaus/woodstox/stax2-api/4.2.1/stax2-api-4.2.1.jar:/Users/a0s0nmi/.m2/repository/org/springframework/cloud/spring-cloud-starter-loadbalancer/4.1.5/spring-cloud-starter-loadbalancer-4.1.5.jar:/Users/a0s0nmi/.m2/repository/org/springframework/cloud/spring-cloud-loadbalancer/4.1.5/spring-cloud-loadbalancer-4.1.5.jar:/Users/a0s0nmi/.m2/repository/io/projectreactor/addons/reactor-extra/3.5.2/reactor-extra-3.5.2.jar:/Users/a0s0nmi/.m2/repository/org/springframework/boot/spring-boot-starter-cache/3.3.6/spring-boot-starter-cache-3.3.6.jar:/Users/a0s0nmi/.m2/repository/com/stoyanr/evictor/1.0.0/evictor-1.0.0.jar:/Users/a0s0nmi/.m2/repository/io/jsonwebtoken/jjwt-api/0.11.5/jjwt-api-0.11.5.jar:/Users/a0s0nmi/.m2/repository/io/jsonwebtoken/jjwt-impl/0.11.5/jjwt-impl-0.11.5.jar:/Users/a0s0nmi/.m2/repository/io/jsonwebtoken/jjwt-jackson/0.11.5/jjwt-jackson-0.11.5.jar:/Users/a0s0nmi/.m2/repository/com/fasterxml/jackson/core/jackson-databind/2.17.3/jackson-databind-2.17.3.jar:/Users/a0s0nmi/.m2/repository/org/springframework/boot/spring-boot-starter-mail/3.3.6/spring-boot-starter-mail-3.3.6.jar:/Users/a0s0nmi/.m2/repository/org/springframework/spring-context-support/6.1.15/spring-context-support-6.1.15.jar:/Users/a0s0nmi/.m2/repository/org/eclipse/angus/jakarta.mail/2.0.3/jakarta.mail-2.0.3.jar:/Users/a0s0nmi/.m2/repository/jakarta/activation/jakarta.activation-api/2.1.3/jakarta.activation-api-2.1.3.jar:/Users/a0s0nmi/.m2/repository/org/eclipse/angus/angus-activation/2.0.2/angus-activation-2.0.2.jar:/Users/a0s0nmi/.m2/repository/org/springdoc/springdoc-openapi-starter-webmvc-ui/2.1.0/springdoc-openapi-starter-webmvc-ui-2.1.0.jar:/Users/a0s0nmi/.m2/repository/org/springdoc/springdoc-openapi-starter-webmvc-api/2.1.0/springdoc-openapi-starter-webmvc-api-2.1.0.jar:/Users/a0s0nmi/.m2/repository/org/springdoc/springdoc-openapi-starter-common/2.1.0/springdoc-openapi-starter-common-2.1.0.jar:/Users/a0s0nmi/.m2/repository/io/swagger/core/v3/swagger-core-jakarta/2.2.9/swagger-core-jakarta-2.2.9.jar:/Users/a0s0nmi/.m2/repository/io/swagger/core/v3/swagger-annotations-jakarta/2.2.9/swagger-annotations-jakarta-2.2.9.jar:/Users/a0s0nmi/.m2/repository/io/swagger/core/v3/swagger-models-jakarta/2.2.9/swagger-models-jakarta-2.2.9.jar:/Users/a0s0nmi/.m2/repository/jakarta/validation/jakarta.validation-api/3.0.2/jakarta.validation-api-3.0.2.jar:/Users/a0s0nmi/.m2/repository/com/fasterxml/jackson/dataformat/jackson-dataformat-yaml/2.17.3/jackson-dataformat-yaml-2.17.3.jar:/Users/a0s0nmi/.m2/repository/org/webjars/swagger-ui/4.18.2/swagger-ui-4.18.2.jar:/Users/a0s0nmi/.m2/repository/org/springframework/boot/spring-boot-starter-test/3.3.6/spring-boot-starter-test-3.3.6.jar:/Users/a0s0nmi/.m2/repository/org/springframework/boot/spring-boot-test/3.3.6/spring-boot-test-3.3.6.jar:/Users/a0s0nmi/.m2/repository/org/springframework/boot/spring-boot-test-autoconfigure/3.3.6/spring-boot-test-autoconfigure-3.3.6.jar:/Users/a0s0nmi/.m2/repository/com/jayway/jsonpath/json-path/2.9.0/json-path-2.9.0.jar:/Users/a0s0nmi/.m2/repository/jakarta/xml/bind/jakarta.xml.bind-api/4.0.2/jakarta.xml.bind-api-4.0.2.jar:/Users/a0s0nmi/.m2/repository/net/minidev/json-smart/2.5.1/json-smart-2.5.1.jar:/Users/a0s0nmi/.m2/repository/net/minidev/accessors-smart/2.5.1/accessors-smart-2.5.1.jar:/Users/a0s0nmi/.m2/repository/org/assertj/assertj-core/3.25.3/assertj-core-3.25.3.jar:/Users/a0s0nmi/.m2/repository/org/awaitility/awaitility/4.2.2/awaitility-4.2.2.jar:/Users/a0s0nmi/.m2/repository/org/hamcrest/hamcrest/2.2/hamcrest-2.2.jar:/Users/a0s0nmi/.m2/repository/org/junit/jupiter/junit-jupiter/5.10.5/junit-jupiter-5.10.5.jar:/Users/a0s0nmi/.m2/repository/org/junit/jupiter/junit-jupiter-params/5.10.5/junit-jupiter-params-5.10.5.jar:/Users/a0s0nmi/.m2/repository/org/mockito/mockito-junit-jupiter/5.11.0/mockito-junit-jupiter-5.11.0.jar:/Users/a0s0nmi/.m2/repository/org/skyscreamer/jsonassert/1.5.3/jsonassert-1.5.3.jar:/Users/a0s0nmi/.m2/repository/com/vaadin/external/google/android-json/0.0.20131108.vaadin1/android-json-0.0.20131108.vaadin1.jar:/Users/a0s0nmi/.m2/repository/org/springframework/spring-test/6.1.15/spring-test-6.1.15.jar:/Users/a0s0nmi/.m2/repository/org/xmlunit/xmlunit-core/2.9.1/xmlunit-core-2.9.1.jar:/Users/a0s0nmi/.m2/repository/org/springframework/security/spring-security-test/6.3.5/spring-security-test-6.3.5.jar:/Users/a0s0nmi/.m2/repository/org/springframework/security/spring-security-core/6.3.5/spring-security-core-6.3.5.jar:/Users/a0s0nmi/.m2/repository/org/springframework/security/spring-security-crypto/6.3.5/spring-security-crypto-6.3.5.jar:/Users/a0s0nmi/.m2/repository/org/mockito/mockito-core/5.11.0/mockito-core-5.11.0.jar:/Users/a0s0nmi/.m2/repository/net/bytebuddy/byte-buddy/1.14.19/byte-buddy-1.14.19.jar:/Users/a0s0nmi/.m2/repository/net/bytebuddy/byte-buddy-agent/1.14.19/byte-buddy-agent-1.14.19.jar:/Users/a0s0nmi/.m2/repository/org/objenesis/objenesis/3.3/objenesis-3.3.jar:/Users/a0s0nmi/.m2/repository/org/junit/jupiter/junit-jupiter-api/5.10.5/junit-jupiter-api-5.10.5.jar:/Users/a0s0nmi/.m2/repository/org/opentest4j/opentest4j/1.3.0/opentest4j-1.3.0.jar:/Users/a0s0nmi/.m2/repository/org/junit/platform/junit-platform-commons/1.10.5/junit-platform-commons-1.10.5.jar:/Users/a0s0nmi/.m2/repository/org/apiguardian/apiguardian-api/1.1.2/apiguardian-api-1.1.2.jar:/Users/a0s0nmi/.m2/repository/org/junit/jupiter/junit-jupiter-engine/5.10.5/junit-jupiter-engine-5.10.5.jar:/Users/a0s0nmi/.m2/repository/org/junit/platform/junit-platform-engine/1.10.5/junit-platform-engine-1.10.5.jar:/Users/a0s0nmi/.m2/repository/com/microsoft/azure/azure-storage/8.6.6/azure-storage-8.6.6.jar:/Users/a0s0nmi/.m2/repository/com/fasterxml/jackson/core/jackson-core/2.17.3/jackson-core-2.17.3.jar:/Users/a0s0nmi/.m2/repository/org/apache/commons/commons-lang3/3.14.0/commons-lang3-3.14.0.jar:/Users/a0s0nmi/.m2/repository/com/microsoft/azure/azure-keyvault-core/1.2.4/azure-keyvault-core-1.2.4.jar:/Users/a0s0nmi/.m2/repository/com/azure/azure-storage-blob/12.10.0/azure-storage-blob-12.10.0.jar:/Users/a0s0nmi/.m2/repository/com/azure/azure-core/1.12.0/azure-core-1.12.0.jar:/Users/a0s0nmi/.m2/repository/com/fasterxml/jackson/dataformat/jackson-dataformat-xml/2.17.3/jackson-dataformat-xml-2.17.3.jar:/Users/a0s0nmi/.m2/repository/io/projectreactor/reactor-core/3.6.12/reactor-core-3.6.12.jar:/Users/a0s0nmi/.m2/repository/io/netty/netty-tcnative-boringssl-static/2.0.69.Final/netty-tcnative-boringssl-static-2.0.69.Final.jar:/Users/a0s0nmi/.m2/repository/io/netty/netty-tcnative-classes/2.0.69.Final/netty-tcnative-classes-2.0.69.Final.jar:/Users/a0s0nmi/.m2/repository/io/netty/netty-tcnative-boringssl-static/2.0.69.Final/netty-tcnative-boringssl-static-2.0.69.Final-linux-x86_64.jar:/Users/a0s0nmi/.m2/repository/io/netty/netty-tcnative-boringssl-static/2.0.69.Final/netty-tcnative-boringssl-static-2.0.69.Final-linux-aarch_64.jar:/Users/a0s0nmi/.m2/repository/io/netty/netty-tcnative-boringssl-static/2.0.69.Final/netty-tcnative-boringssl-static-2.0.69.Final-osx-x86_64.jar:/Users/a0s0nmi/.m2/repository/io/netty/netty-tcnative-boringssl-static/2.0.69.Final/netty-tcnative-boringssl-static-2.0.69.Final-osx-aarch_64.jar:/Users/a0s0nmi/.m2/repository/io/netty/netty-tcnative-boringssl-static/2.0.69.Final/netty-tcnative-boringssl-static-2.0.69.Final-windows-x86_64.jar:/Users/a0s0nmi/.m2/repository/com/azure/azure-storage-common/12.10.0/azure-storage-common-12.10.0.jar:/Users/a0s0nmi/.m2/repository/com/azure/azure-core-http-netty/1.7.1/azure-core-http-netty-1.7.1.jar:/Users/a0s0nmi/.m2/repository/io/netty/netty-handler/4.1.115.Final/netty-handler-4.1.115.Final.jar:/Users/a0s0nmi/.m2/repository/io/netty/netty-common/4.1.115.Final/netty-common-4.1.115.Final.jar:/Users/a0s0nmi/.m2/repository/io/netty/netty-resolver/4.1.115.Final/netty-resolver-4.1.115.Final.jar:/Users/a0s0nmi/.m2/repository/io/netty/netty-transport/4.1.115.Final/netty-transport-4.1.115.Final.jar:/Users/a0s0nmi/.m2/repository/io/netty/netty-codec/4.1.115.Final/netty-codec-4.1.115.Final.jar:/Users/a0s0nmi/.m2/repository/io/netty/netty-handler-proxy/4.1.115.Final/netty-handler-proxy-4.1.115.Final.jar:/Users/a0s0nmi/.m2/repository/io/netty/netty-codec-socks/4.1.115.Final/netty-codec-socks-4.1.115.Final.jar:/Users/a0s0nmi/.m2/repository/io/netty/netty-buffer/4.1.115.Final/netty-buffer-4.1.115.Final.jar:/Users/a0s0nmi/.m2/repository/io/netty/netty-codec-http/4.1.115.Final/netty-codec-http-4.1.115.Final.jar:/Users/a0s0nmi/.m2/repository/io/netty/netty-codec-http2/4.1.115.Final/netty-codec-http2-4.1.115.Final.jar:/Users/a0s0nmi/.m2/repository/io/netty/netty-transport-native-unix-common/4.1.115.Final/netty-transport-native-unix-common-4.1.115.Final.jar:/Users/a0s0nmi/.m2/repository/io/netty/netty-transport-native-epoll/4.1.115.Final/netty-transport-native-epoll-4.1.115.Final-linux-x86_64.jar:/Users/a0s0nmi/.m2/repository/io/netty/netty-transport-classes-epoll/4.1.115.Final/netty-transport-classes-epoll-4.1.115.Final.jar:/Users/a0s0nmi/.m2/repository/io/netty/netty-transport-native-kqueue/4.1.115.Final/netty-transport-native-kqueue-4.1.115.Final-osx-x86_64.jar:/Users/a0s0nmi/.m2/repository/io/netty/netty-transport-classes-kqueue/4.1.115.Final/netty-transport-classes-kqueue-4.1.115.Final.jar:/Users/a0s0nmi/.m2/repository/io/projectreactor/netty/reactor-netty/1.1.24/reactor-netty-1.1.24.jar:/Users/a0s0nmi/.m2/repository/io/projectreactor/netty/reactor-netty-core/1.1.24/reactor-netty-core-1.1.24.jar:/Users/a0s0nmi/.m2/repository/io/netty/netty-resolver-dns/4.1.115.Final/netty-resolver-dns-4.1.115.Final.jar:/Users/a0s0nmi/.m2/repository/io/netty/netty-codec-dns/4.1.115.Final/netty-codec-dns-4.1.115.Final.jar:/Users/a0s0nmi/.m2/repository/io/netty/netty-resolver-dns-native-macos/4.1.115.Final/netty-resolver-dns-native-macos-4.1.115.Final-osx-x86_64.jar:/Users/a0s0nmi/.m2/repository/io/netty/netty-resolver-dns-classes-macos/4.1.115.Final/netty-resolver-dns-classes-macos-4.1.115.Final.jar:/Users/a0s0nmi/.m2/repository/io/projectreactor/netty/reactor-netty-http/1.1.24/reactor-netty-http-1.1.24.jar:/Users/a0s0nmi/.m2/repository/io/projectreactor/netty/incubator/reactor-netty-incubator-quic/0.1.24/reactor-netty-incubator-quic-0.1.24.jar:/Users/a0s0nmi/.m2/repository/io/netty/incubator/netty-incubator-codec-native-quic/0.0.68.Final/netty-incubator-codec-native-quic-0.0.68.Final-linux-x86_64.jar:/Users/a0s0nmi/.m2/repository/io/netty/incubator/netty-incubator-codec-classes-quic/0.0.68.Final/netty-incubator-codec-classes-quic-0.0.68.Final.jar:/Users/a0s0nmi/.m2/repository/com/azure/azure-storage-internal-avro/12.0.2/azure-storage-internal-avro-12.0.2.jar:/Users/a0s0nmi/.m2/repository/net/logstash/logback/logstash-logback-encoder/7.0/logstash-logback-encoder-7.0.jar:/Users/a0s0nmi/.m2/repository/org/codehaus/janino/janino/3.1.12/janino-3.1.12.jar:/Users/a0s0nmi/.m2/repository/org/codehaus/janino/commons-compiler/3.1.12/commons-compiler-3.1.12.jar:/Users/a0s0nmi/.m2/repository/org/springframework/boot/spring-boot-configuration-processor/3.3.6/spring-boot-configuration-processor-3.3.6.jar:"/>
    <property name="sun.cpu.endian" value="little"/>
    <property name="user.home" value="/Users/a0s0nmi"/>
    <property name="user.language" value="en"/>
    <property name="java.specification.vendor" value="Oracle Corporation"/>
    <property name="java.version.date" value="2024-07-16"/>
    <property name="java.home" value="/Library/Java/JavaVirtualMachines/graalvm-jdk-17.0.12+8.1/Contents/Home"/>
    <property name="file.separator" value="/"/>
    <property name="basedir" value="/Users/a0s0nmi/IdeaProjects/Apps_v3/Final_CreditCardApp"/>
    <property name="java.vm.compressedOopsMode" value="Zero based"/>
    <property name="jdk.internal.vm.ci.enabled" value="true"/>
    <property name="line.separator" value="&#10;"/>
    <property name="java.vm.specification.vendor" value="Oracle Corporation"/>
    <property name="java.specification.name" value="Java Platform API Specification"/>
    <property name="apple.awt.application.name" value="ForkedBooter"/>
    <property name="surefire.real.class.path" value="/Users/a0s0nmi/IdeaProjects/Apps_v3/Final_CreditCardApp/target/surefire/surefirebooter-20241223203630093_3.jar"/>
    <property name="sun.management.compiler" value="HotSpot 64-Bit Tiered Compilers"/>
    <property name="ftp.nonProxyHosts" value="local|*.local|169.254/16|*.169.254/16|wal-mart.com|*.wal-mart.com|wamnetNAD|*.wamnetNAD|walmart.com|*.walmart.com|wmlink|*.wmlink|walmartlabs.com|*.walmartlabs.com"/>
    <property name="java.runtime.version" value="17.0.12+8-LTS-jvmci-23.0-b41"/>
    <property name="user.name" value="a0s0nmi"/>
    <property name="path.separator" value=":"/>
    <property name="os.version" value="15.2"/>
    <property name="java.runtime.name" value="Java(TM) SE Runtime Environment"/>
    <property name="file.encoding" value="UTF-8"/>
    <property name="java.vm.name" value="Java HotSpot(TM) 64-Bit Server VM"/>
    <property name="java.vendor.version" value="Oracle GraalVM 17.0.12+8.1"/>
    <property name="localRepository" value="/Users/a0s0nmi/.m2/repository"/>
    <property name="java.vendor.url.bug" value="https://bugreport.java.com/bugreport/"/>
    <property name="java.io.tmpdir" value="/var/folders/q1/706kn5095rjgdjwq9fw4y8p00000gp/T/"/>
    <property name="java.version" value="17.0.12"/>
    <property name="user.dir" value="/Users/a0s0nmi/IdeaProjects/Apps_v3/Final_CreditCardApp"/>
    <property name="os.arch" value="x86_64"/>
    <property name="java.vm.specification.name" value="Java Virtual Machine Specification"/>
    <property name="native.encoding" value="UTF-8"/>
    <property name="java.library.path" value="/Users/a0s0nmi/Library/Java/Extensions:/Library/Java/Extensions:/Network/Library/Java/Extensions:/System/Library/Java/Extensions:/usr/lib/java:."/>
    <property name="java.vm.info" value="mixed mode, sharing"/>
    <property name="java.vendor" value="Oracle Corporation"/>
    <property name="java.vm.version" value="17.0.12+8-LTS-jvmci-23.0-b41"/>
    <property name="sun.io.unicode.encoding" value="UnicodeBig"/>
    <property name="socksNonProxyHosts" value="local|*.local|169.254/16|*.169.254/16|wal-mart.com|*.wal-mart.com|wamnetNAD|*.wamnetNAD|walmart.com|*.walmart.com|wmlink|*.wmlink|walmartlabs.com|*.walmartlabs.com"/>
    <property name="java.class.version" value="61.0"/>
  </properties>
  <testcase name="addCreditCard_ValidInputs_ShouldAddCreditCard" classname="com.ascendpgp.creditcard.service.CreditCardServiceTest" time="2.609">
    <error message="Failed to encrypt sensitive data." type="java.lang.RuntimeException"><![CDATA[java.lang.RuntimeException: Failed to encrypt sensitive data.
	at com.ascendpgp.creditcard.service.CreditCardService.addCreditCard(CreditCardService.java:74)
	at com.ascendpgp.creditcard.service.CreditCardServiceTest.addCreditCard_ValidInputs_ShouldAddCreditCard(CreditCardServiceTest.java:62)
	at java.base/java.lang.reflect.Method.invoke(Method.java:568)
	at java.base/java.util.ArrayList.forEach(ArrayList.java:1511)
	at java.base/java.util.ArrayList.forEach(ArrayList.java:1511)
]]></error>
    <system-out><![CDATA[20:36:33,318 |-INFO in ch.qos.logback.classic.LoggerContext[default] - This is logback-classic version 1.5.12
20:36:33,326 |-INFO in ch.qos.logback.classic.util.ContextInitializer@5f80fa43 - Here is a list of configurators discovered as a service, by rank: 
20:36:33,327 |-INFO in ch.qos.logback.classic.util.ContextInitializer@5f80fa43 -   org.springframework.boot.logging.logback.RootLogLevelConfigurator
20:36:33,327 |-INFO in ch.qos.logback.classic.util.ContextInitializer@5f80fa43 - They will be invoked in order until ExecutionStatus.DO_NOT_INVOKE_NEXT_IF_ANY is returned.
20:36:33,327 |-INFO in ch.qos.logback.classic.util.ContextInitializer@5f80fa43 - Constructed configurator of type class org.springframework.boot.logging.logback.RootLogLevelConfigurator
20:36:33,370 |-INFO in ch.qos.logback.classic.util.ContextInitializer@5f80fa43 - org.springframework.boot.logging.logback.RootLogLevelConfigurator.configure() call lasted 0 milliseconds. ExecutionStatus=INVOKE_NEXT_IF_ANY
20:36:33,370 |-INFO in ch.qos.logback.classic.util.ContextInitializer@5f80fa43 - Trying to configure with ch.qos.logback.classic.joran.SerializedModelConfigurator
20:36:33,372 |-INFO in ch.qos.logback.classic.util.ContextInitializer@5f80fa43 - Constructed configurator of type class ch.qos.logback.classic.joran.SerializedModelConfigurator
20:36:33,382 |-INFO in ch.qos.logback.classic.LoggerContext[default] - Could NOT find resource [logback-test.scmo]
20:36:33,383 |-INFO in ch.qos.logback.classic.LoggerContext[default] - Could NOT find resource [logback.scmo]
20:36:33,383 |-INFO in ch.qos.logback.classic.util.ContextInitializer@5f80fa43 - ch.qos.logback.classic.joran.SerializedModelConfigurator.configure() call lasted 11 milliseconds. ExecutionStatus=INVOKE_NEXT_IF_ANY
20:36:33,383 |-INFO in ch.qos.logback.classic.util.ContextInitializer@5f80fa43 - Trying to configure with ch.qos.logback.classic.util.DefaultJoranConfigurator
20:36:33,384 |-INFO in ch.qos.logback.classic.util.ContextInitializer@5f80fa43 - Constructed configurator of type class ch.qos.logback.classic.util.DefaultJoranConfigurator
20:36:33,385 |-INFO in ch.qos.logback.classic.LoggerContext[default] - Could NOT find resource [logback-test.xml]
20:36:33,390 |-INFO in ch.qos.logback.classic.LoggerContext[default] - Found resource [logback.xml] at [file:/Users/a0s0nmi/IdeaProjects/Apps_v3/Final_CreditCardApp/target/classes/logback.xml]
20:36:33,552 |-INFO in ch.qos.logback.core.model.processor.ModelInterpretationContext@159a48a6 - value "CreditCardApp" substituted for "${spring.application.name:-CreditCardApp}"
20:36:33,555 |-INFO in ch.qos.logback.core.model.processor.AppenderModelHandler - Processing appender named [CONSOLE]
20:36:33,555 |-INFO in ch.qos.logback.core.model.processor.AppenderModelHandler - About to instantiate appender of type [ch.qos.logback.core.ConsoleAppender]
20:36:33,561 |-INFO in ch.qos.logback.core.model.processor.ImplicitModelHandler - Assuming default type [ch.qos.logback.classic.encoder.PatternLayoutEncoder] for [encoder] property
20:36:33,570 |-INFO in ch.qos.logback.core.model.processor.AppenderModelHandler - Processing appender named [FILE]
20:36:33,570 |-INFO in ch.qos.logback.core.model.processor.AppenderModelHandler - About to instantiate appender of type [ch.qos.logback.core.rolling.RollingFileAppender]
20:36:33,574 |-INFO in ch.qos.logback.core.model.processor.ModelInterpretationContext@159a48a6 - value "/Users/a0s0nmi/IdeaProjects/Apps_v3/Logs/CreditCardLogs/application.%d{yyyy-MM-dd}.log" substituted for "${LOG_FILE_PATH}/application.%d{yyyy-MM-dd}.log"
20:36:33,577 |-INFO in ch.qos.logback.core.model.processor.ModelInterpretationContext@159a48a6 - value "/Users/a0s0nmi/IdeaProjects/Apps_v3/Logs/CreditCardLogs/application.%d{yyyy-MM-dd}.log" substituted for "${LOG_FILE_PATH}/application.%d{yyyy-MM-dd}.log"
20:36:33,579 |-INFO in c.q.l.core.rolling.TimeBasedRollingPolicy@648214521 - No compression will be used
20:36:33,586 |-INFO in c.q.l.core.rolling.TimeBasedRollingPolicy@648214521 - Will use the pattern /Users/a0s0nmi/IdeaProjects/Apps_v3/Logs/CreditCardLogs/application.%d{yyyy-MM-dd}.log for the active file
20:36:33,628 |-INFO in c.q.l.core.rolling.DefaultTimeBasedFileNamingAndTriggeringPolicy - The date pattern is 'yyyy-MM-dd' from file name pattern '/Users/a0s0nmi/IdeaProjects/Apps_v3/Logs/CreditCardLogs/application.%d{yyyy-MM-dd}.log'.
20:36:33,629 |-INFO in c.q.l.core.rolling.DefaultTimeBasedFileNamingAndTriggeringPolicy - Roll-over at midnight.
20:36:33,640 |-INFO in c.q.l.core.rolling.DefaultTimeBasedFileNamingAndTriggeringPolicy - Setting initial period to 2024-12-23T14:40:03.304Z
20:36:33,644 |-INFO in ch.qos.logback.core.model.processor.ImplicitModelHandler - Assuming default type [ch.qos.logback.classic.encoder.PatternLayoutEncoder] for [encoder] property
20:36:33,650 |-INFO in ch.qos.logback.core.rolling.RollingFileAppender[FILE] - Active log file name: /Users/a0s0nmi/IdeaProjects/Apps_v3/Logs/CreditCardLogs/application.%d{yyyy-MM-dd}.log
20:36:33,651 |-INFO in ch.qos.logback.core.rolling.RollingFileAppender[FILE] - File property is set to [/Users/a0s0nmi/IdeaProjects/Apps_v3/Logs/CreditCardLogs/application.%d{yyyy-MM-dd}.log]
20:36:33,653 |-INFO in ch.qos.logback.classic.model.processor.LoggerModelHandler - Setting level of logger [org.springframework] to INFO
20:36:33,653 |-INFO in ch.qos.logback.classic.model.processor.LoggerModelHandler - Setting level of logger [com.ascendpgp.creditcard] to DEBUG
20:36:33,653 |-INFO in ch.qos.logback.classic.model.processor.RootLoggerModelHandler - Setting level of ROOT logger to INFO
20:36:33,653 |-INFO in ch.qos.logback.core.model.processor.AppenderRefModelHandler - Attaching appender named [CONSOLE] to Logger[ROOT]
20:36:33,653 |-INFO in ch.qos.logback.core.model.processor.AppenderRefModelHandler - Attaching appender named [FILE] to Logger[ROOT]
20:36:33,654 |-INFO in ch.qos.logback.core.model.processor.DefaultProcessor@35fb22a9 - End of configuration.
20:36:33,654 |-INFO in ch.qos.logback.classic.joran.JoranConfigurator@3cae7b8b - Registering current configuration as safe fallback point
20:36:33,654 |-INFO in ch.qos.logback.classic.util.ContextInitializer@5f80fa43 - ch.qos.logback.classic.util.DefaultJoranConfigurator.configure() call lasted 270 milliseconds. ExecutionStatus=DO_NOT_INVOKE_NEXT_IF_ANY
2024-12-23 20:36:33 INFO  [main] [null] c.a.c.service.CreditCardService - Adding a new credit card for user: testuser
2024-12-23 20:36:33 ERROR [main] [null] c.a.c.service.CreditCardService - Error encrypting sensitive information for user: testuser
java.lang.NullPointerException: Cannot invoke "String.hashCode()" because "encryptedCvv" is null
	at com.ascendpgp.creditcard.service.CreditCardService.addCreditCard(CreditCardService.java:71)
	at com.ascendpgp.creditcard.service.CreditCardServiceTest.addCreditCard_ValidInputs_ShouldAddCreditCard(CreditCardServiceTest.java:62)
	at java.base/jdk.internal.reflect.NativeMethodAccessorImpl.invoke0(Native Method)
	at java.base/jdk.internal.reflect.NativeMethodAccessorImpl.invoke(NativeMethodAccessorImpl.java:77)
	at java.base/jdk.internal.reflect.DelegatingMethodAccessorImpl.invoke(DelegatingMethodAccessorImpl.java:43)
	at java.base/java.lang.reflect.Method.invoke(Method.java:568)
	at org.junit.platform.commons.util.ReflectionUtils.invokeMethod(ReflectionUtils.java:728)
	at org.junit.jupiter.engine.execution.MethodInvocation.proceed(MethodInvocation.java:60)
	at org.junit.jupiter.engine.execution.InvocationInterceptorChain$ValidatingInvocation.proceed(InvocationInterceptorChain.java:131)
	at org.junit.jupiter.engine.extension.TimeoutExtension.intercept(TimeoutExtension.java:156)
	at org.junit.jupiter.engine.extension.TimeoutExtension.interceptTestableMethod(TimeoutExtension.java:147)
	at org.junit.jupiter.engine.extension.TimeoutExtension.interceptTestMethod(TimeoutExtension.java:86)
	at org.junit.jupiter.engine.execution.InterceptingExecutableInvoker$ReflectiveInterceptorCall.lambda$ofVoidMethod$0(InterceptingExecutableInvoker.java:103)
	at org.junit.jupiter.engine.execution.InterceptingExecutableInvoker.lambda$invoke$0(InterceptingExecutableInvoker.java:93)
	at org.junit.jupiter.engine.execution.InvocationInterceptorChain$InterceptedInvocation.proceed(InvocationInterceptorChain.java:106)
	at org.junit.jupiter.engine.execution.InvocationInterceptorChain.proceed(InvocationInterceptorChain.java:64)
	at org.junit.jupiter.engine.execution.InvocationInterceptorChain.chainAndInvoke(InvocationInterceptorChain.java:45)
	at org.junit.jupiter.engine.execution.InvocationInterceptorChain.invoke(InvocationInterceptorChain.java:37)
	at org.junit.jupiter.engine.execution.InterceptingExecutableInvoker.invoke(InterceptingExecutableInvoker.java:92)
	at org.junit.jupiter.engine.execution.InterceptingExecutableInvoker.invoke(InterceptingExecutableInvoker.java:86)
	at org.junit.jupiter.engine.descriptor.TestMethodTestDescriptor.lambda$invokeTestMethod$7(TestMethodTestDescriptor.java:218)
	at org.junit.platform.engine.support.hierarchical.ThrowableCollector.execute(ThrowableCollector.java:73)
	at org.junit.jupiter.engine.descriptor.TestMethodTestDescriptor.invokeTestMethod(TestMethodTestDescriptor.java:214)
	at org.junit.jupiter.engine.descriptor.TestMethodTestDescriptor.execute(TestMethodTestDescriptor.java:139)
	at org.junit.jupiter.engine.descriptor.TestMethodTestDescriptor.execute(TestMethodTestDescriptor.java:69)
	at org.junit.platform.engine.support.hierarchical.NodeTestTask.lambda$executeRecursively$6(NodeTestTask.java:156)
	at org.junit.platform.engine.support.hierarchical.ThrowableCollector.execute(ThrowableCollector.java:73)
	at org.junit.platform.engine.support.hierarchical.NodeTestTask.lambda$executeRecursively$8(NodeTestTask.java:146)
	at org.junit.platform.engine.support.hierarchical.Node.around(Node.java:137)
	at org.junit.platform.engine.support.hierarchical.NodeTestTask.lambda$executeRecursively$9(NodeTestTask.java:144)
	at org.junit.platform.engine.support.hierarchical.ThrowableCollector.execute(ThrowableCollector.java:73)
	at org.junit.platform.engine.support.hierarchical.NodeTestTask.executeRecursively(NodeTestTask.java:143)
	at org.junit.platform.engine.support.hierarchical.NodeTestTask.execute(NodeTestTask.java:100)
	at java.base/java.util.ArrayList.forEach(ArrayList.java:1511)
	at org.junit.platform.engine.support.hierarchical.SameThreadHierarchicalTestExecutorService.invokeAll(SameThreadHierarchicalTestExecutorService.java:41)
	at org.junit.platform.engine.support.hierarchical.NodeTestTask.lambda$executeRecursively$6(NodeTestTask.java:160)
	at org.junit.platform.engine.support.hierarchical.ThrowableCollector.execute(ThrowableCollector.java:73)
	at org.junit.platform.engine.support.hierarchical.NodeTestTask.lambda$executeRecursively$8(NodeTestTask.java:146)
	at org.junit.platform.engine.support.hierarchical.Node.around(Node.java:137)
	at org.junit.platform.engine.support.hierarchical.NodeTestTask.lambda$executeRecursively$9(NodeTestTask.java:144)
	at org.junit.platform.engine.support.hierarchical.ThrowableCollector.execute(ThrowableCollector.java:73)
	at org.junit.platform.engine.support.hierarchical.NodeTestTask.executeRecursively(NodeTestTask.java:143)
	at org.junit.platform.engine.support.hierarchical.NodeTestTask.execute(NodeTestTask.java:100)
	at java.base/java.util.ArrayList.forEach(ArrayList.java:1511)
	at org.junit.platform.engine.support.hierarchical.SameThreadHierarchicalTestExecutorService.invokeAll(SameThreadHierarchicalTestExecutorService.java:41)
	at org.junit.platform.engine.support.hierarchical.NodeTestTask.lambda$executeRecursively$6(NodeTestTask.java:160)
	at org.junit.platform.engine.support.hierarchical.ThrowableCollector.execute(ThrowableCollector.java:73)
	at org.junit.platform.engine.support.hierarchical.NodeTestTask.lambda$executeRecursively$8(NodeTestTask.java:146)
	at org.junit.platform.engine.support.hierarchical.Node.around(Node.java:137)
	at org.junit.platform.engine.support.hierarchical.NodeTestTask.lambda$executeRecursively$9(NodeTestTask.java:144)
	at org.junit.platform.engine.support.hierarchical.ThrowableCollector.execute(ThrowableCollector.java:73)
	at org.junit.platform.engine.support.hierarchical.NodeTestTask.executeRecursively(NodeTestTask.java:143)
	at org.junit.platform.engine.support.hierarchical.NodeTestTask.execute(NodeTestTask.java:100)
	at org.junit.platform.engine.support.hierarchical.SameThreadHierarchicalTestExecutorService.submit(SameThreadHierarchicalTestExecutorService.java:35)
	at org.junit.platform.engine.support.hierarchical.HierarchicalTestExecutor.execute(HierarchicalTestExecutor.java:57)
	at org.junit.platform.engine.support.hierarchical.HierarchicalTestEngine.execute(HierarchicalTestEngine.java:54)
	at org.junit.platform.launcher.core.EngineExecutionOrchestrator.execute(EngineExecutionOrchestrator.java:198)
	at org.junit.platform.launcher.core.EngineExecutionOrchestrator.execute(EngineExecutionOrchestrator.java:169)
	at org.junit.platform.launcher.core.EngineExecutionOrchestrator.execute(EngineExecutionOrchestrator.java:93)
	at org.junit.platform.launcher.core.EngineExecutionOrchestrator.lambda$execute$0(EngineExecutionOrchestrator.java:58)
	at org.junit.platform.launcher.core.EngineExecutionOrchestrator.withInterceptedStreams(EngineExecutionOrchestrator.java:141)
	at org.junit.platform.launcher.core.EngineExecutionOrchestrator.execute(EngineExecutionOrchestrator.java:57)
	at org.junit.platform.launcher.core.DefaultLauncher.execute(DefaultLauncher.java:103)
	at org.junit.platform.launcher.core.DefaultLauncher.execute(DefaultLauncher.java:85)
	at org.junit.platform.launcher.core.DelegatingLauncher.execute(DelegatingLauncher.java:47)
	at org.apache.maven.surefire.junitplatform.LazyLauncher.execute(LazyLauncher.java:56)
	at org.apache.maven.surefire.junitplatform.JUnitPlatformProvider.execute(JUnitPlatformProvider.java:184)
	at org.apache.maven.surefire.junitplatform.JUnitPlatformProvider.invokeAllTests(JUnitPlatformProvider.java:148)
	at org.apache.maven.surefire.junitplatform.JUnitPlatformProvider.invoke(JUnitPlatformProvider.java:122)
	at org.apache.maven.surefire.booter.ForkedBooter.runSuitesInProcess(ForkedBooter.java:385)
	at org.apache.maven.surefire.booter.ForkedBooter.execute(ForkedBooter.java:162)
	at org.apache.maven.surefire.booter.ForkedBooter.run(ForkedBooter.java:507)
	at org.apache.maven.surefire.booter.ForkedBooter.main(ForkedBooter.java:495)
]]></system-out>
  </testcase>
  <testcase name="addCreditCard_Fallback_ShouldTriggerFallback" classname="com.ascendpgp.creditcard.service.CreditCardServiceTest" time="0.03">
    <error message="Cannot invoke &quot;java.lang.Integer.intValue()&quot; because &quot;expiryMonth&quot; is null" type="java.lang.NullPointerException"><![CDATA[java.lang.NullPointerException: Cannot invoke "java.lang.Integer.intValue()" because "expiryMonth" is null
	at com.ascendpgp.creditcard.service.CreditCardService.validateExpiryDate(CreditCardService.java:275)
	at com.ascendpgp.creditcard.service.CreditCardService.addCreditCard(CreditCardService.java:61)
	at com.ascendpgp.creditcard.service.CreditCardServiceTest.addCreditCard_Fallback_ShouldTriggerFallback(CreditCardServiceTest.java:77)
	at java.base/java.lang.reflect.Method.invoke(Method.java:568)
	at java.base/java.util.ArrayList.forEach(ArrayList.java:1511)
	at java.base/java.util.ArrayList.forEach(ArrayList.java:1511)
]]></error>
    <system-out><![CDATA[2024-12-23 20:36:33 INFO  [main] [null] c.a.c.service.CreditCardService - Adding a new credit card for user: testuser
]]></system-out>
  </testcase>
  <testcase name="getActiveCreditCards_Fallback_ShouldTriggerFallback" classname="com.ascendpgp.creditcard.service.CreditCardServiceTest" time="0.028">
    <failure message="&#10;Wanted but not invoked:&#10;fallbackService.getActiveCreditCardsFallback(&#10;    &quot;testuser&quot;,&#10;    &lt;any java.lang.Throwable&gt;&#10;);&#10;-&gt; at com.ascendpgp.creditcard.service.FallbackService.getActiveCreditCardsFallback(FallbackService.java:52)&#10;Actually, there were zero interactions with this mock.&#10;" type="Wanted but not invoked"><![CDATA[Wanted but not invoked:
fallbackService.getActiveCreditCardsFallback(
    "testuser",
    <any java.lang.Throwable>
);
-> at com.ascendpgp.creditcard.service.FallbackService.getActiveCreditCardsFallback(FallbackService.java:52)
Actually, there were zero interactions with this mock.

	at com.ascendpgp.creditcard.service.FallbackService.getActiveCreditCardsFallback(FallbackService.java:52)
	at com.ascendpgp.creditcard.service.CreditCardServiceTest.getActiveCreditCards_Fallback_ShouldTriggerFallback(CreditCardServiceTest.java:111)
	at java.base/java.lang.reflect.Method.invoke(Method.java:568)
	at java.base/java.util.ArrayList.forEach(ArrayList.java:1511)
	at java.base/java.util.ArrayList.forEach(ArrayList.java:1511)
]]></failure>
    <system-out><![CDATA[2024-12-23 20:36:33 INFO  [main] [null] c.a.c.service.CreditCardService - Fetching active credit cards for user: testuser
2024-12-23 20:36:33 INFO  [main] [null] c.a.c.service.CreditCardService - No active credit cards found for user: testuser
]]></system-out>
  </testcase>
  <testcase name="softDeleteCreditCard_Fallback_ShouldTriggerFallback" classname="com.ascendpgp.creditcard.service.CreditCardServiceTest" time="0.014">
    <error message="Failed to soft-delete credit card." type="java.lang.RuntimeException"><![CDATA[java.lang.RuntimeException: Failed to soft-delete credit card.
	at com.ascendpgp.creditcard.service.CreditCardService.softDeleteCreditCard(CreditCardService.java:140)
	at com.ascendpgp.creditcard.service.CreditCardServiceTest.softDeleteCreditCard_Fallback_ShouldTriggerFallback(CreditCardServiceTest.java:183)
	at java.base/java.lang.reflect.Method.invoke(Method.java:568)
	at java.base/java.util.ArrayList.forEach(ArrayList.java:1511)
	at java.base/java.util.ArrayList.forEach(ArrayList.java:1511)
Caused by: java.lang.RuntimeException: Credit card not found.
	at com.ascendpgp.creditcard.service.CreditCardService.softDeleteCreditCard(CreditCardService.java:125)
	... 4 more
]]></error>
    <system-out><![CDATA[2024-12-23 20:36:33 INFO  [main] [null] c.a.c.service.CreditCardService - Soft deleting credit card for user: testuser, card number: invalid
2024-12-23 20:36:33 ERROR [main] [null] c.a.c.service.CreditCardService - No matching card found for card number: invalid and user: testuser
2024-12-23 20:36:33 ERROR [main] [null] c.a.c.service.CreditCardService - Error soft-deleting credit card for user: testuser, card number: invalid
java.lang.RuntimeException: Credit card not found.
	at com.ascendpgp.creditcard.service.CreditCardService.softDeleteCreditCard(CreditCardService.java:125)
	at com.ascendpgp.creditcard.service.CreditCardServiceTest.softDeleteCreditCard_Fallback_ShouldTriggerFallback(CreditCardServiceTest.java:183)
	at java.base/jdk.internal.reflect.NativeMethodAccessorImpl.invoke0(Native Method)
	at java.base/jdk.internal.reflect.NativeMethodAccessorImpl.invoke(NativeMethodAccessorImpl.java:77)
	at java.base/jdk.internal.reflect.DelegatingMethodAccessorImpl.invoke(DelegatingMethodAccessorImpl.java:43)
	at java.base/java.lang.reflect.Method.invoke(Method.java:568)
	at org.junit.platform.commons.util.ReflectionUtils.invokeMethod(ReflectionUtils.java:728)
	at org.junit.jupiter.engine.execution.MethodInvocation.proceed(MethodInvocation.java:60)
	at org.junit.jupiter.engine.execution.InvocationInterceptorChain$ValidatingInvocation.proceed(InvocationInterceptorChain.java:131)
	at org.junit.jupiter.engine.extension.TimeoutExtension.intercept(TimeoutExtension.java:156)
	at org.junit.jupiter.engine.extension.TimeoutExtension.interceptTestableMethod(TimeoutExtension.java:147)
	at org.junit.jupiter.engine.extension.TimeoutExtension.interceptTestMethod(TimeoutExtension.java:86)
	at org.junit.jupiter.engine.execution.InterceptingExecutableInvoker$ReflectiveInterceptorCall.lambda$ofVoidMethod$0(InterceptingExecutableInvoker.java:103)
	at org.junit.jupiter.engine.execution.InterceptingExecutableInvoker.lambda$invoke$0(InterceptingExecutableInvoker.java:93)
	at org.junit.jupiter.engine.execution.InvocationInterceptorChain$InterceptedInvocation.proceed(InvocationInterceptorChain.java:106)
	at org.junit.jupiter.engine.execution.InvocationInterceptorChain.proceed(InvocationInterceptorChain.java:64)
	at org.junit.jupiter.engine.execution.InvocationInterceptorChain.chainAndInvoke(InvocationInterceptorChain.java:45)
	at org.junit.jupiter.engine.execution.InvocationInterceptorChain.invoke(InvocationInterceptorChain.java:37)
	at org.junit.jupiter.engine.execution.InterceptingExecutableInvoker.invoke(InterceptingExecutableInvoker.java:92)
	at org.junit.jupiter.engine.execution.InterceptingExecutableInvoker.invoke(InterceptingExecutableInvoker.java:86)
	at org.junit.jupiter.engine.descriptor.TestMethodTestDescriptor.lambda$invokeTestMethod$7(TestMethodTestDescriptor.java:218)
	at org.junit.platform.engine.support.hierarchical.ThrowableCollector.execute(ThrowableCollector.java:73)
	at org.junit.jupiter.engine.descriptor.TestMethodTestDescriptor.invokeTestMethod(TestMethodTestDescriptor.java:214)
	at org.junit.jupiter.engine.descriptor.TestMethodTestDescriptor.execute(TestMethodTestDescriptor.java:139)
	at org.junit.jupiter.engine.descriptor.TestMethodTestDescriptor.execute(TestMethodTestDescriptor.java:69)
	at org.junit.platform.engine.support.hierarchical.NodeTestTask.lambda$executeRecursively$6(NodeTestTask.java:156)
	at org.junit.platform.engine.support.hierarchical.ThrowableCollector.execute(ThrowableCollector.java:73)
	at org.junit.platform.engine.support.hierarchical.NodeTestTask.lambda$executeRecursively$8(NodeTestTask.java:146)
	at org.junit.platform.engine.support.hierarchical.Node.around(Node.java:137)
	at org.junit.platform.engine.support.hierarchical.NodeTestTask.lambda$executeRecursively$9(NodeTestTask.java:144)
	at org.junit.platform.engine.support.hierarchical.ThrowableCollector.execute(ThrowableCollector.java:73)
	at org.junit.platform.engine.support.hierarchical.NodeTestTask.executeRecursively(NodeTestTask.java:143)
	at org.junit.platform.engine.support.hierarchical.NodeTestTask.execute(NodeTestTask.java:100)
	at java.base/java.util.ArrayList.forEach(ArrayList.java:1511)
	at org.junit.platform.engine.support.hierarchical.SameThreadHierarchicalTestExecutorService.invokeAll(SameThreadHierarchicalTestExecutorService.java:41)
	at org.junit.platform.engine.support.hierarchical.NodeTestTask.lambda$executeRecursively$6(NodeTestTask.java:160)
	at org.junit.platform.engine.support.hierarchical.ThrowableCollector.execute(ThrowableCollector.java:73)
	at org.junit.platform.engine.support.hierarchical.NodeTestTask.lambda$executeRecursively$8(NodeTestTask.java:146)
	at org.junit.platform.engine.support.hierarchical.Node.around(Node.java:137)
	at org.junit.platform.engine.support.hierarchical.NodeTestTask.lambda$executeRecursively$9(NodeTestTask.java:144)
	at org.junit.platform.engine.support.hierarchical.ThrowableCollector.execute(ThrowableCollector.java:73)
	at org.junit.platform.engine.support.hierarchical.NodeTestTask.executeRecursively(NodeTestTask.java:143)
	at org.junit.platform.engine.support.hierarchical.NodeTestTask.execute(NodeTestTask.java:100)
	at java.base/java.util.ArrayList.forEach(ArrayList.java:1511)
	at org.junit.platform.engine.support.hierarchical.SameThreadHierarchicalTestExecutorService.invokeAll(SameThreadHierarchicalTestExecutorService.java:41)
	at org.junit.platform.engine.support.hierarchical.NodeTestTask.lambda$executeRecursively$6(NodeTestTask.java:160)
	at org.junit.platform.engine.support.hierarchical.ThrowableCollector.execute(ThrowableCollector.java:73)
	at org.junit.platform.engine.support.hierarchical.NodeTestTask.lambda$executeRecursively$8(NodeTestTask.java:146)
	at org.junit.platform.engine.support.hierarchical.Node.around(Node.java:137)
	at org.junit.platform.engine.support.hierarchical.NodeTestTask.lambda$executeRecursively$9(NodeTestTask.java:144)
	at org.junit.platform.engine.support.hierarchical.ThrowableCollector.execute(ThrowableCollector.java:73)
	at org.junit.platform.engine.support.hierarchical.NodeTestTask.executeRecursively(NodeTestTask.java:143)
	at org.junit.platform.engine.support.hierarchical.NodeTestTask.execute(NodeTestTask.java:100)
	at org.junit.platform.engine.support.hierarchical.SameThreadHierarchicalTestExecutorService.submit(SameThreadHierarchicalTestExecutorService.java:35)
	at org.junit.platform.engine.support.hierarchical.HierarchicalTestExecutor.execute(HierarchicalTestExecutor.java:57)
	at org.junit.platform.engine.support.hierarchical.HierarchicalTestEngine.execute(HierarchicalTestEngine.java:54)
	at org.junit.platform.launcher.core.EngineExecutionOrchestrator.execute(EngineExecutionOrchestrator.java:198)
	at org.junit.platform.launcher.core.EngineExecutionOrchestrator.execute(EngineExecutionOrchestrator.java:169)
	at org.junit.platform.launcher.core.EngineExecutionOrchestrator.execute(EngineExecutionOrchestrator.java:93)
	at org.junit.platform.launcher.core.EngineExecutionOrchestrator.lambda$execute$0(EngineExecutionOrchestrator.java:58)
	at org.junit.platform.launcher.core.EngineExecutionOrchestrator.withInterceptedStreams(EngineExecutionOrchestrator.java:141)
	at org.junit.platform.launcher.core.EngineExecutionOrchestrator.execute(EngineExecutionOrchestrator.java:57)
	at org.junit.platform.launcher.core.DefaultLauncher.execute(DefaultLauncher.java:103)
	at org.junit.platform.launcher.core.DefaultLauncher.execute(DefaultLauncher.java:85)
	at org.junit.platform.launcher.core.DelegatingLauncher.execute(DelegatingLauncher.java:47)
	at org.apache.maven.surefire.junitplatform.LazyLauncher.execute(LazyLauncher.java:56)
	at org.apache.maven.surefire.junitplatform.JUnitPlatformProvider.execute(JUnitPlatformProvider.java:184)
	at org.apache.maven.surefire.junitplatform.JUnitPlatformProvider.invokeAllTests(JUnitPlatformProvider.java:148)
	at org.apache.maven.surefire.junitplatform.JUnitPlatformProvider.invoke(JUnitPlatformProvider.java:122)
	at org.apache.maven.surefire.booter.ForkedBooter.runSuitesInProcess(ForkedBooter.java:385)
	at org.apache.maven.surefire.booter.ForkedBooter.execute(ForkedBooter.java:162)
	at org.apache.maven.surefire.booter.ForkedBooter.run(ForkedBooter.java:507)
	at org.apache.maven.surefire.booter.ForkedBooter.main(ForkedBooter.java:495)
]]></system-out>
  </testcase>
  <testcase name="toggleCreditCardStatus_Fallback_ShouldTriggerFallback" classname="com.ascendpgp.creditcard.service.CreditCardServiceTest" time="0.012">
    <error message="No matching credit card found for username: testuser, creditCardNumber: 4111111111111111" type="java.lang.RuntimeException"><![CDATA[java.lang.RuntimeException: No matching credit card found for username: testuser, creditCardNumber: 4111111111111111
	at com.ascendpgp.creditcard.service.CreditCardService.toggleCreditCardStatus(CreditCardService.java:180)
	at com.ascendpgp.creditcard.service.CreditCardServiceTest.toggleCreditCardStatus_Fallback_ShouldTriggerFallback(CreditCardServiceTest.java:147)
	at java.base/java.lang.reflect.Method.invoke(Method.java:568)
	at java.base/java.util.ArrayList.forEach(ArrayList.java:1511)
	at java.base/java.util.ArrayList.forEach(ArrayList.java:1511)
]]></error>
  </testcase>
  <testcase name="getActiveCreditCards_ValidUsername_ShouldReturnActiveCards" classname="com.ascendpgp.creditcard.service.CreditCardServiceTest" time="0.037">
    <system-out><![CDATA[2024-12-23 20:36:34 INFO  [main] [null] c.a.c.service.CreditCardService - Fetching active credit cards for user: testuser
2024-12-23 20:36:34 INFO  [main] [null] c.a.c.service.CreditCardService - Retrieved 1 active credit cards for user: testuser
2024-12-23 20:36:34 INFO  [main] [null] c.a.c.service.CreditCardService - Card number is not encrypted for card ID: null. Returning as-is.
]]></system-out>
  </testcase>
  <testcase name="toggleCreditCardStatus_ValidDetails_ShouldUpdateStatus" classname="com.ascendpgp.creditcard.service.CreditCardServiceTest" time="0.016">
    <error message="No matching credit card found for username: testuser, creditCardNumber: 4111111111111111" type="java.lang.RuntimeException"><![CDATA[java.lang.RuntimeException: No matching credit card found for username: testuser, creditCardNumber: 4111111111111111
	at com.ascendpgp.creditcard.service.CreditCardService.toggleCreditCardStatus(CreditCardService.java:180)
	at com.ascendpgp.creditcard.service.CreditCardServiceTest.toggleCreditCardStatus_ValidDetails_ShouldUpdateStatus(CreditCardServiceTest.java:125)
	at java.base/java.lang.reflect.Method.invoke(Method.java:568)
	at java.base/java.util.ArrayList.forEach(ArrayList.java:1511)
	at java.base/java.util.ArrayList.forEach(ArrayList.java:1511)
]]></error>
  </testcase>
  <testcase name="softDeleteCreditCard_ValidNumber_ShouldMarkAsDeleted" classname="com.ascendpgp.creditcard.service.CreditCardServiceTest" time="0.015">
    <error message="Failed to soft-delete credit card." type="java.lang.RuntimeException"><![CDATA[java.lang.RuntimeException: Failed to soft-delete credit card.
	at com.ascendpgp.creditcard.service.CreditCardService.softDeleteCreditCard(CreditCardService.java:140)
	at com.ascendpgp.creditcard.service.CreditCardServiceTest.softDeleteCreditCard_ValidNumber_ShouldMarkAsDeleted(CreditCardServiceTest.java:168)
	at java.base/java.lang.reflect.Method.invoke(Method.java:568)
	at java.base/java.util.ArrayList.forEach(ArrayList.java:1511)
	at java.base/java.util.ArrayList.forEach(ArrayList.java:1511)
Caused by: java.lang.RuntimeException: Credit card not found.
	at com.ascendpgp.creditcard.service.CreditCardService.softDeleteCreditCard(CreditCardService.java:125)
	... 4 more
]]></error>
    <system-out><![CDATA[2024-12-23 20:36:34 INFO  [main] [null] c.a.c.service.CreditCardService - Soft deleting credit card for user: testuser, card number: 4111111111111111
2024-12-23 20:36:34 ERROR [main] [null] c.a.c.service.CreditCardService - No matching card found for card number: 4111111111111111 and user: testuser
2024-12-23 20:36:34 ERROR [main] [null] c.a.c.service.CreditCardService - Error soft-deleting credit card for user: testuser, card number: 4111111111111111
java.lang.RuntimeException: Credit card not found.
	at com.ascendpgp.creditcard.service.CreditCardService.softDeleteCreditCard(CreditCardService.java:125)
	at com.ascendpgp.creditcard.service.CreditCardServiceTest.softDeleteCreditCard_ValidNumber_ShouldMarkAsDeleted(CreditCardServiceTest.java:168)
	at java.base/jdk.internal.reflect.NativeMethodAccessorImpl.invoke0(Native Method)
	at java.base/jdk.internal.reflect.NativeMethodAccessorImpl.invoke(NativeMethodAccessorImpl.java:77)
	at java.base/jdk.internal.reflect.DelegatingMethodAccessorImpl.invoke(DelegatingMethodAccessorImpl.java:43)
	at java.base/java.lang.reflect.Method.invoke(Method.java:568)
	at org.junit.platform.commons.util.ReflectionUtils.invokeMethod(ReflectionUtils.java:728)
	at org.junit.jupiter.engine.execution.MethodInvocation.proceed(MethodInvocation.java:60)
	at org.junit.jupiter.engine.execution.InvocationInterceptorChain$ValidatingInvocation.proceed(InvocationInterceptorChain.java:131)
	at org.junit.jupiter.engine.extension.TimeoutExtension.intercept(TimeoutExtension.java:156)
	at org.junit.jupiter.engine.extension.TimeoutExtension.interceptTestableMethod(TimeoutExtension.java:147)
	at org.junit.jupiter.engine.extension.TimeoutExtension.interceptTestMethod(TimeoutExtension.java:86)
	at org.junit.jupiter.engine.execution.InterceptingExecutableInvoker$ReflectiveInterceptorCall.lambda$ofVoidMethod$0(InterceptingExecutableInvoker.java:103)
	at org.junit.jupiter.engine.execution.InterceptingExecutableInvoker.lambda$invoke$0(InterceptingExecutableInvoker.java:93)
	at org.junit.jupiter.engine.execution.InvocationInterceptorChain$InterceptedInvocation.proceed(InvocationInterceptorChain.java:106)
	at org.junit.jupiter.engine.execution.InvocationInterceptorChain.proceed(InvocationInterceptorChain.java:64)
	at org.junit.jupiter.engine.execution.InvocationInterceptorChain.chainAndInvoke(InvocationInterceptorChain.java:45)
	at org.junit.jupiter.engine.execution.InvocationInterceptorChain.invoke(InvocationInterceptorChain.java:37)
	at org.junit.jupiter.engine.execution.InterceptingExecutableInvoker.invoke(InterceptingExecutableInvoker.java:92)
	at org.junit.jupiter.engine.execution.InterceptingExecutableInvoker.invoke(InterceptingExecutableInvoker.java:86)
	at org.junit.jupiter.engine.descriptor.TestMethodTestDescriptor.lambda$invokeTestMethod$7(TestMethodTestDescriptor.java:218)
	at org.junit.platform.engine.support.hierarchical.ThrowableCollector.execute(ThrowableCollector.java:73)
	at org.junit.jupiter.engine.descriptor.TestMethodTestDescriptor.invokeTestMethod(TestMethodTestDescriptor.java:214)
	at org.junit.jupiter.engine.descriptor.TestMethodTestDescriptor.execute(TestMethodTestDescriptor.java:139)
	at org.junit.jupiter.engine.descriptor.TestMethodTestDescriptor.execute(TestMethodTestDescriptor.java:69)
	at org.junit.platform.engine.support.hierarchical.NodeTestTask.lambda$executeRecursively$6(NodeTestTask.java:156)
	at org.junit.platform.engine.support.hierarchical.ThrowableCollector.execute(ThrowableCollector.java:73)
	at org.junit.platform.engine.support.hierarchical.NodeTestTask.lambda$executeRecursively$8(NodeTestTask.java:146)
	at org.junit.platform.engine.support.hierarchical.Node.around(Node.java:137)
	at org.junit.platform.engine.support.hierarchical.NodeTestTask.lambda$executeRecursively$9(NodeTestTask.java:144)
	at org.junit.platform.engine.support.hierarchical.ThrowableCollector.execute(ThrowableCollector.java:73)
	at org.junit.platform.engine.support.hierarchical.NodeTestTask.executeRecursively(NodeTestTask.java:143)
	at org.junit.platform.engine.support.hierarchical.NodeTestTask.execute(NodeTestTask.java:100)
	at java.base/java.util.ArrayList.forEach(ArrayList.java:1511)
	at org.junit.platform.engine.support.hierarchical.SameThreadHierarchicalTestExecutorService.invokeAll(SameThreadHierarchicalTestExecutorService.java:41)
	at org.junit.platform.engine.support.hierarchical.NodeTestTask.lambda$executeRecursively$6(NodeTestTask.java:160)
	at org.junit.platform.engine.support.hierarchical.ThrowableCollector.execute(ThrowableCollector.java:73)
	at org.junit.platform.engine.support.hierarchical.NodeTestTask.lambda$executeRecursively$8(NodeTestTask.java:146)
	at org.junit.platform.engine.support.hierarchical.Node.around(Node.java:137)
	at org.junit.platform.engine.support.hierarchical.NodeTestTask.lambda$executeRecursively$9(NodeTestTask.java:144)
	at org.junit.platform.engine.support.hierarchical.ThrowableCollector.execute(ThrowableCollector.java:73)
	at org.junit.platform.engine.support.hierarchical.NodeTestTask.executeRecursively(NodeTestTask.java:143)
	at org.junit.platform.engine.support.hierarchical.NodeTestTask.execute(NodeTestTask.java:100)
	at java.base/java.util.ArrayList.forEach(ArrayList.java:1511)
	at org.junit.platform.engine.support.hierarchical.SameThreadHierarchicalTestExecutorService.invokeAll(SameThreadHierarchicalTestExecutorService.java:41)
	at org.junit.platform.engine.support.hierarchical.NodeTestTask.lambda$executeRecursively$6(NodeTestTask.java:160)
	at org.junit.platform.engine.support.hierarchical.ThrowableCollector.execute(ThrowableCollector.java:73)
	at org.junit.platform.engine.support.hierarchical.NodeTestTask.lambda$executeRecursively$8(NodeTestTask.java:146)
	at org.junit.platform.engine.support.hierarchical.Node.around(Node.java:137)
	at org.junit.platform.engine.support.hierarchical.NodeTestTask.lambda$executeRecursively$9(NodeTestTask.java:144)
	at org.junit.platform.engine.support.hierarchical.ThrowableCollector.execute(ThrowableCollector.java:73)
	at org.junit.platform.engine.support.hierarchical.NodeTestTask.executeRecursively(NodeTestTask.java:143)
	at org.junit.platform.engine.support.hierarchical.NodeTestTask.execute(NodeTestTask.java:100)
	at org.junit.platform.engine.support.hierarchical.SameThreadHierarchicalTestExecutorService.submit(SameThreadHierarchicalTestExecutorService.java:35)
	at org.junit.platform.engine.support.hierarchical.HierarchicalTestExecutor.execute(HierarchicalTestExecutor.java:57)
	at org.junit.platform.engine.support.hierarchical.HierarchicalTestEngine.execute(HierarchicalTestEngine.java:54)
	at org.junit.platform.launcher.core.EngineExecutionOrchestrator.execute(EngineExecutionOrchestrator.java:198)
	at org.junit.platform.launcher.core.EngineExecutionOrchestrator.execute(EngineExecutionOrchestrator.java:169)
	at org.junit.platform.launcher.core.EngineExecutionOrchestrator.execute(EngineExecutionOrchestrator.java:93)
	at org.junit.platform.launcher.core.EngineExecutionOrchestrator.lambda$execute$0(EngineExecutionOrchestrator.java:58)
	at org.junit.platform.launcher.core.EngineExecutionOrchestrator.withInterceptedStreams(EngineExecutionOrchestrator.java:141)
	at org.junit.platform.launcher.core.EngineExecutionOrchestrator.execute(EngineExecutionOrchestrator.java:57)
	at org.junit.platform.launcher.core.DefaultLauncher.execute(DefaultLauncher.java:103)
	at org.junit.platform.launcher.core.DefaultLauncher.execute(DefaultLauncher.java:85)
	at org.junit.platform.launcher.core.DelegatingLauncher.execute(DelegatingLauncher.java:47)
	at org.apache.maven.surefire.junitplatform.LazyLauncher.execute(LazyLauncher.java:56)
	at org.apache.maven.surefire.junitplatform.JUnitPlatformProvider.execute(JUnitPlatformProvider.java:184)
	at org.apache.maven.surefire.junitplatform.JUnitPlatformProvider.invokeAllTests(JUnitPlatformProvider.java:148)
	at org.apache.maven.surefire.junitplatform.JUnitPlatformProvider.invoke(JUnitPlatformProvider.java:122)
	at org.apache.maven.surefire.booter.ForkedBooter.runSuitesInProcess(ForkedBooter.java:385)
	at org.apache.maven.surefire.booter.ForkedBooter.execute(ForkedBooter.java:162)
	at org.apache.maven.surefire.booter.ForkedBooter.run(ForkedBooter.java:507)
	at org.apache.maven.surefire.booter.ForkedBooter.main(ForkedBooter.java:495)
]]></system-out>
  </testcase>
</testsuite>