<?xml version="1.0" encoding="UTF-8"?>
<testsuite xmlns:xsi="http://www.w3.org/2001/XMLSchema-instance" xsi:noNamespaceSchemaLocation="https://maven.apache.org/surefire/maven-surefire-plugin/xsd/surefire-test-report-3.0.xsd" version="3.0" name="com.ascendpgp.customerlogin.CustomerloginApplicationTests" time="8.442" tests="1" errors="0" skipped="0" failures="0">
  <properties>
    <property name="java.specification.version" value="17"/>
    <property name="sun.jnu.encoding" value="UTF-8"/>
    <property name="java.class.path" value="/Users/a0s0nmi/IdeaProjects/Apps_v3/Final_LoginApp/target/test-classes:/Users/a0s0nmi/IdeaProjects/Apps_v3/Final_LoginApp/target/classes:/Users/a0s0nmi/.m2/repository/org/springframework/boot/spring-boot-starter-logging/3.3.6/spring-boot-starter-logging-3.3.6.jar:/Users/a0s0nmi/.m2/repository/ch/qos/logback/logback-classic/1.5.12/logback-classic-1.5.12.jar:/Users/a0s0nmi/.m2/repository/ch/qos/logback/logback-core/1.5.12/logback-core-1.5.12.jar:/Users/a0s0nmi/.m2/repository/org/apache/logging/log4j/log4j-to-slf4j/2.23.1/log4j-to-slf4j-2.23.1.jar:/Users/a0s0nmi/.m2/repository/org/apache/logging/log4j/log4j-api/2.23.1/log4j-api-2.23.1.jar:/Users/a0s0nmi/.m2/repository/org/slf4j/jul-to-slf4j/2.0.16/jul-to-slf4j-2.0.16.jar:/Users/a0s0nmi/.m2/repository/org/springframework/boot/spring-boot-starter-data-mongodb/3.3.6/spring-boot-starter-data-mongodb-3.3.6.jar:/Users/a0s0nmi/.m2/repository/org/springframework/boot/spring-boot-starter/3.3.6/spring-boot-starter-3.3.6.jar:/Users/a0s0nmi/.m2/repository/jakarta/annotation/jakarta.annotation-api/2.1.1/jakarta.annotation-api-2.1.1.jar:/Users/a0s0nmi/.m2/repository/org/yaml/snakeyaml/2.2/snakeyaml-2.2.jar:/Users/a0s0nmi/.m2/repository/org/mongodb/mongodb-driver-sync/5.0.1/mongodb-driver-sync-5.0.1.jar:/Users/a0s0nmi/.m2/repository/org/mongodb/bson/5.0.1/bson-5.0.1.jar:/Users/a0s0nmi/.m2/repository/org/mongodb/mongodb-driver-core/5.0.1/mongodb-driver-core-5.0.1.jar:/Users/a0s0nmi/.m2/repository/org/mongodb/bson-record-codec/5.0.1/bson-record-codec-5.0.1.jar:/Users/a0s0nmi/.m2/repository/org/springframework/data/spring-data-mongodb/4.3.6/spring-data-mongodb-4.3.6.jar:/Users/a0s0nmi/.m2/repository/org/springframework/spring-tx/6.1.15/spring-tx-6.1.15.jar:/Users/a0s0nmi/.m2/repository/org/springframework/spring-context/6.1.15/spring-context-6.1.15.jar:/Users/a0s0nmi/.m2/repository/org/springframework/spring-beans/6.1.15/spring-beans-6.1.15.jar:/Users/a0s0nmi/.m2/repository/org/springframework/spring-expression/6.1.15/spring-expression-6.1.15.jar:/Users/a0s0nmi/.m2/repository/org/springframework/data/spring-data-commons/3.3.6/spring-data-commons-3.3.6.jar:/Users/a0s0nmi/.m2/repository/org/springframework/boot/spring-boot-starter-mail/3.3.6/spring-boot-starter-mail-3.3.6.jar:/Users/a0s0nmi/.m2/repository/org/springframework/spring-context-support/6.1.15/spring-context-support-6.1.15.jar:/Users/a0s0nmi/.m2/repository/org/eclipse/angus/jakarta.mail/2.0.3/jakarta.mail-2.0.3.jar:/Users/a0s0nmi/.m2/repository/jakarta/activation/jakarta.activation-api/2.1.3/jakarta.activation-api-2.1.3.jar:/Users/a0s0nmi/.m2/repository/org/eclipse/angus/angus-activation/2.0.2/angus-activation-2.0.2.jar:/Users/a0s0nmi/.m2/repository/org/springframework/boot/spring-boot-starter-security/3.3.6/spring-boot-starter-security-3.3.6.jar:/Users/a0s0nmi/.m2/repository/org/springframework/spring-aop/6.1.15/spring-aop-6.1.15.jar:/Users/a0s0nmi/.m2/repository/org/springframework/security/spring-security-config/6.3.5/spring-security-config-6.3.5.jar:/Users/a0s0nmi/.m2/repository/org/springframework/security/spring-security-web/6.3.5/spring-security-web-6.3.5.jar:/Users/a0s0nmi/.m2/repository/org/springframework/boot/spring-boot-starter-web/3.3.6/spring-boot-starter-web-3.3.6.jar:/Users/a0s0nmi/.m2/repository/org/springframework/boot/spring-boot-starter-json/3.3.6/spring-boot-starter-json-3.3.6.jar:/Users/a0s0nmi/.m2/repository/com/fasterxml/jackson/datatype/jackson-datatype-jdk8/2.17.3/jackson-datatype-jdk8-2.17.3.jar:/Users/a0s0nmi/.m2/repository/com/fasterxml/jackson/datatype/jackson-datatype-jsr310/2.17.3/jackson-datatype-jsr310-2.17.3.jar:/Users/a0s0nmi/.m2/repository/com/fasterxml/jackson/module/jackson-module-parameter-names/2.17.3/jackson-module-parameter-names-2.17.3.jar:/Users/a0s0nmi/.m2/repository/org/springframework/boot/spring-boot-starter-tomcat/3.3.6/spring-boot-starter-tomcat-3.3.6.jar:/Users/a0s0nmi/.m2/repository/org/apache/tomcat/embed/tomcat-embed-core/10.1.33/tomcat-embed-core-10.1.33.jar:/Users/a0s0nmi/.m2/repository/org/apache/tomcat/embed/tomcat-embed-el/10.1.33/tomcat-embed-el-10.1.33.jar:/Users/a0s0nmi/.m2/repository/org/apache/tomcat/embed/tomcat-embed-websocket/10.1.33/tomcat-embed-websocket-10.1.33.jar:/Users/a0s0nmi/.m2/repository/org/springframework/spring-web/6.1.15/spring-web-6.1.15.jar:/Users/a0s0nmi/.m2/repository/org/springframework/spring-webmvc/6.1.15/spring-webmvc-6.1.15.jar:/Users/a0s0nmi/.m2/repository/org/springframework/cloud/spring-cloud-starter-netflix-eureka-client/4.1.4/spring-cloud-starter-netflix-eureka-client-4.1.4.jar:/Users/a0s0nmi/.m2/repository/org/springframework/cloud/spring-cloud-starter/4.1.5/spring-cloud-starter-4.1.5.jar:/Users/a0s0nmi/.m2/repository/org/springframework/cloud/spring-cloud-context/4.1.5/spring-cloud-context-4.1.5.jar:/Users/a0s0nmi/.m2/repository/org/springframework/cloud/spring-cloud-commons/4.1.5/spring-cloud-commons-4.1.5.jar:/Users/a0s0nmi/.m2/repository/org/springframework/security/spring-security-rsa/1.1.3/spring-security-rsa-1.1.3.jar:/Users/a0s0nmi/.m2/repository/org/bouncycastle/bcprov-jdk18on/1.78/bcprov-jdk18on-1.78.jar:/Users/a0s0nmi/.m2/repository/org/springframework/cloud/spring-cloud-netflix-eureka-client/4.1.4/spring-cloud-netflix-eureka-client-4.1.4.jar:/Users/a0s0nmi/.m2/repository/org/apache/httpcomponents/client5/httpclient5/5.3.1/httpclient5-5.3.1.jar:/Users/a0s0nmi/.m2/repository/org/apache/httpcomponents/core5/httpcore5/5.2.5/httpcore5-5.2.5.jar:/Users/a0s0nmi/.m2/repository/org/apache/httpcomponents/core5/httpcore5-h2/5.2.5/httpcore5-h2-5.2.5.jar:/Users/a0s0nmi/.m2/repository/com/netflix/eureka/eureka-client/2.0.4/eureka-client-2.0.4.jar:/Users/a0s0nmi/.m2/repository/com/thoughtworks/xstream/xstream/1.4.20/xstream-1.4.20.jar:/Users/a0s0nmi/.m2/repository/io/github/x-stream/mxparser/1.2.2/mxparser-1.2.2.jar:/Users/a0s0nmi/.m2/repository/xmlpull/xmlpull/1.1.3.1/xmlpull-1.1.3.1.jar:/Users/a0s0nmi/.m2/repository/jakarta/ws/rs/jakarta.ws.rs-api/3.1.0/jakarta.ws.rs-api-3.1.0.jar:/Users/a0s0nmi/.m2/repository/jakarta/inject/jakarta.inject-api/2.0.1/jakarta.inject-api-2.0.1.jar:/Users/a0s0nmi/.m2/repository/com/netflix/spectator/spectator-api/1.7.3/spectator-api-1.7.3.jar:/Users/a0s0nmi/.m2/repository/org/apache/httpcomponents/httpclient/4.5.3/httpclient-4.5.3.jar:/Users/a0s0nmi/.m2/repository/org/apache/httpcomponents/httpcore/4.4.16/httpcore-4.4.16.jar:/Users/a0s0nmi/.m2/repository/commons-codec/commons-codec/1.16.1/commons-codec-1.16.1.jar:/Users/a0s0nmi/.m2/repository/commons-configuration/commons-configuration/1.10/commons-configuration-1.10.jar:/Users/a0s0nmi/.m2/repository/commons-lang/commons-lang/2.6/commons-lang-2.6.jar:/Users/a0s0nmi/.m2/repository/com/fasterxml/jackson/core/jackson-annotations/2.17.3/jackson-annotations-2.17.3.jar:/Users/a0s0nmi/.m2/repository/com/fasterxml/jackson/core/jackson-core/2.17.3/jackson-core-2.17.3.jar:/Users/a0s0nmi/.m2/repository/com/netflix/netflix-commons/netflix-eventbus/0.3.0/netflix-eventbus-0.3.0.jar:/Users/a0s0nmi/.m2/repository/com/netflix/netflix-commons/netflix-infix/0.3.0/netflix-infix-0.3.0.jar:/Users/a0s0nmi/.m2/repository/commons-jxpath/commons-jxpath/1.3/commons-jxpath-1.3.jar:/Users/a0s0nmi/.m2/repository/joda-time/joda-time/2.3/joda-time-2.3.jar:/Users/a0s0nmi/.m2/repository/org/antlr/antlr-runtime/3.4/antlr-runtime-3.4.jar:/Users/a0s0nmi/.m2/repository/org/antlr/stringtemplate/3.2.1/stringtemplate-3.2.1.jar:/Users/a0s0nmi/.m2/repository/antlr/antlr/2.7.7/antlr-2.7.7.jar:/Users/a0s0nmi/.m2/repository/com/google/code/gson/gson/2.10.1/gson-2.10.1.jar:/Users/a0s0nmi/.m2/repository/com/netflix/servo/servo-core/0.5.3/servo-core-0.5.3.jar:/Users/a0s0nmi/.m2/repository/org/apache/commons/commons-math/2.2/commons-math-2.2.jar:/Users/a0s0nmi/.m2/repository/javax/annotation/javax.annotation-api/1.2/javax.annotation-api-1.2.jar:/Users/a0s0nmi/.m2/repository/org/codehaus/jettison/jettison/1.5.4/jettison-1.5.4.jar:/Users/a0s0nmi/.m2/repository/com/netflix/eureka/eureka-core/2.0.4/eureka-core-2.0.4.jar:/Users/a0s0nmi/.m2/repository/com/fasterxml/woodstox/woodstox-core/6.4.0/woodstox-core-6.4.0.jar:/Users/a0s0nmi/.m2/repository/org/codehaus/woodstox/stax2-api/4.2.1/stax2-api-4.2.1.jar:/Users/a0s0nmi/.m2/repository/com/google/guava/guava/33.0.0-jre/guava-33.0.0-jre.jar:/Users/a0s0nmi/.m2/repository/com/google/guava/failureaccess/1.0.2/failureaccess-1.0.2.jar:/Users/a0s0nmi/.m2/repository/com/google/guava/listenablefuture/9999.0-empty-to-avoid-conflict-with-guava/listenablefuture-9999.0-empty-to-avoid-conflict-with-guava.jar:/Users/a0s0nmi/.m2/repository/org/checkerframework/checker-qual/3.41.0/checker-qual-3.41.0.jar:/Users/a0s0nmi/.m2/repository/com/google/errorprone/error_prone_annotations/2.23.0/error_prone_annotations-2.23.0.jar:/Users/a0s0nmi/.m2/repository/com/google/j2objc/j2objc-annotations/2.8/j2objc-annotations-2.8.jar:/Users/a0s0nmi/.m2/repository/org/springframework/cloud/spring-cloud-starter-loadbalancer/4.1.5/spring-cloud-starter-loadbalancer-4.1.5.jar:/Users/a0s0nmi/.m2/repository/org/springframework/cloud/spring-cloud-loadbalancer/4.1.5/spring-cloud-loadbalancer-4.1.5.jar:/Users/a0s0nmi/.m2/repository/io/projectreactor/reactor-core/3.6.12/reactor-core-3.6.12.jar:/Users/a0s0nmi/.m2/repository/io/projectreactor/addons/reactor-extra/3.5.2/reactor-extra-3.5.2.jar:/Users/a0s0nmi/.m2/repository/org/springframework/boot/spring-boot-starter-cache/3.3.6/spring-boot-starter-cache-3.3.6.jar:/Users/a0s0nmi/.m2/repository/com/stoyanr/evictor/1.0.0/evictor-1.0.0.jar:/Users/a0s0nmi/.m2/repository/org/springdoc/springdoc-openapi-starter-webmvc-ui/2.1.0/springdoc-openapi-starter-webmvc-ui-2.1.0.jar:/Users/a0s0nmi/.m2/repository/org/springdoc/springdoc-openapi-starter-webmvc-api/2.1.0/springdoc-openapi-starter-webmvc-api-2.1.0.jar:/Users/a0s0nmi/.m2/repository/org/springdoc/springdoc-openapi-starter-common/2.1.0/springdoc-openapi-starter-common-2.1.0.jar:/Users/a0s0nmi/.m2/repository/io/swagger/core/v3/swagger-core-jakarta/2.2.9/swagger-core-jakarta-2.2.9.jar:/Users/a0s0nmi/.m2/repository/io/swagger/core/v3/swagger-annotations-jakarta/2.2.9/swagger-annotations-jakarta-2.2.9.jar:/Users/a0s0nmi/.m2/repository/io/swagger/core/v3/swagger-models-jakarta/2.2.9/swagger-models-jakarta-2.2.9.jar:/Users/a0s0nmi/.m2/repository/jakarta/validation/jakarta.validation-api/3.0.2/jakarta.validation-api-3.0.2.jar:/Users/a0s0nmi/.m2/repository/com/fasterxml/jackson/dataformat/jackson-dataformat-yaml/2.17.3/jackson-dataformat-yaml-2.17.3.jar:/Users/a0s0nmi/.m2/repository/org/webjars/swagger-ui/4.18.2/swagger-ui-4.18.2.jar:/Users/a0s0nmi/.m2/repository/org/springframework/boot/spring-boot-devtools/3.3.6/spring-boot-devtools-3.3.6.jar:/Users/a0s0nmi/.m2/repository/org/springframework/boot/spring-boot/3.3.6/spring-boot-3.3.6.jar:/Users/a0s0nmi/.m2/repository/org/springframework/boot/spring-boot-autoconfigure/3.3.6/spring-boot-autoconfigure-3.3.6.jar:/Users/a0s0nmi/.m2/repository/org/springframework/cloud/spring-cloud-starter-netflix-hystrix/2.2.10.RELEASE/spring-cloud-starter-netflix-hystrix-2.2.10.RELEASE.jar:/Users/a0s0nmi/.m2/repository/org/springframework/cloud/spring-cloud-netflix-hystrix/2.2.10.RELEASE/spring-cloud-netflix-hystrix-2.2.10.RELEASE.jar:/Users/a0s0nmi/.m2/repository/org/springframework/boot/spring-boot-starter-aop/3.3.6/spring-boot-starter-aop-3.3.6.jar:/Users/a0s0nmi/.m2/repository/org/springframework/cloud/spring-cloud-netflix-ribbon/2.2.10.RELEASE/spring-cloud-netflix-ribbon-2.2.10.RELEASE.jar:/Users/a0s0nmi/.m2/repository/org/springframework/cloud/spring-cloud-netflix-archaius/2.2.10.RELEASE/spring-cloud-netflix-archaius-2.2.10.RELEASE.jar:/Users/a0s0nmi/.m2/repository/org/springframework/cloud/spring-cloud-starter-netflix-archaius/2.2.10.RELEASE/spring-cloud-starter-netflix-archaius-2.2.10.RELEASE.jar:/Users/a0s0nmi/.m2/repository/com/netflix/archaius/archaius-core/0.7.7/archaius-core-0.7.7.jar:/Users/a0s0nmi/.m2/repository/com/google/code/findbugs/jsr305/3.0.1/jsr305-3.0.1.jar:/Users/a0s0nmi/.m2/repository/com/netflix/hystrix/hystrix-core/1.5.18/hystrix-core-1.5.18.jar:/Users/a0s0nmi/.m2/repository/io/reactivex/rxjava/1.2.0/rxjava-1.2.0.jar:/Users/a0s0nmi/.m2/repository/org/hdrhistogram/HdrHistogram/2.1.9/HdrHistogram-2.1.9.jar:/Users/a0s0nmi/.m2/repository/com/netflix/hystrix/hystrix-serialization/1.5.18/hystrix-serialization-1.5.18.jar:/Users/a0s0nmi/.m2/repository/com/fasterxml/jackson/module/jackson-module-afterburner/2.17.3/jackson-module-afterburner-2.17.3.jar:/Users/a0s0nmi/.m2/repository/com/netflix/hystrix/hystrix-metrics-event-stream/1.5.18/hystrix-metrics-event-stream-1.5.18.jar:/Users/a0s0nmi/.m2/repository/com/netflix/hystrix/hystrix-javanica/1.5.18/hystrix-javanica-1.5.18.jar:/Users/a0s0nmi/.m2/repository/org/apache/commons/commons-lang3/3.14.0/commons-lang3-3.14.0.jar:/Users/a0s0nmi/.m2/repository/org/ow2/asm/asm/5.0.4/asm-5.0.4.jar:/Users/a0s0nmi/.m2/repository/org/aspectj/aspectjweaver/1.9.22.1/aspectjweaver-1.9.22.1.jar:/Users/a0s0nmi/.m2/repository/io/reactivex/rxjava-reactive-streams/1.2.1/rxjava-reactive-streams-1.2.1.jar:/Users/a0s0nmi/.m2/repository/org/reactivestreams/reactive-streams/1.0.4/reactive-streams-1.0.4.jar:/Users/a0s0nmi/.m2/repository/io/github/resilience4j/resilience4j-spring-boot2/1.7.1/resilience4j-spring-boot2-1.7.1.jar:/Users/a0s0nmi/.m2/repository/io/vavr/vavr/0.10.2/vavr-0.10.2.jar:/Users/a0s0nmi/.m2/repository/io/vavr/vavr-match/0.10.2/vavr-match-0.10.2.jar:/Users/a0s0nmi/.m2/repository/io/github/resilience4j/resilience4j-spring/2.2.0/resilience4j-spring-2.2.0.jar:/Users/a0s0nmi/.m2/repository/io/github/resilience4j/resilience4j-annotations/2.2.0/resilience4j-annotations-2.2.0.jar:/Users/a0s0nmi/.m2/repository/io/github/resilience4j/resilience4j-consumer/2.2.0/resilience4j-consumer-2.2.0.jar:/Users/a0s0nmi/.m2/repository/io/github/resilience4j/resilience4j-core/2.2.0/resilience4j-core-2.2.0.jar:/Users/a0s0nmi/.m2/repository/io/github/resilience4j/resilience4j-circularbuffer/2.2.0/resilience4j-circularbuffer-2.2.0.jar:/Users/a0s0nmi/.m2/repository/io/github/resilience4j/resilience4j-framework-common/2.2.0/resilience4j-framework-common-2.2.0.jar:/Users/a0s0nmi/.m2/repository/org/slf4j/slf4j-api/2.0.16/slf4j-api-2.0.16.jar:/Users/a0s0nmi/.m2/repository/io/github/resilience4j/resilience4j-micrometer/2.2.0/resilience4j-micrometer-2.2.0.jar:/Users/a0s0nmi/.m2/repository/io/micrometer/micrometer-core/1.13.8/micrometer-core-1.13.8.jar:/Users/a0s0nmi/.m2/repository/org/latencyutils/LatencyUtils/2.0.3/LatencyUtils-2.0.3.jar:/Users/a0s0nmi/.m2/repository/io/github/resilience4j/resilience4j-bulkhead/2.2.0/resilience4j-bulkhead-2.2.0.jar:/Users/a0s0nmi/.m2/repository/io/github/resilience4j/resilience4j-circuitbreaker/2.2.0/resilience4j-circuitbreaker-2.2.0.jar:/Users/a0s0nmi/.m2/repository/io/github/resilience4j/resilience4j-retry/2.2.0/resilience4j-retry-2.2.0.jar:/Users/a0s0nmi/.m2/repository/io/github/resilience4j/resilience4j-ratelimiter/2.2.0/resilience4j-ratelimiter-2.2.0.jar:/Users/a0s0nmi/.m2/repository/io/github/resilience4j/resilience4j-timelimiter/2.2.0/resilience4j-timelimiter-2.2.0.jar:/Users/a0s0nmi/.m2/repository/org/springframework/boot/spring-boot-starter-actuator/3.3.6/spring-boot-starter-actuator-3.3.6.jar:/Users/a0s0nmi/.m2/repository/org/springframework/boot/spring-boot-actuator-autoconfigure/3.3.6/spring-boot-actuator-autoconfigure-3.3.6.jar:/Users/a0s0nmi/.m2/repository/org/springframework/boot/spring-boot-actuator/3.3.6/spring-boot-actuator-3.3.6.jar:/Users/a0s0nmi/.m2/repository/io/micrometer/micrometer-observation/1.13.8/micrometer-observation-1.13.8.jar:/Users/a0s0nmi/.m2/repository/io/micrometer/micrometer-commons/1.13.8/micrometer-commons-1.13.8.jar:/Users/a0s0nmi/.m2/repository/io/micrometer/micrometer-jakarta9/1.13.8/micrometer-jakarta9-1.13.8.jar:/Users/a0s0nmi/.m2/repository/io/jsonwebtoken/jjwt-api/0.11.5/jjwt-api-0.11.5.jar:/Users/a0s0nmi/.m2/repository/io/jsonwebtoken/jjwt-impl/0.11.5/jjwt-impl-0.11.5.jar:/Users/a0s0nmi/.m2/repository/io/jsonwebtoken/jjwt-jackson/0.11.5/jjwt-jackson-0.11.5.jar:/Users/a0s0nmi/.m2/repository/com/fasterxml/jackson/core/jackson-databind/2.17.3/jackson-databind-2.17.3.jar:/Users/a0s0nmi/.m2/repository/org/springframework/boot/spring-boot-starter-test/3.3.6/spring-boot-starter-test-3.3.6.jar:/Users/a0s0nmi/.m2/repository/org/springframework/boot/spring-boot-test/3.3.6/spring-boot-test-3.3.6.jar:/Users/a0s0nmi/.m2/repository/org/springframework/boot/spring-boot-test-autoconfigure/3.3.6/spring-boot-test-autoconfigure-3.3.6.jar:/Users/a0s0nmi/.m2/repository/com/jayway/jsonpath/json-path/2.9.0/json-path-2.9.0.jar:/Users/a0s0nmi/.m2/repository/jakarta/xml/bind/jakarta.xml.bind-api/4.0.2/jakarta.xml.bind-api-4.0.2.jar:/Users/a0s0nmi/.m2/repository/net/minidev/json-smart/2.5.1/json-smart-2.5.1.jar:/Users/a0s0nmi/.m2/repository/net/minidev/accessors-smart/2.5.1/accessors-smart-2.5.1.jar:/Users/a0s0nmi/.m2/repository/org/assertj/assertj-core/3.25.3/assertj-core-3.25.3.jar:/Users/a0s0nmi/.m2/repository/org/awaitility/awaitility/4.2.2/awaitility-4.2.2.jar:/Users/a0s0nmi/.m2/repository/org/hamcrest/hamcrest/2.2/hamcrest-2.2.jar:/Users/a0s0nmi/.m2/repository/org/junit/jupiter/junit-jupiter/5.10.5/junit-jupiter-5.10.5.jar:/Users/a0s0nmi/.m2/repository/org/junit/jupiter/junit-jupiter-params/5.10.5/junit-jupiter-params-5.10.5.jar:/Users/a0s0nmi/.m2/repository/org/mockito/mockito-junit-jupiter/5.11.0/mockito-junit-jupiter-5.11.0.jar:/Users/a0s0nmi/.m2/repository/org/skyscreamer/jsonassert/1.5.3/jsonassert-1.5.3.jar:/Users/a0s0nmi/.m2/repository/com/vaadin/external/google/android-json/0.0.20131108.vaadin1/android-json-0.0.20131108.vaadin1.jar:/Users/a0s0nmi/.m2/repository/org/springframework/spring-core/6.1.15/spring-core-6.1.15.jar:/Users/a0s0nmi/.m2/repository/org/springframework/spring-jcl/6.1.15/spring-jcl-6.1.15.jar:/Users/a0s0nmi/.m2/repository/org/springframework/spring-test/6.1.15/spring-test-6.1.15.jar:/Users/a0s0nmi/.m2/repository/org/xmlunit/xmlunit-core/2.9.1/xmlunit-core-2.9.1.jar:/Users/a0s0nmi/.m2/repository/org/springframework/security/spring-security-test/6.3.5/spring-security-test-6.3.5.jar:/Users/a0s0nmi/.m2/repository/org/springframework/security/spring-security-core/6.3.5/spring-security-core-6.3.5.jar:/Users/a0s0nmi/.m2/repository/org/springframework/security/spring-security-crypto/6.3.5/spring-security-crypto-6.3.5.jar:/Users/a0s0nmi/.m2/repository/org/mockito/mockito-core/5.11.0/mockito-core-5.11.0.jar:/Users/a0s0nmi/.m2/repository/net/bytebuddy/byte-buddy/1.14.19/byte-buddy-1.14.19.jar:/Users/a0s0nmi/.m2/repository/net/bytebuddy/byte-buddy-agent/1.14.19/byte-buddy-agent-1.14.19.jar:/Users/a0s0nmi/.m2/repository/org/objenesis/objenesis/3.3/objenesis-3.3.jar:/Users/a0s0nmi/.m2/repository/org/junit/jupiter/junit-jupiter-api/5.10.5/junit-jupiter-api-5.10.5.jar:/Users/a0s0nmi/.m2/repository/org/opentest4j/opentest4j/1.3.0/opentest4j-1.3.0.jar:/Users/a0s0nmi/.m2/repository/org/junit/platform/junit-platform-commons/1.10.5/junit-platform-commons-1.10.5.jar:/Users/a0s0nmi/.m2/repository/org/apiguardian/apiguardian-api/1.1.2/apiguardian-api-1.1.2.jar:/Users/a0s0nmi/.m2/repository/org/junit/jupiter/junit-jupiter-engine/5.10.5/junit-jupiter-engine-5.10.5.jar:/Users/a0s0nmi/.m2/repository/org/junit/platform/junit-platform-engine/1.10.5/junit-platform-engine-1.10.5.jar:"/>
    <property name="java.vm.vendor" value="Oracle Corporation"/>
    <property name="LOG_PATH" value="/Users/a0s0nmi/IdeaProjects/Apps_v3/Logs/LoginLogs"/>
    <property name="sun.arch.data.model" value="64"/>
    <property name="java.vendor.url" value="https://java.oracle.com/"/>
    <property name="user.timezone" value="Asia/Kolkata"/>
    <property name="os.name" value="Mac OS X"/>
    <property name="java.vm.specification.version" value="17"/>
    <property name="sun.java.launcher" value="SUN_STANDARD"/>
    <property name="user.country" value="US"/>
    <property name="sun.boot.library.path" value="/Library/Java/JavaVirtualMachines/graalvm-jdk-17.0.12+8.1/Contents/Home/lib"/>
    <property name="sun.java.command" value="/Users/a0s0nmi/IdeaProjects/Apps_v3/Final_LoginApp/target/surefire/surefirebooter-20241223203521921_3.jar /Users/a0s0nmi/IdeaProjects/Apps_v3/Final_LoginApp/target/surefire 2024-12-23T20-35-21_793-jvmRun1 surefire-20241223203521921_1tmp surefire_0-20241223203521921_2tmp"/>
    <property name="http.nonProxyHosts" value="local|*.local|169.254/16|*.169.254/16|wal-mart.com|*.wal-mart.com|wamnetNAD|*.wamnetNAD|walmart.com|*.walmart.com|wmlink|*.wmlink|walmartlabs.com|*.walmartlabs.com"/>
    <property name="jdk.debug" value="release"/>
    <property name="surefire.test.class.path" value="/Users/a0s0nmi/IdeaProjects/Apps_v3/Final_LoginApp/target/test-classes:/Users/a0s0nmi/IdeaProjects/Apps_v3/Final_LoginApp/target/classes:/Users/a0s0nmi/.m2/repository/org/springframework/boot/spring-boot-starter-logging/3.3.6/spring-boot-starter-logging-3.3.6.jar:/Users/a0s0nmi/.m2/repository/ch/qos/logback/logback-classic/1.5.12/logback-classic-1.5.12.jar:/Users/a0s0nmi/.m2/repository/ch/qos/logback/logback-core/1.5.12/logback-core-1.5.12.jar:/Users/a0s0nmi/.m2/repository/org/apache/logging/log4j/log4j-to-slf4j/2.23.1/log4j-to-slf4j-2.23.1.jar:/Users/a0s0nmi/.m2/repository/org/apache/logging/log4j/log4j-api/2.23.1/log4j-api-2.23.1.jar:/Users/a0s0nmi/.m2/repository/org/slf4j/jul-to-slf4j/2.0.16/jul-to-slf4j-2.0.16.jar:/Users/a0s0nmi/.m2/repository/org/springframework/boot/spring-boot-starter-data-mongodb/3.3.6/spring-boot-starter-data-mongodb-3.3.6.jar:/Users/a0s0nmi/.m2/repository/org/springframework/boot/spring-boot-starter/3.3.6/spring-boot-starter-3.3.6.jar:/Users/a0s0nmi/.m2/repository/jakarta/annotation/jakarta.annotation-api/2.1.1/jakarta.annotation-api-2.1.1.jar:/Users/a0s0nmi/.m2/repository/org/yaml/snakeyaml/2.2/snakeyaml-2.2.jar:/Users/a0s0nmi/.m2/repository/org/mongodb/mongodb-driver-sync/5.0.1/mongodb-driver-sync-5.0.1.jar:/Users/a0s0nmi/.m2/repository/org/mongodb/bson/5.0.1/bson-5.0.1.jar:/Users/a0s0nmi/.m2/repository/org/mongodb/mongodb-driver-core/5.0.1/mongodb-driver-core-5.0.1.jar:/Users/a0s0nmi/.m2/repository/org/mongodb/bson-record-codec/5.0.1/bson-record-codec-5.0.1.jar:/Users/a0s0nmi/.m2/repository/org/springframework/data/spring-data-mongodb/4.3.6/spring-data-mongodb-4.3.6.jar:/Users/a0s0nmi/.m2/repository/org/springframework/spring-tx/6.1.15/spring-tx-6.1.15.jar:/Users/a0s0nmi/.m2/repository/org/springframework/spring-context/6.1.15/spring-context-6.1.15.jar:/Users/a0s0nmi/.m2/repository/org/springframework/spring-beans/6.1.15/spring-beans-6.1.15.jar:/Users/a0s0nmi/.m2/repository/org/springframework/spring-expression/6.1.15/spring-expression-6.1.15.jar:/Users/a0s0nmi/.m2/repository/org/springframework/data/spring-data-commons/3.3.6/spring-data-commons-3.3.6.jar:/Users/a0s0nmi/.m2/repository/org/springframework/boot/spring-boot-starter-mail/3.3.6/spring-boot-starter-mail-3.3.6.jar:/Users/a0s0nmi/.m2/repository/org/springframework/spring-context-support/6.1.15/spring-context-support-6.1.15.jar:/Users/a0s0nmi/.m2/repository/org/eclipse/angus/jakarta.mail/2.0.3/jakarta.mail-2.0.3.jar:/Users/a0s0nmi/.m2/repository/jakarta/activation/jakarta.activation-api/2.1.3/jakarta.activation-api-2.1.3.jar:/Users/a0s0nmi/.m2/repository/org/eclipse/angus/angus-activation/2.0.2/angus-activation-2.0.2.jar:/Users/a0s0nmi/.m2/repository/org/springframework/boot/spring-boot-starter-security/3.3.6/spring-boot-starter-security-3.3.6.jar:/Users/a0s0nmi/.m2/repository/org/springframework/spring-aop/6.1.15/spring-aop-6.1.15.jar:/Users/a0s0nmi/.m2/repository/org/springframework/security/spring-security-config/6.3.5/spring-security-config-6.3.5.jar:/Users/a0s0nmi/.m2/repository/org/springframework/security/spring-security-web/6.3.5/spring-security-web-6.3.5.jar:/Users/a0s0nmi/.m2/repository/org/springframework/boot/spring-boot-starter-web/3.3.6/spring-boot-starter-web-3.3.6.jar:/Users/a0s0nmi/.m2/repository/org/springframework/boot/spring-boot-starter-json/3.3.6/spring-boot-starter-json-3.3.6.jar:/Users/a0s0nmi/.m2/repository/com/fasterxml/jackson/datatype/jackson-datatype-jdk8/2.17.3/jackson-datatype-jdk8-2.17.3.jar:/Users/a0s0nmi/.m2/repository/com/fasterxml/jackson/datatype/jackson-datatype-jsr310/2.17.3/jackson-datatype-jsr310-2.17.3.jar:/Users/a0s0nmi/.m2/repository/com/fasterxml/jackson/module/jackson-module-parameter-names/2.17.3/jackson-module-parameter-names-2.17.3.jar:/Users/a0s0nmi/.m2/repository/org/springframework/boot/spring-boot-starter-tomcat/3.3.6/spring-boot-starter-tomcat-3.3.6.jar:/Users/a0s0nmi/.m2/repository/org/apache/tomcat/embed/tomcat-embed-core/10.1.33/tomcat-embed-core-10.1.33.jar:/Users/a0s0nmi/.m2/repository/org/apache/tomcat/embed/tomcat-embed-el/10.1.33/tomcat-embed-el-10.1.33.jar:/Users/a0s0nmi/.m2/repository/org/apache/tomcat/embed/tomcat-embed-websocket/10.1.33/tomcat-embed-websocket-10.1.33.jar:/Users/a0s0nmi/.m2/repository/org/springframework/spring-web/6.1.15/spring-web-6.1.15.jar:/Users/a0s0nmi/.m2/repository/org/springframework/spring-webmvc/6.1.15/spring-webmvc-6.1.15.jar:/Users/a0s0nmi/.m2/repository/org/springframework/cloud/spring-cloud-starter-netflix-eureka-client/4.1.4/spring-cloud-starter-netflix-eureka-client-4.1.4.jar:/Users/a0s0nmi/.m2/repository/org/springframework/cloud/spring-cloud-starter/4.1.5/spring-cloud-starter-4.1.5.jar:/Users/a0s0nmi/.m2/repository/org/springframework/cloud/spring-cloud-context/4.1.5/spring-cloud-context-4.1.5.jar:/Users/a0s0nmi/.m2/repository/org/springframework/cloud/spring-cloud-commons/4.1.5/spring-cloud-commons-4.1.5.jar:/Users/a0s0nmi/.m2/repository/org/springframework/security/spring-security-rsa/1.1.3/spring-security-rsa-1.1.3.jar:/Users/a0s0nmi/.m2/repository/org/bouncycastle/bcprov-jdk18on/1.78/bcprov-jdk18on-1.78.jar:/Users/a0s0nmi/.m2/repository/org/springframework/cloud/spring-cloud-netflix-eureka-client/4.1.4/spring-cloud-netflix-eureka-client-4.1.4.jar:/Users/a0s0nmi/.m2/repository/org/apache/httpcomponents/client5/httpclient5/5.3.1/httpclient5-5.3.1.jar:/Users/a0s0nmi/.m2/repository/org/apache/httpcomponents/core5/httpcore5/5.2.5/httpcore5-5.2.5.jar:/Users/a0s0nmi/.m2/repository/org/apache/httpcomponents/core5/httpcore5-h2/5.2.5/httpcore5-h2-5.2.5.jar:/Users/a0s0nmi/.m2/repository/com/netflix/eureka/eureka-client/2.0.4/eureka-client-2.0.4.jar:/Users/a0s0nmi/.m2/repository/com/thoughtworks/xstream/xstream/1.4.20/xstream-1.4.20.jar:/Users/a0s0nmi/.m2/repository/io/github/x-stream/mxparser/1.2.2/mxparser-1.2.2.jar:/Users/a0s0nmi/.m2/repository/xmlpull/xmlpull/1.1.3.1/xmlpull-1.1.3.1.jar:/Users/a0s0nmi/.m2/repository/jakarta/ws/rs/jakarta.ws.rs-api/3.1.0/jakarta.ws.rs-api-3.1.0.jar:/Users/a0s0nmi/.m2/repository/jakarta/inject/jakarta.inject-api/2.0.1/jakarta.inject-api-2.0.1.jar:/Users/a0s0nmi/.m2/repository/com/netflix/spectator/spectator-api/1.7.3/spectator-api-1.7.3.jar:/Users/a0s0nmi/.m2/repository/org/apache/httpcomponents/httpclient/4.5.3/httpclient-4.5.3.jar:/Users/a0s0nmi/.m2/repository/org/apache/httpcomponents/httpcore/4.4.16/httpcore-4.4.16.jar:/Users/a0s0nmi/.m2/repository/commons-codec/commons-codec/1.16.1/commons-codec-1.16.1.jar:/Users/a0s0nmi/.m2/repository/commons-configuration/commons-configuration/1.10/commons-configuration-1.10.jar:/Users/a0s0nmi/.m2/repository/commons-lang/commons-lang/2.6/commons-lang-2.6.jar:/Users/a0s0nmi/.m2/repository/com/fasterxml/jackson/core/jackson-annotations/2.17.3/jackson-annotations-2.17.3.jar:/Users/a0s0nmi/.m2/repository/com/fasterxml/jackson/core/jackson-core/2.17.3/jackson-core-2.17.3.jar:/Users/a0s0nmi/.m2/repository/com/netflix/netflix-commons/netflix-eventbus/0.3.0/netflix-eventbus-0.3.0.jar:/Users/a0s0nmi/.m2/repository/com/netflix/netflix-commons/netflix-infix/0.3.0/netflix-infix-0.3.0.jar:/Users/a0s0nmi/.m2/repository/commons-jxpath/commons-jxpath/1.3/commons-jxpath-1.3.jar:/Users/a0s0nmi/.m2/repository/joda-time/joda-time/2.3/joda-time-2.3.jar:/Users/a0s0nmi/.m2/repository/org/antlr/antlr-runtime/3.4/antlr-runtime-3.4.jar:/Users/a0s0nmi/.m2/repository/org/antlr/stringtemplate/3.2.1/stringtemplate-3.2.1.jar:/Users/a0s0nmi/.m2/repository/antlr/antlr/2.7.7/antlr-2.7.7.jar:/Users/a0s0nmi/.m2/repository/com/google/code/gson/gson/2.10.1/gson-2.10.1.jar:/Users/a0s0nmi/.m2/repository/com/netflix/servo/servo-core/0.5.3/servo-core-0.5.3.jar:/Users/a0s0nmi/.m2/repository/org/apache/commons/commons-math/2.2/commons-math-2.2.jar:/Users/a0s0nmi/.m2/repository/javax/annotation/javax.annotation-api/1.2/javax.annotation-api-1.2.jar:/Users/a0s0nmi/.m2/repository/org/codehaus/jettison/jettison/1.5.4/jettison-1.5.4.jar:/Users/a0s0nmi/.m2/repository/com/netflix/eureka/eureka-core/2.0.4/eureka-core-2.0.4.jar:/Users/a0s0nmi/.m2/repository/com/fasterxml/woodstox/woodstox-core/6.4.0/woodstox-core-6.4.0.jar:/Users/a0s0nmi/.m2/repository/org/codehaus/woodstox/stax2-api/4.2.1/stax2-api-4.2.1.jar:/Users/a0s0nmi/.m2/repository/com/google/guava/guava/33.0.0-jre/guava-33.0.0-jre.jar:/Users/a0s0nmi/.m2/repository/com/google/guava/failureaccess/1.0.2/failureaccess-1.0.2.jar:/Users/a0s0nmi/.m2/repository/com/google/guava/listenablefuture/9999.0-empty-to-avoid-conflict-with-guava/listenablefuture-9999.0-empty-to-avoid-conflict-with-guava.jar:/Users/a0s0nmi/.m2/repository/org/checkerframework/checker-qual/3.41.0/checker-qual-3.41.0.jar:/Users/a0s0nmi/.m2/repository/com/google/errorprone/error_prone_annotations/2.23.0/error_prone_annotations-2.23.0.jar:/Users/a0s0nmi/.m2/repository/com/google/j2objc/j2objc-annotations/2.8/j2objc-annotations-2.8.jar:/Users/a0s0nmi/.m2/repository/org/springframework/cloud/spring-cloud-starter-loadbalancer/4.1.5/spring-cloud-starter-loadbalancer-4.1.5.jar:/Users/a0s0nmi/.m2/repository/org/springframework/cloud/spring-cloud-loadbalancer/4.1.5/spring-cloud-loadbalancer-4.1.5.jar:/Users/a0s0nmi/.m2/repository/io/projectreactor/reactor-core/3.6.12/reactor-core-3.6.12.jar:/Users/a0s0nmi/.m2/repository/io/projectreactor/addons/reactor-extra/3.5.2/reactor-extra-3.5.2.jar:/Users/a0s0nmi/.m2/repository/org/springframework/boot/spring-boot-starter-cache/3.3.6/spring-boot-starter-cache-3.3.6.jar:/Users/a0s0nmi/.m2/repository/com/stoyanr/evictor/1.0.0/evictor-1.0.0.jar:/Users/a0s0nmi/.m2/repository/org/springdoc/springdoc-openapi-starter-webmvc-ui/2.1.0/springdoc-openapi-starter-webmvc-ui-2.1.0.jar:/Users/a0s0nmi/.m2/repository/org/springdoc/springdoc-openapi-starter-webmvc-api/2.1.0/springdoc-openapi-starter-webmvc-api-2.1.0.jar:/Users/a0s0nmi/.m2/repository/org/springdoc/springdoc-openapi-starter-common/2.1.0/springdoc-openapi-starter-common-2.1.0.jar:/Users/a0s0nmi/.m2/repository/io/swagger/core/v3/swagger-core-jakarta/2.2.9/swagger-core-jakarta-2.2.9.jar:/Users/a0s0nmi/.m2/repository/io/swagger/core/v3/swagger-annotations-jakarta/2.2.9/swagger-annotations-jakarta-2.2.9.jar:/Users/a0s0nmi/.m2/repository/io/swagger/core/v3/swagger-models-jakarta/2.2.9/swagger-models-jakarta-2.2.9.jar:/Users/a0s0nmi/.m2/repository/jakarta/validation/jakarta.validation-api/3.0.2/jakarta.validation-api-3.0.2.jar:/Users/a0s0nmi/.m2/repository/com/fasterxml/jackson/dataformat/jackson-dataformat-yaml/2.17.3/jackson-dataformat-yaml-2.17.3.jar:/Users/a0s0nmi/.m2/repository/org/webjars/swagger-ui/4.18.2/swagger-ui-4.18.2.jar:/Users/a0s0nmi/.m2/repository/org/springframework/boot/spring-boot-devtools/3.3.6/spring-boot-devtools-3.3.6.jar:/Users/a0s0nmi/.m2/repository/org/springframework/boot/spring-boot/3.3.6/spring-boot-3.3.6.jar:/Users/a0s0nmi/.m2/repository/org/springframework/boot/spring-boot-autoconfigure/3.3.6/spring-boot-autoconfigure-3.3.6.jar:/Users/a0s0nmi/.m2/repository/org/springframework/cloud/spring-cloud-starter-netflix-hystrix/2.2.10.RELEASE/spring-cloud-starter-netflix-hystrix-2.2.10.RELEASE.jar:/Users/a0s0nmi/.m2/repository/org/springframework/cloud/spring-cloud-netflix-hystrix/2.2.10.RELEASE/spring-cloud-netflix-hystrix-2.2.10.RELEASE.jar:/Users/a0s0nmi/.m2/repository/org/springframework/boot/spring-boot-starter-aop/3.3.6/spring-boot-starter-aop-3.3.6.jar:/Users/a0s0nmi/.m2/repository/org/springframework/cloud/spring-cloud-netflix-ribbon/2.2.10.RELEASE/spring-cloud-netflix-ribbon-2.2.10.RELEASE.jar:/Users/a0s0nmi/.m2/repository/org/springframework/cloud/spring-cloud-netflix-archaius/2.2.10.RELEASE/spring-cloud-netflix-archaius-2.2.10.RELEASE.jar:/Users/a0s0nmi/.m2/repository/org/springframework/cloud/spring-cloud-starter-netflix-archaius/2.2.10.RELEASE/spring-cloud-starter-netflix-archaius-2.2.10.RELEASE.jar:/Users/a0s0nmi/.m2/repository/com/netflix/archaius/archaius-core/0.7.7/archaius-core-0.7.7.jar:/Users/a0s0nmi/.m2/repository/com/google/code/findbugs/jsr305/3.0.1/jsr305-3.0.1.jar:/Users/a0s0nmi/.m2/repository/com/netflix/hystrix/hystrix-core/1.5.18/hystrix-core-1.5.18.jar:/Users/a0s0nmi/.m2/repository/io/reactivex/rxjava/1.2.0/rxjava-1.2.0.jar:/Users/a0s0nmi/.m2/repository/org/hdrhistogram/HdrHistogram/2.1.9/HdrHistogram-2.1.9.jar:/Users/a0s0nmi/.m2/repository/com/netflix/hystrix/hystrix-serialization/1.5.18/hystrix-serialization-1.5.18.jar:/Users/a0s0nmi/.m2/repository/com/fasterxml/jackson/module/jackson-module-afterburner/2.17.3/jackson-module-afterburner-2.17.3.jar:/Users/a0s0nmi/.m2/repository/com/netflix/hystrix/hystrix-metrics-event-stream/1.5.18/hystrix-metrics-event-stream-1.5.18.jar:/Users/a0s0nmi/.m2/repository/com/netflix/hystrix/hystrix-javanica/1.5.18/hystrix-javanica-1.5.18.jar:/Users/a0s0nmi/.m2/repository/org/apache/commons/commons-lang3/3.14.0/commons-lang3-3.14.0.jar:/Users/a0s0nmi/.m2/repository/org/ow2/asm/asm/5.0.4/asm-5.0.4.jar:/Users/a0s0nmi/.m2/repository/org/aspectj/aspectjweaver/1.9.22.1/aspectjweaver-1.9.22.1.jar:/Users/a0s0nmi/.m2/repository/io/reactivex/rxjava-reactive-streams/1.2.1/rxjava-reactive-streams-1.2.1.jar:/Users/a0s0nmi/.m2/repository/org/reactivestreams/reactive-streams/1.0.4/reactive-streams-1.0.4.jar:/Users/a0s0nmi/.m2/repository/io/github/resilience4j/resilience4j-spring-boot2/1.7.1/resilience4j-spring-boot2-1.7.1.jar:/Users/a0s0nmi/.m2/repository/io/vavr/vavr/0.10.2/vavr-0.10.2.jar:/Users/a0s0nmi/.m2/repository/io/vavr/vavr-match/0.10.2/vavr-match-0.10.2.jar:/Users/a0s0nmi/.m2/repository/io/github/resilience4j/resilience4j-spring/2.2.0/resilience4j-spring-2.2.0.jar:/Users/a0s0nmi/.m2/repository/io/github/resilience4j/resilience4j-annotations/2.2.0/resilience4j-annotations-2.2.0.jar:/Users/a0s0nmi/.m2/repository/io/github/resilience4j/resilience4j-consumer/2.2.0/resilience4j-consumer-2.2.0.jar:/Users/a0s0nmi/.m2/repository/io/github/resilience4j/resilience4j-core/2.2.0/resilience4j-core-2.2.0.jar:/Users/a0s0nmi/.m2/repository/io/github/resilience4j/resilience4j-circularbuffer/2.2.0/resilience4j-circularbuffer-2.2.0.jar:/Users/a0s0nmi/.m2/repository/io/github/resilience4j/resilience4j-framework-common/2.2.0/resilience4j-framework-common-2.2.0.jar:/Users/a0s0nmi/.m2/repository/org/slf4j/slf4j-api/2.0.16/slf4j-api-2.0.16.jar:/Users/a0s0nmi/.m2/repository/io/github/resilience4j/resilience4j-micrometer/2.2.0/resilience4j-micrometer-2.2.0.jar:/Users/a0s0nmi/.m2/repository/io/micrometer/micrometer-core/1.13.8/micrometer-core-1.13.8.jar:/Users/a0s0nmi/.m2/repository/org/latencyutils/LatencyUtils/2.0.3/LatencyUtils-2.0.3.jar:/Users/a0s0nmi/.m2/repository/io/github/resilience4j/resilience4j-bulkhead/2.2.0/resilience4j-bulkhead-2.2.0.jar:/Users/a0s0nmi/.m2/repository/io/github/resilience4j/resilience4j-circuitbreaker/2.2.0/resilience4j-circuitbreaker-2.2.0.jar:/Users/a0s0nmi/.m2/repository/io/github/resilience4j/resilience4j-retry/2.2.0/resilience4j-retry-2.2.0.jar:/Users/a0s0nmi/.m2/repository/io/github/resilience4j/resilience4j-ratelimiter/2.2.0/resilience4j-ratelimiter-2.2.0.jar:/Users/a0s0nmi/.m2/repository/io/github/resilience4j/resilience4j-timelimiter/2.2.0/resilience4j-timelimiter-2.2.0.jar:/Users/a0s0nmi/.m2/repository/org/springframework/boot/spring-boot-starter-actuator/3.3.6/spring-boot-starter-actuator-3.3.6.jar:/Users/a0s0nmi/.m2/repository/org/springframework/boot/spring-boot-actuator-autoconfigure/3.3.6/spring-boot-actuator-autoconfigure-3.3.6.jar:/Users/a0s0nmi/.m2/repository/org/springframework/boot/spring-boot-actuator/3.3.6/spring-boot-actuator-3.3.6.jar:/Users/a0s0nmi/.m2/repository/io/micrometer/micrometer-observation/1.13.8/micrometer-observation-1.13.8.jar:/Users/a0s0nmi/.m2/repository/io/micrometer/micrometer-commons/1.13.8/micrometer-commons-1.13.8.jar:/Users/a0s0nmi/.m2/repository/io/micrometer/micrometer-jakarta9/1.13.8/micrometer-jakarta9-1.13.8.jar:/Users/a0s0nmi/.m2/repository/io/jsonwebtoken/jjwt-api/0.11.5/jjwt-api-0.11.5.jar:/Users/a0s0nmi/.m2/repository/io/jsonwebtoken/jjwt-impl/0.11.5/jjwt-impl-0.11.5.jar:/Users/a0s0nmi/.m2/repository/io/jsonwebtoken/jjwt-jackson/0.11.5/jjwt-jackson-0.11.5.jar:/Users/a0s0nmi/.m2/repository/com/fasterxml/jackson/core/jackson-databind/2.17.3/jackson-databind-2.17.3.jar:/Users/a0s0nmi/.m2/repository/org/springframework/boot/spring-boot-starter-test/3.3.6/spring-boot-starter-test-3.3.6.jar:/Users/a0s0nmi/.m2/repository/org/springframework/boot/spring-boot-test/3.3.6/spring-boot-test-3.3.6.jar:/Users/a0s0nmi/.m2/repository/org/springframework/boot/spring-boot-test-autoconfigure/3.3.6/spring-boot-test-autoconfigure-3.3.6.jar:/Users/a0s0nmi/.m2/repository/com/jayway/jsonpath/json-path/2.9.0/json-path-2.9.0.jar:/Users/a0s0nmi/.m2/repository/jakarta/xml/bind/jakarta.xml.bind-api/4.0.2/jakarta.xml.bind-api-4.0.2.jar:/Users/a0s0nmi/.m2/repository/net/minidev/json-smart/2.5.1/json-smart-2.5.1.jar:/Users/a0s0nmi/.m2/repository/net/minidev/accessors-smart/2.5.1/accessors-smart-2.5.1.jar:/Users/a0s0nmi/.m2/repository/org/assertj/assertj-core/3.25.3/assertj-core-3.25.3.jar:/Users/a0s0nmi/.m2/repository/org/awaitility/awaitility/4.2.2/awaitility-4.2.2.jar:/Users/a0s0nmi/.m2/repository/org/hamcrest/hamcrest/2.2/hamcrest-2.2.jar:/Users/a0s0nmi/.m2/repository/org/junit/jupiter/junit-jupiter/5.10.5/junit-jupiter-5.10.5.jar:/Users/a0s0nmi/.m2/repository/org/junit/jupiter/junit-jupiter-params/5.10.5/junit-jupiter-params-5.10.5.jar:/Users/a0s0nmi/.m2/repository/org/mockito/mockito-junit-jupiter/5.11.0/mockito-junit-jupiter-5.11.0.jar:/Users/a0s0nmi/.m2/repository/org/skyscreamer/jsonassert/1.5.3/jsonassert-1.5.3.jar:/Users/a0s0nmi/.m2/repository/com/vaadin/external/google/android-json/0.0.20131108.vaadin1/android-json-0.0.20131108.vaadin1.jar:/Users/a0s0nmi/.m2/repository/org/springframework/spring-core/6.1.15/spring-core-6.1.15.jar:/Users/a0s0nmi/.m2/repository/org/springframework/spring-jcl/6.1.15/spring-jcl-6.1.15.jar:/Users/a0s0nmi/.m2/repository/org/springframework/spring-test/6.1.15/spring-test-6.1.15.jar:/Users/a0s0nmi/.m2/repository/org/xmlunit/xmlunit-core/2.9.1/xmlunit-core-2.9.1.jar:/Users/a0s0nmi/.m2/repository/org/springframework/security/spring-security-test/6.3.5/spring-security-test-6.3.5.jar:/Users/a0s0nmi/.m2/repository/org/springframework/security/spring-security-core/6.3.5/spring-security-core-6.3.5.jar:/Users/a0s0nmi/.m2/repository/org/springframework/security/spring-security-crypto/6.3.5/spring-security-crypto-6.3.5.jar:/Users/a0s0nmi/.m2/repository/org/mockito/mockito-core/5.11.0/mockito-core-5.11.0.jar:/Users/a0s0nmi/.m2/repository/net/bytebuddy/byte-buddy/1.14.19/byte-buddy-1.14.19.jar:/Users/a0s0nmi/.m2/repository/net/bytebuddy/byte-buddy-agent/1.14.19/byte-buddy-agent-1.14.19.jar:/Users/a0s0nmi/.m2/repository/org/objenesis/objenesis/3.3/objenesis-3.3.jar:/Users/a0s0nmi/.m2/repository/org/junit/jupiter/junit-jupiter-api/5.10.5/junit-jupiter-api-5.10.5.jar:/Users/a0s0nmi/.m2/repository/org/opentest4j/opentest4j/1.3.0/opentest4j-1.3.0.jar:/Users/a0s0nmi/.m2/repository/org/junit/platform/junit-platform-commons/1.10.5/junit-platform-commons-1.10.5.jar:/Users/a0s0nmi/.m2/repository/org/apiguardian/apiguardian-api/1.1.2/apiguardian-api-1.1.2.jar:/Users/a0s0nmi/.m2/repository/org/junit/jupiter/junit-jupiter-engine/5.10.5/junit-jupiter-engine-5.10.5.jar:/Users/a0s0nmi/.m2/repository/org/junit/platform/junit-platform-engine/1.10.5/junit-platform-engine-1.10.5.jar:"/>
    <property name="sun.cpu.endian" value="little"/>
    <property name="user.home" value="/Users/a0s0nmi"/>
    <property name="user.language" value="en"/>
    <property name="java.specification.vendor" value="Oracle Corporation"/>
    <property name="java.version.date" value="2024-07-16"/>
    <property name="java.home" value="/Library/Java/JavaVirtualMachines/graalvm-jdk-17.0.12+8.1/Contents/Home"/>
    <property name="file.separator" value="/"/>
    <property name="basedir" value="/Users/a0s0nmi/IdeaProjects/Apps_v3/Final_LoginApp"/>
    <property name="java.vm.compressedOopsMode" value="Zero based"/>
    <property name="jdk.internal.vm.ci.enabled" value="true"/>
    <property name="line.separator" value="&#10;"/>
    <property name="java.vm.specification.vendor" value="Oracle Corporation"/>
    <property name="java.specification.name" value="Java Platform API Specification"/>
    <property name="FILE_LOG_CHARSET" value="UTF-8"/>
    <property name="java.awt.headless" value="true"/>
    <property name="apple.awt.application.name" value="ForkedBooter"/>
    <property name="surefire.real.class.path" value="/Users/a0s0nmi/IdeaProjects/Apps_v3/Final_LoginApp/target/surefire/surefirebooter-20241223203521921_3.jar"/>
    <property name="sun.management.compiler" value="HotSpot 64-Bit Tiered Compilers"/>
    <property name="ftp.nonProxyHosts" value="local|*.local|169.254/16|*.169.254/16|wal-mart.com|*.wal-mart.com|wamnetNAD|*.wamnetNAD|walmart.com|*.walmart.com|wmlink|*.wmlink|walmartlabs.com|*.walmartlabs.com"/>
    <property name="java.runtime.version" value="17.0.12+8-LTS-jvmci-23.0-b41"/>
    <property name="user.name" value="a0s0nmi"/>
    <property name="path.separator" value=":"/>
    <property name="os.version" value="15.2"/>
    <property name="java.runtime.name" value="Java(TM) SE Runtime Environment"/>
    <property name="file.encoding" value="UTF-8"/>
    <property name="FILE_LOG_PATTERN" value="%d{yyyy-MM-dd HH:mm:ss} %-5level %logger{36} - %msg%n"/>
    <property name="java.vm.name" value="Java HotSpot(TM) 64-Bit Server VM"/>
    <property name="java.vendor.version" value="Oracle GraalVM 17.0.12+8.1"/>
    <property name="LOG_FILE" value="/Users/a0s0nmi/IdeaProjects/Apps_v3/Logs/LoginLogs/spring.log"/>
    <property name="localRepository" value="/Users/a0s0nmi/.m2/repository"/>
    <property name="java.vendor.url.bug" value="https://bugreport.java.com/bugreport/"/>
    <property name="java.io.tmpdir" value="/var/folders/q1/706kn5095rjgdjwq9fw4y8p00000gp/T/"/>
    <property name="java.version" value="17.0.12"/>
    <property name="user.dir" value="/Users/a0s0nmi/IdeaProjects/Apps_v3/Final_LoginApp"/>
    <property name="os.arch" value="x86_64"/>
    <property name="java.vm.specification.name" value="Java Virtual Machine Specification"/>
    <property name="PID" value="18829"/>
    <property name="CONSOLE_LOG_CHARSET" value="UTF-8"/>
    <property name="native.encoding" value="UTF-8"/>
    <property name="java.library.path" value="/Users/a0s0nmi/Library/Java/Extensions:/Library/Java/Extensions:/Network/Library/Java/Extensions:/System/Library/Java/Extensions:/usr/lib/java:."/>
    <property name="java.vm.info" value="mixed mode, sharing"/>
    <property name="java.vendor" value="Oracle Corporation"/>
    <property name="java.vm.version" value="17.0.12+8-LTS-jvmci-23.0-b41"/>
    <property name="sun.io.unicode.encoding" value="UnicodeBig"/>
    <property name="socksNonProxyHosts" value="local|*.local|169.254/16|*.169.254/16|wal-mart.com|*.wal-mart.com|wamnetNAD|*.wamnetNAD|walmart.com|*.walmart.com|wmlink|*.wmlink|walmartlabs.com|*.walmartlabs.com"/>
    <property name="java.class.version" value="61.0"/>
    <property name="CONSOLE_LOG_PATTERN" value="%d{yyyy-MM-dd HH:mm:ss} %-5level %logger{36} - %msg%n"/>
    <property name="LOGGED_APPLICATION_NAME" value="[customerlogin] "/>
  </properties>
  <testcase name="contextLoads" classname="com.ascendpgp.customerlogin.CustomerloginApplicationTests" time="0.04">
    <system-out><![CDATA[2024-12-23 20:35:26 INFO  [main] [null] o.s.t.c.s.AnnotationConfigContextLoaderUtils - Could not detect default configuration classes for test class [com.ascendpgp.customerlogin.CustomerloginApplicationTests]: CustomerloginApplicationTests does not declare any static, non-private, non-final, nested classes annotated with @Configuration.
2024-12-23 20:35:26 INFO  [main] [null] o.s.b.t.c.SpringBootTestContextBootstrapper - Found @SpringBootConfiguration com.ascendpgp.customerlogin.CustomerloginApplication for test class com.ascendpgp.customerlogin.CustomerloginApplicationTests
2024-12-23 20:35:26 INFO  [main] [null] o.s.b.d.r.RestartApplicationListener - Restart disabled due to context in which it is running
20:35:27,207 |-INFO in ch.qos.logback.core.model.processor.ModelInterpretationContext@625487a6 - value "CustomerLogin" substituted for "${spring.application.name:-CustomerLogin}"
20:35:27,208 |-INFO in ch.qos.logback.core.model.processor.AppenderModelHandler - Processing appender named [CONSOLE]
20:35:27,208 |-INFO in ch.qos.logback.core.model.processor.AppenderModelHandler - About to instantiate appender of type [ch.qos.logback.core.ConsoleAppender]
20:35:27,208 |-INFO in ch.qos.logback.core.model.processor.ImplicitModelHandler - Assuming default type [ch.qos.logback.classic.encoder.PatternLayoutEncoder] for [encoder] property
20:35:27,212 |-INFO in ch.qos.logback.core.model.processor.AppenderModelHandler - Processing appender named [FILE]
20:35:27,212 |-INFO in ch.qos.logback.core.model.processor.AppenderModelHandler - About to instantiate appender of type [ch.qos.logback.core.rolling.RollingFileAppender]
20:35:27,212 |-INFO in ch.qos.logback.core.model.processor.ModelInterpretationContext@625487a6 - value "/Users/a0s0nmi/IdeaProjects/Apps_v3/Logs/LoginLogs/application.%d{yyyy-MM-dd}.log" substituted for "${LOG_FILE_PATH}/application.%d{yyyy-MM-dd}.log"
20:35:27,214 |-INFO in ch.qos.logback.core.model.processor.ModelInterpretationContext@625487a6 - value "/Users/a0s0nmi/IdeaProjects/Apps_v3/Logs/LoginLogs/application.%d{yyyy-MM-dd}.log" substituted for "${LOG_FILE_PATH}/application.%d{yyyy-MM-dd}.log"
20:35:27,215 |-INFO in c.q.l.core.rolling.TimeBasedRollingPolicy@1747862622 - No compression will be used
20:35:27,215 |-INFO in c.q.l.core.rolling.TimeBasedRollingPolicy@1747862622 - Will use the pattern /Users/a0s0nmi/IdeaProjects/Apps_v3/Logs/LoginLogs/application.%d{yyyy-MM-dd}.log for the active file
20:35:27,216 |-INFO in c.q.l.core.rolling.DefaultTimeBasedFileNamingAndTriggeringPolicy - The date pattern is 'yyyy-MM-dd' from file name pattern '/Users/a0s0nmi/IdeaProjects/Apps_v3/Logs/LoginLogs/application.%d{yyyy-MM-dd}.log'.
20:35:27,216 |-INFO in c.q.l.core.rolling.DefaultTimeBasedFileNamingAndTriggeringPolicy - Roll-over at midnight.
20:35:27,216 |-INFO in c.q.l.core.rolling.DefaultTimeBasedFileNamingAndTriggeringPolicy - Setting initial period to 2024-12-23T15:05:26.950Z
20:35:27,217 |-INFO in ch.qos.logback.core.model.processor.ImplicitModelHandler - Assuming default type [ch.qos.logback.classic.encoder.PatternLayoutEncoder] for [encoder] property
20:35:27,219 |-INFO in ch.qos.logback.core.rolling.RollingFileAppender[FILE] - Active log file name: /Users/a0s0nmi/IdeaProjects/Apps_v3/Logs/LoginLogs/application.%d{yyyy-MM-dd}.log
20:35:27,220 |-INFO in ch.qos.logback.core.rolling.RollingFileAppender[FILE] - File property is set to [/Users/a0s0nmi/IdeaProjects/Apps_v3/Logs/LoginLogs/application.%d{yyyy-MM-dd}.log]
20:35:27,233 |-INFO in ch.qos.logback.classic.model.processor.LoggerModelHandler - Setting level of logger [org.springframework] to INFO
20:35:27,234 |-INFO in ch.qos.logback.classic.jul.LevelChangePropagator@79e10fb4 - Propagating INFO level on Logger[org.springframework] onto the JUL framework
20:35:27,234 |-INFO in ch.qos.logback.classic.model.processor.LoggerModelHandler - Setting level of logger [com.ascendpgp.customerlogin] to DEBUG
20:35:27,234 |-INFO in ch.qos.logback.classic.jul.LevelChangePropagator@79e10fb4 - Propagating DEBUG level on Logger[com.ascendpgp.customerlogin] onto the JUL framework
20:35:27,234 |-INFO in ch.qos.logback.classic.model.processor.RootLoggerModelHandler - Setting level of ROOT logger to INFO
20:35:27,234 |-INFO in ch.qos.logback.classic.jul.LevelChangePropagator@79e10fb4 - Propagating INFO level on Logger[ROOT] onto the JUL framework
20:35:27,234 |-INFO in ch.qos.logback.core.model.processor.AppenderRefModelHandler - Attaching appender named [CONSOLE] to Logger[ROOT]
20:35:27,234 |-INFO in ch.qos.logback.core.model.processor.AppenderRefModelHandler - Attaching appender named [FILE] to Logger[ROOT]
20:35:27,235 |-INFO in ch.qos.logback.core.model.processor.DefaultProcessor@7d7ceca8 - End of configuration.
20:35:27,235 |-INFO in org.springframework.boot.logging.logback.SpringBootJoranConfigurator@2bba35ef - Registering current configuration as safe fallback point
20:35:27,254 |-INFO in ch.qos.logback.classic.jul.LevelChangePropagator@79e10fb4 - Propagating DEBUG level on Logger[org.springframework.security] onto the JUL framework
20:35:27,254 |-INFO in ch.qos.logback.classic.jul.LevelChangePropagator@79e10fb4 - Propagating DEBUG level on Logger[org.springframework.web] onto the JUL framework
20:35:27,254 |-INFO in ch.qos.logback.classic.jul.LevelChangePropagator@79e10fb4 - Propagating DEBUG level on Logger[com.ascendpgp] onto the JUL framework
20:35:27,254 |-INFO in ch.qos.logback.classic.jul.LevelChangePropagator@79e10fb4 - Propagating DEBUG level on Logger[com.ascendpgp.creditcard] onto the JUL framework
20:35:27,254 |-INFO in ch.qos.logback.classic.jul.LevelChangePropagator@79e10fb4 - Propagating DEBUG level on Logger[org.springdoc] onto the JUL framework
20:35:27,255 |-INFO in ch.qos.logback.classic.jul.LevelChangePropagator@79e10fb4 - Propagating DEBUG level on Logger[org.springframework.web.filter] onto the JUL framework
20:35:27,255 |-INFO in ch.qos.logback.classic.jul.LevelChangePropagator@79e10fb4 - Propagating DEBUG level on Logger[org.springframework.web.csrf] onto the JUL framework
20:35:27,255 |-INFO in ch.qos.logback.classic.jul.LevelChangePropagator@79e10fb4 - Propagating DEBUG level on Logger[com.ascendpgp.creditcard.controller] onto the JUL framework
20:35:27,255 |-INFO in ch.qos.logback.classic.jul.LevelChangePropagator@79e10fb4 - Propagating DEBUG level on Logger[org.hibernate] onto the JUL framework
20:35:27,255 |-INFO in ch.qos.logback.classic.jul.LevelChangePropagator@79e10fb4 - Propagating DEBUG level on Logger[org.springframework.cloud.netflix] onto the JUL framework
20:35:27,255 |-INFO in ch.qos.logback.classic.jul.LevelChangePropagator@79e10fb4 - Propagating DEBUG level on Logger[com.netflix.discovery] onto the JUL framework
20:35:27,255 |-INFO in ch.qos.logback.classic.jul.LevelChangePropagator@79e10fb4 - Propagating DEBUG level on Logger[org.mongodb.driver] onto the JUL framework

  .   ____          _            __ _ _
 /\\ / ___'_ __ _ _(_)_ __  __ _ \ \ \ \
( ( )\___ | '_ | '_| | '_ \/ _` | \ \ \ \
 \\/  ___)| |_)| | | | | || (_| |  ) ) ) )
  '  |____| .__|_| |_|_| |_\__, | / / / /
 =========|_|==============|___/=/_/_/_/

 :: Spring Boot ::                (v3.3.6)

2024-12-23 20:35:27 INFO  [main] [null] c.a.c.CustomerloginApplicationTests - Starting CustomerloginApplicationTests using Java 17.0.12 with PID 18829 (started by a0s0nmi in /Users/a0s0nmi/IdeaProjects/Apps_v3/Final_LoginApp)
2024-12-23 20:35:27 DEBUG [main] [null] c.a.c.CustomerloginApplicationTests - Running with Spring Boot v3.3.6, Spring v6.1.15
2024-12-23 20:35:27 INFO  [main] [null] c.a.c.CustomerloginApplicationTests - No active profile set, falling back to 1 default profile: "default"
2024-12-23 20:35:27 DEBUG [main] [null] o.s.w.c.s.GenericWebApplicationContext - Refreshing org.springframework.web.context.support.GenericWebApplicationContext@1c74d19
2024-12-23 20:35:28 INFO  [main] [null] o.s.d.r.c.RepositoryConfigurationDelegate - Bootstrapping Spring Data MongoDB repositories in DEFAULT mode.
2024-12-23 20:35:29 INFO  [main] [null] o.s.d.r.c.RepositoryConfigurationDelegate - Finished Spring Data repository scanning in 198 ms. Found 1 MongoDB repository interface.
2024-12-23 20:35:29 INFO  [main] [null] o.s.cloud.context.scope.GenericScope - BeanFactory id=288205d3-ac1e-3842-b17c-885516657440
2024-12-23 20:35:29 INFO  [main] [null] c.a.customerlogin.utils.JwtService - JWT Service initialized successfully with a secure secret key.
2024-12-23 20:35:30 INFO  [main] [null] org.mongodb.driver.client - MongoClient with metadata {"application": {"name": "walmart"}, "driver": {"name": "mongo-java-driver|sync|spring-boot", "version": "5.0.1"}, "os": {"type": "Darwin", "name": "Mac OS X", "architecture": "x86_64", "version": "15.2"}, "platform": "Java/Oracle Corporation/17.0.12+8-LTS-jvmci-23.0-b41"} created with settings MongoClientSettings{readPreference=primary, writeConcern=WriteConcern{w=majority, wTimeout=null ms, journal=null}, retryWrites=true, retryReads=true, readConcern=ReadConcern{level=null}, credential=MongoCredential{mechanism=null, userName='admin', source='admin', password=<hidden>, mechanismProperties=<hidden>}, transportSettings=null, commandListeners=[io.micrometer.core.instrument.binder.mongodb.MongoMetricsCommandListener@d4dbb34], codecRegistry=ProvidersCodecRegistry{codecProviders=[ValueCodecProvider{}, BsonValueCodecProvider{}, DBRefCodecProvider{}, DBObjectCodecProvider{}, DocumentCodecProvider{}, CollectionCodecProvider{}, IterableCodecProvider{}, MapCodecProvider{}, GeoJsonCodecProvider{}, GridFSFileCodecProvider{}, Jsr310CodecProvider{}, JsonObjectCodecProvider{}, BsonCodecProvider{}, EnumCodecProvider{}, com.mongodb.client.model.mql.ExpressionCodecProvider@7af2ee23, com.mongodb.Jep395RecordCodecProvider@5d10e2b6, com.mongodb.KotlinCodecProvider@267309f7]}, loggerSettings=LoggerSettings{maxDocumentLength=1000}, clusterSettings={hosts=[127.0.0.1:27017], srvHost=walmart.ov3ju.mongodb.net, srvServiceName=mongodb, mode=MULTIPLE, requiredClusterType=REPLICA_SET, requiredReplicaSetName='atlas-veqqh0-shard-0', serverSelector='null', clusterListeners='[]', serverSelectionTimeout='30000 ms', localThreshold='15 ms'}, socketSettings=SocketSettings{connectTimeoutMS=10000, readTimeoutMS=0, receiveBufferSize=0, proxySettings=ProxySettings{host=null, port=null, username=null, password=null}}, heartbeatSocketSettings=SocketSettings{connectTimeoutMS=10000, readTimeoutMS=10000, receiveBufferSize=0, proxySettings=ProxySettings{host=null, port=null, username=null, password=null}}, connectionPoolSettings=ConnectionPoolSettings{maxSize=100, minSize=0, maxWaitTimeMS=120000, maxConnectionLifeTimeMS=0, maxConnectionIdleTimeMS=0, maintenanceInitialDelayMS=0, maintenanceFrequencyMS=60000, connectionPoolListeners=[io.micrometer.core.instrument.binder.mongodb.MongoMetricsConnectionPoolListener@46878216], maxConnecting=2}, serverSettings=ServerSettings{heartbeatFrequencyMS=10000, minHeartbeatFrequencyMS=500, serverListeners='[]', serverMonitorListeners='[]'}, sslSettings=SslSettings{enabled=true, invalidHostNameAllowed=false, context=null}, applicationName='walmart', compressorList=[], uuidRepresentation=JAVA_LEGACY, serverApi=null, autoEncryptionSettings=null, dnsClient=null, inetAddressResolver=null, contextProvider=null}
2024-12-23 20:35:30 INFO  [cluster-ClusterId{value='67697c3a1935d919c7d75fd6', description='walmart'}-srv-walmart.ov3ju.mongodb.net] [null] org.mongodb.driver.cluster - Adding discovered server walmart-shard-00-00.ov3ju.mongodb.net:27017 to client view of cluster
2024-12-23 20:35:30 DEBUG [cluster-ClusterId{value='67697c3a1935d919c7d75fd6', description='walmart'}-srv-walmart.ov3ju.mongodb.net] [null] org.mongodb.driver.connection - Connection pool created for walmart-shard-00-00.ov3ju.mongodb.net:27017 using options maxIdleTimeMS=0, minPoolSize=0, maxPoolSize=100, maxConnecting=2, waitQueueTimeoutMS=120000
2024-12-23 20:35:30 INFO  [cluster-ClusterId{value='67697c3a1935d919c7d75fd6', description='walmart'}-srv-walmart.ov3ju.mongodb.net] [null] org.mongodb.driver.cluster - Adding discovered server walmart-shard-00-01.ov3ju.mongodb.net:27017 to client view of cluster
2024-12-23 20:35:30 DEBUG [cluster-ClusterId{value='67697c3a1935d919c7d75fd6', description='walmart'}-srv-walmart.ov3ju.mongodb.net] [null] org.mongodb.driver.connection - Connection pool created for walmart-shard-00-01.ov3ju.mongodb.net:27017 using options maxIdleTimeMS=0, minPoolSize=0, maxPoolSize=100, maxConnecting=2, waitQueueTimeoutMS=120000
2024-12-23 20:35:30 INFO  [cluster-ClusterId{value='67697c3a1935d919c7d75fd6', description='walmart'}-srv-walmart.ov3ju.mongodb.net] [null] org.mongodb.driver.cluster - Adding discovered server walmart-shard-00-02.ov3ju.mongodb.net:27017 to client view of cluster
2024-12-23 20:35:30 DEBUG [cluster-ClusterId{value='67697c3a1935d919c7d75fd6', description='walmart'}-srv-walmart.ov3ju.mongodb.net] [null] org.mongodb.driver.connection - Connection pool created for walmart-shard-00-02.ov3ju.mongodb.net:27017 using options maxIdleTimeMS=0, minPoolSize=0, maxPoolSize=100, maxConnecting=2, waitQueueTimeoutMS=120000
2024-12-23 20:35:30 DEBUG [cluster-ClusterId{value='67697c3a1935d919c7d75fd6', description='walmart'}-srv-walmart.ov3ju.mongodb.net] [null] org.mongodb.driver.cluster - Updating cluster description to  {type=REPLICA_SET, servers=[{address=walmart-shard-00-00.ov3ju.mongodb.net:27017, type=UNKNOWN, state=CONNECTING}, {address=walmart-shard-00-01.ov3ju.mongodb.net:27017, type=UNKNOWN, state=CONNECTING}, {address=walmart-shard-00-02.ov3ju.mongodb.net:27017, type=UNKNOWN, state=CONNECTING}]
2024-12-23 20:35:31 DEBUG [main] [null] o.s.c.n.e.m.DefaultManagementMetadataProvider - Constructed eureka meta-data healthcheckUrl: http://192.168.0.14:8081/actuator/health
2024-12-23 20:35:31 DEBUG [main] [null] o.s.c.n.e.m.DefaultManagementMetadataProvider - Constructed eureka meta-data statusPageUrl: http://192.168.0.14:8081/actuator/info
2024-12-23 20:35:31 INFO  [cluster-ClusterId{value='67697c3a1935d919c7d75fd6', description='walmart'}-walmart-shard-00-01.ov3ju.mongodb.net:27017] [null] org.mongodb.driver.cluster - Monitor thread successfully connected to server with description ServerDescription{address=walmart-shard-00-01.ov3ju.mongodb.net:27017, type=REPLICA_SET_SECONDARY, state=CONNECTED, ok=true, minWireVersion=0, maxWireVersion=25, maxDocumentSize=16777216, logicalSessionTimeoutMinutes=30, roundTripTimeNanos=794091292, setName='atlas-veqqh0-shard-0', canonicalAddress=walmart-shard-00-01.ov3ju.mongodb.net:27017, hosts=[walmart-shard-00-01.ov3ju.mongodb.net:27017, walmart-shard-00-00.ov3ju.mongodb.net:27017, walmart-shard-00-02.ov3ju.mongodb.net:27017], passives=[], arbiters=[], primary='walmart-shard-00-02.ov3ju.mongodb.net:27017', tagSet=TagSet{[Tag{name='availabilityZone', value='aps1-az3'}, Tag{name='diskState', value='READY'}, Tag{name='nodeType', value='ELECTABLE'}, Tag{name='provider', value='AWS'}, Tag{name='region', value='AP_SOUTH_1'}, Tag{name='workloadType', value='OPERATIONAL'}]}, electionId=null, setVersion=139, topologyVersion=TopologyVersion{processId=67695eb61ffe6cd0e151eb83, counter=5}, lastWriteDate=Mon Dec 23 20:35:31 IST 2024, lastUpdateTimeNanos=24954048890541}
2024-12-23 20:35:31 INFO  [cluster-ClusterId{value='67697c3a1935d919c7d75fd6', description='walmart'}-walmart-shard-00-00.ov3ju.mongodb.net:27017] [null] org.mongodb.driver.cluster - Monitor thread successfully connected to server with description ServerDescription{address=walmart-shard-00-00.ov3ju.mongodb.net:27017, type=REPLICA_SET_SECONDARY, state=CONNECTED, ok=true, minWireVersion=0, maxWireVersion=25, maxDocumentSize=16777216, logicalSessionTimeoutMinutes=30, roundTripTimeNanos=793797375, setName='atlas-veqqh0-shard-0', canonicalAddress=walmart-shard-00-00.ov3ju.mongodb.net:27017, hosts=[walmart-shard-00-01.ov3ju.mongodb.net:27017, walmart-shard-00-00.ov3ju.mongodb.net:27017, walmart-shard-00-02.ov3ju.mongodb.net:27017], passives=[], arbiters=[], primary='walmart-shard-00-02.ov3ju.mongodb.net:27017', tagSet=TagSet{[Tag{name='availabilityZone', value='aps1-az1'}, Tag{name='diskState', value='READY'}, Tag{name='nodeType', value='ELECTABLE'}, Tag{name='provider', value='AWS'}, Tag{name='region', value='AP_SOUTH_1'}, Tag{name='workloadType', value='OPERATIONAL'}]}, electionId=null, setVersion=139, topologyVersion=TopologyVersion{processId=67695d50212be37357f71eee, counter=5}, lastWriteDate=Mon Dec 23 20:35:31 IST 2024, lastUpdateTimeNanos=24954048845833}
2024-12-23 20:35:31 INFO  [cluster-ClusterId{value='67697c3a1935d919c7d75fd6', description='walmart'}-walmart-shard-00-02.ov3ju.mongodb.net:27017] [null] org.mongodb.driver.cluster - Monitor thread successfully connected to server with description ServerDescription{address=walmart-shard-00-02.ov3ju.mongodb.net:27017, type=REPLICA_SET_PRIMARY, state=CONNECTED, ok=true, minWireVersion=0, maxWireVersion=25, maxDocumentSize=16777216, logicalSessionTimeoutMinutes=30, roundTripTimeNanos=793808333, setName='atlas-veqqh0-shard-0', canonicalAddress=walmart-shard-00-02.ov3ju.mongodb.net:27017, hosts=[walmart-shard-00-01.ov3ju.mongodb.net:27017, walmart-shard-00-00.ov3ju.mongodb.net:27017, walmart-shard-00-02.ov3ju.mongodb.net:27017], passives=[], arbiters=[], primary='walmart-shard-00-02.ov3ju.mongodb.net:27017', tagSet=TagSet{[Tag{name='availabilityZone', value='aps1-az2'}, Tag{name='diskState', value='READY'}, Tag{name='nodeType', value='ELECTABLE'}, Tag{name='provider', value='AWS'}, Tag{name='region', value='AP_SOUTH_1'}, Tag{name='workloadType', value='OPERATIONAL'}]}, electionId=7fffffff000000000000008b, setVersion=139, topologyVersion=TopologyVersion{processId=67695c7978a3771e64672a0c, counter=9}, lastWriteDate=Mon Dec 23 20:35:31 IST 2024, lastUpdateTimeNanos=24954048934958}
2024-12-23 20:35:31 DEBUG [cluster-ClusterId{value='67697c3a1935d919c7d75fd6', description='walmart'}-walmart-shard-00-01.ov3ju.mongodb.net:27017] [null] org.mongodb.driver.connection - Connection pool ready for walmart-shard-00-01.ov3ju.mongodb.net:27017
2024-12-23 20:35:31 DEBUG [cluster-ClusterId{value='67697c3a1935d919c7d75fd6', description='walmart'}-walmart-shard-00-01.ov3ju.mongodb.net:27017] [null] org.mongodb.driver.cluster - Updating cluster description to  {type=REPLICA_SET, servers=[{address=walmart-shard-00-00.ov3ju.mongodb.net:27017, type=UNKNOWN, state=CONNECTING}, {address=walmart-shard-00-01.ov3ju.mongodb.net:27017, type=REPLICA_SET_SECONDARY, TagSet{[Tag{name='availabilityZone', value='aps1-az3'}, Tag{name='diskState', value='READY'}, Tag{name='nodeType', value='ELECTABLE'}, Tag{name='provider', value='AWS'}, Tag{name='region', value='AP_SOUTH_1'}, Tag{name='workloadType', value='OPERATIONAL'}]}, roundTripTime=794.1 ms, state=CONNECTED}, {address=walmart-shard-00-02.ov3ju.mongodb.net:27017, type=UNKNOWN, state=CONNECTING}]
2024-12-23 20:35:31 DEBUG [cluster-ClusterId{value='67697c3a1935d919c7d75fd6', description='walmart'}-walmart-shard-00-01.ov3ju.mongodb.net:27017] [null] org.mongodb.driver.cluster - Checking status of walmart-shard-00-01.ov3ju.mongodb.net:27017
2024-12-23 20:35:31 DEBUG [cluster-ClusterId{value='67697c3a1935d919c7d75fd6', description='walmart'}-walmart-shard-00-00.ov3ju.mongodb.net:27017] [null] org.mongodb.driver.connection - Connection pool ready for walmart-shard-00-00.ov3ju.mongodb.net:27017
2024-12-23 20:35:31 DEBUG [cluster-ClusterId{value='67697c3a1935d919c7d75fd6', description='walmart'}-walmart-shard-00-00.ov3ju.mongodb.net:27017] [null] org.mongodb.driver.cluster - Updating cluster description to  {type=REPLICA_SET, servers=[{address=walmart-shard-00-00.ov3ju.mongodb.net:27017, type=REPLICA_SET_SECONDARY, TagSet{[Tag{name='availabilityZone', value='aps1-az1'}, Tag{name='diskState', value='READY'}, Tag{name='nodeType', value='ELECTABLE'}, Tag{name='provider', value='AWS'}, Tag{name='region', value='AP_SOUTH_1'}, Tag{name='workloadType', value='OPERATIONAL'}]}, roundTripTime=793.8 ms, state=CONNECTED}, {address=walmart-shard-00-01.ov3ju.mongodb.net:27017, type=REPLICA_SET_SECONDARY, TagSet{[Tag{name='availabilityZone', value='aps1-az3'}, Tag{name='diskState', value='READY'}, Tag{name='nodeType', value='ELECTABLE'}, Tag{name='provider', value='AWS'}, Tag{name='region', value='AP_SOUTH_1'}, Tag{name='workloadType', value='OPERATIONAL'}]}, roundTripTime=794.1 ms, state=CONNECTED}, {address=walmart-shard-00-02.ov3ju.mongodb.net:27017, type=UNKNOWN, state=CONNECTING}]
2024-12-23 20:35:31 DEBUG [cluster-ClusterId{value='67697c3a1935d919c7d75fd6', description='walmart'}-walmart-shard-00-00.ov3ju.mongodb.net:27017] [null] org.mongodb.driver.cluster - Checking status of walmart-shard-00-00.ov3ju.mongodb.net:27017
2024-12-23 20:35:31 DEBUG [cluster-ClusterId{value='67697c3a1935d919c7d75fd6', description='walmart'}-walmart-shard-00-02.ov3ju.mongodb.net:27017] [null] org.mongodb.driver.connection - Connection pool ready for walmart-shard-00-02.ov3ju.mongodb.net:27017
2024-12-23 20:35:31 INFO  [cluster-ClusterId{value='67697c3a1935d919c7d75fd6', description='walmart'}-walmart-shard-00-02.ov3ju.mongodb.net:27017] [null] org.mongodb.driver.cluster - Discovered replica set primary walmart-shard-00-02.ov3ju.mongodb.net:27017 with max election id 7fffffff000000000000008b and max set version 139
2024-12-23 20:35:31 DEBUG [cluster-ClusterId{value='67697c3a1935d919c7d75fd6', description='walmart'}-walmart-shard-00-02.ov3ju.mongodb.net:27017] [null] org.mongodb.driver.cluster - Updating cluster description to  {type=REPLICA_SET, servers=[{address=walmart-shard-00-00.ov3ju.mongodb.net:27017, type=REPLICA_SET_SECONDARY, TagSet{[Tag{name='availabilityZone', value='aps1-az1'}, Tag{name='diskState', value='READY'}, Tag{name='nodeType', value='ELECTABLE'}, Tag{name='provider', value='AWS'}, Tag{name='region', value='AP_SOUTH_1'}, Tag{name='workloadType', value='OPERATIONAL'}]}, roundTripTime=793.8 ms, state=CONNECTED}, {address=walmart-shard-00-01.ov3ju.mongodb.net:27017, type=REPLICA_SET_SECONDARY, TagSet{[Tag{name='availabilityZone', value='aps1-az3'}, Tag{name='diskState', value='READY'}, Tag{name='nodeType', value='ELECTABLE'}, Tag{name='provider', value='AWS'}, Tag{name='region', value='AP_SOUTH_1'}, Tag{name='workloadType', value='OPERATIONAL'}]}, roundTripTime=794.1 ms, state=CONNECTED}, {address=walmart-shard-00-02.ov3ju.mongodb.net:27017, type=REPLICA_SET_PRIMARY, TagSet{[Tag{name='availabilityZone', value='aps1-az2'}, Tag{name='diskState', value='READY'}, Tag{name='nodeType', value='ELECTABLE'}, Tag{name='provider', value='AWS'}, Tag{name='region', value='AP_SOUTH_1'}, Tag{name='workloadType', value='OPERATIONAL'}]}, roundTripTime=793.8 ms, state=CONNECTED}]
2024-12-23 20:35:31 DEBUG [cluster-ClusterId{value='67697c3a1935d919c7d75fd6', description='walmart'}-walmart-shard-00-02.ov3ju.mongodb.net:27017] [null] org.mongodb.driver.cluster - Checking status of walmart-shard-00-02.ov3ju.mongodb.net:27017
2024-12-23 20:35:32 WARN  [main] [null] o.s.b.a.s.s.UserDetailsServiceAutoConfiguration - 

Using generated security password: 210a48df-e4c7-44fa-bea5-c202b641ce52

This generated password is for development use only. Your security configuration must be updated before running your application in production.

2024-12-23 20:35:32 INFO  [main] [null] o.s.s.c.a.a.c.InitializeUserDetailsBeanManagerConfigurer$InitializeUserDetailsManagerConfigurer - Global AuthenticationManager configured with UserDetailsService bean with name inMemoryUserDetailsManager
2024-12-23 20:35:32 DEBUG [main] [null] o.s.w.s.m.m.a.RequestMappingHandlerMapping - 16 mappings in 'requestMappingHandlerMapping'
2024-12-23 20:35:33 DEBUG [main] [null] o.s.w.s.c.a.WebMvcConfigurer - Default resource handling disabled
2024-12-23 20:35:33 DEBUG [main] [null] o.s.w.s.h.SimpleUrlHandlerMapping - Patterns [/swagger-ui*/*swagger-initializer.js, /swagger-ui*/**] in 'resourceHandlerMapping'
2024-12-23 20:35:33 INFO  [main] [null] o.s.b.a.e.web.EndpointLinksResolver - Exposing 1 endpoint beneath base path '/actuator'
2024-12-23 20:35:33 DEBUG [main] [null] o.s.s.web.DefaultSecurityFilterChain - Will secure any request with filters: DisableEncodeUrlFilter, WebAsyncManagerIntegrationFilter, SecurityContextHolderFilter, HeaderWriterFilter, LogoutFilter, JwtAuthenticationFilter, RequestCacheAwareFilter, SecurityContextHolderAwareRequestFilter, AnonymousAuthenticationFilter, SessionManagementFilter, ExceptionTranslationFilter, AuthorizationFilter
2024-12-23 20:35:33 DEBUG [main] [null] o.s.w.s.m.m.a.RequestMappingHandlerAdapter - ControllerAdvice beans: 0 @ModelAttribute, 0 @InitBinder, 1 RequestBodyAdvice, 1 ResponseBodyAdvice
2024-12-23 20:35:33 DEBUG [main] [null] o.s.w.s.m.m.a.ExceptionHandlerExceptionResolver - ControllerAdvice beans: 2 @ExceptionHandler, 1 ResponseBodyAdvice
2024-12-23 20:35:34 INFO  [main] [null] o.s.c.n.e.c.DiscoveryClientOptionalArgsConfiguration - Eureka HTTP Client uses RestTemplate.
2024-12-23 20:35:34 WARN  [main] [null] o.s.c.l.c.LoadBalancerCacheAutoConfiguration$LoadBalancerCaffeineWarnLogger - Spring Cloud LoadBalancer is currently working with the default cache. While this cache implementation is useful for development and tests, it's recommended to use Caffeine cache in production.You can switch to using Caffeine cache, by adding it and org.springframework.cache.caffeine.CaffeineCacheManager to the classpath.
2024-12-23 20:35:34 INFO  [main] [null] o.s.c.n.eureka.InstanceInfoFactory - Setting initial instance status as: STARTING
2024-12-23 20:35:34 INFO  [main] [null] c.netflix.discovery.DiscoveryClient - Initializing Eureka in region us-east-1
2024-12-23 20:35:34 INFO  [main] [null] c.n.d.s.r.aws.ConfigClusterResolver - Resolving eureka endpoints via configuration
2024-12-23 20:35:34 DEBUG [main] [null] c.n.discovery.endpoint.EndpointUtils - The availability zone for the given region us-east-1 are [defaultZone]
2024-12-23 20:35:34 DEBUG [main] [null] c.n.d.s.r.aws.ConfigClusterResolver - Config resolved to [AwsEndpoint{ serviceUrl='http://localhost:8761/eureka/', region='us-east-1', zone='defaultZone'}]
2024-12-23 20:35:34 DEBUG [main] [null] c.n.d.s.r.a.ZoneAffinityClusterResolver - Local zone=defaultZone; resolved to: [AwsEndpoint{ serviceUrl='http://localhost:8761/eureka/', region='us-east-1', zone='defaultZone'}]
2024-12-23 20:35:34 INFO  [main] [null] c.netflix.discovery.DiscoveryClient - Disable delta property : false
2024-12-23 20:35:34 INFO  [main] [null] c.netflix.discovery.DiscoveryClient - Single vip registry refresh property : null
2024-12-23 20:35:34 INFO  [main] [null] c.netflix.discovery.DiscoveryClient - Force full registry fetch : false
2024-12-23 20:35:34 INFO  [main] [null] c.netflix.discovery.DiscoveryClient - Application is null : false
2024-12-23 20:35:34 INFO  [main] [null] c.netflix.discovery.DiscoveryClient - Registered Applications size is zero : true
2024-12-23 20:35:34 INFO  [main] [null] c.netflix.discovery.DiscoveryClient - Application version is -1: true
2024-12-23 20:35:34 INFO  [main] [null] c.netflix.discovery.DiscoveryClient - Getting all instance registry info from the eureka server
2024-12-23 20:35:34 DEBUG [main] [null] c.n.d.s.t.d.SessionedEurekaHttpClient - Ending a session and starting anew
2024-12-23 20:35:34 DEBUG [main] [null] o.s.web.client.RestTemplate - HTTP GET http://localhost:8761/eureka/apps/
2024-12-23 20:35:34 DEBUG [main] [null] o.s.web.client.RestTemplate - Accept=[application/json, application/*+json]
2024-12-23 20:35:34 INFO  [main] [null] c.n.d.s.t.d.RedirectingEurekaHttpClient - Request execution error. endpoint=DefaultEndpoint{ serviceUrl='http://localhost:8761/eureka/}, exception=I/O error on GET request for "http://localhost:8761/eureka/apps/": Connect to http://localhost:8761 [localhost/127.0.0.1, localhost/0:0:0:0:0:0:0:1] failed: Connection refused stacktrace=org.springframework.web.client.ResourceAccessException: I/O error on GET request for "http://localhost:8761/eureka/apps/": Connect to http://localhost:8761 [localhost/127.0.0.1, localhost/0:0:0:0:0:0:0:1] failed: Connection refused
	at org.springframework.web.client.RestTemplate.createResourceAccessException(RestTemplate.java:915)
	at org.springframework.web.client.RestTemplate.doExecute(RestTemplate.java:895)
	at org.springframework.web.client.RestTemplate.execute(RestTemplate.java:830)
	at org.springframework.web.client.RestTemplate.exchange(RestTemplate.java:691)
	at org.springframework.cloud.netflix.eureka.http.RestTemplateEurekaHttpClient.getApplicationsInternal(RestTemplateEurekaHttpClient.java:170)
	at org.springframework.cloud.netflix.eureka.http.RestTemplateEurekaHttpClient.getApplications(RestTemplateEurekaHttpClient.java:158)
	at com.netflix.discovery.shared.transport.decorator.EurekaHttpClientDecorator$6.execute(EurekaHttpClientDecorator.java:137)
	at com.netflix.discovery.shared.transport.decorator.RedirectingEurekaHttpClient.executeOnNewServer(RedirectingEurekaHttpClient.java:121)
	at com.netflix.discovery.shared.transport.decorator.RedirectingEurekaHttpClient.execute(RedirectingEurekaHttpClient.java:80)
	at com.netflix.discovery.shared.transport.decorator.EurekaHttpClientDecorator.getApplications(EurekaHttpClientDecorator.java:134)
	at com.netflix.discovery.shared.transport.decorator.EurekaHttpClientDecorator$6.execute(EurekaHttpClientDecorator.java:137)
	at com.netflix.discovery.shared.transport.decorator.RetryableEurekaHttpClient.execute(RetryableEurekaHttpClient.java:120)
	at com.netflix.discovery.shared.transport.decorator.EurekaHttpClientDecorator.getApplications(EurekaHttpClientDecorator.java:134)
	at com.netflix.discovery.shared.transport.decorator.EurekaHttpClientDecorator$6.execute(EurekaHttpClientDecorator.java:137)
	at com.netflix.discovery.shared.transport.decorator.SessionedEurekaHttpClient.execute(SessionedEurekaHttpClient.java:76)
	at com.netflix.discovery.shared.transport.decorator.EurekaHttpClientDecorator.getApplications(EurekaHttpClientDecorator.java:134)
	at com.netflix.discovery.DiscoveryClient.getAndStoreFullRegistry(DiscoveryClient.java:1046)
	at com.netflix.discovery.DiscoveryClient.fetchRegistry(DiscoveryClient.java:961)
	at com.netflix.discovery.DiscoveryClient.<init>(DiscoveryClient.java:410)
	at com.netflix.discovery.DiscoveryClient.<init>(DiscoveryClient.java:245)
	at com.netflix.discovery.DiscoveryClient.<init>(DiscoveryClient.java:240)
	at org.springframework.cloud.netflix.eureka.CloudEurekaClient.<init>(CloudEurekaClient.java:68)
	at org.springframework.cloud.netflix.eureka.EurekaClientAutoConfiguration$RefreshableEurekaClientConfiguration.eurekaClient(EurekaClientAutoConfiguration.java:324)
	at java.base/jdk.internal.reflect.NativeMethodAccessorImpl.invoke0(Native Method)
	at java.base/jdk.internal.reflect.NativeMethodAccessorImpl.invoke(NativeMethodAccessorImpl.java:77)
	at java.base/jdk.internal.reflect.DelegatingMethodAccessorImpl.invoke(DelegatingMethodAccessorImpl.java:43)
	at java.base/java.lang.reflect.Method.invoke(Method.java:568)
	at org.springframework.beans.factory.support.SimpleInstantiationStrategy.instantiate(SimpleInstantiationStrategy.java:146)
	at org.springframework.beans.factory.support.ConstructorResolver.instantiate(ConstructorResolver.java:644)
	at org.springframework.beans.factory.support.ConstructorResolver.instantiateUsingFactoryMethod(ConstructorResolver.java:636)
	at org.springframework.beans.factory.support.AbstractAutowireCapableBeanFactory.instantiateUsingFactoryMethod(AbstractAutowireCapableBeanFactory.java:1355)
	at org.springframework.beans.factory.support.AbstractAutowireCapableBeanFactory.createBeanInstance(AbstractAutowireCapableBeanFactory.java:1185)
	at org.springframework.beans.factory.support.AbstractAutowireCapableBeanFactory.doCreateBean(AbstractAutowireCapableBeanFactory.java:562)
	at org.springframework.beans.factory.support.AbstractAutowireCapableBeanFactory.createBean(AbstractAutowireCapableBeanFactory.java:522)
	at org.springframework.beans.factory.support.AbstractBeanFactory.lambda$doGetBean$1(AbstractBeanFactory.java:376)
	at org.springframework.cloud.context.scope.GenericScope$BeanLifecycleWrapper.getBean(GenericScope.java:375)
	at org.springframework.cloud.context.scope.GenericScope.get(GenericScope.java:179)
	at org.springframework.beans.factory.support.AbstractBeanFactory.doGetBean(AbstractBeanFactory.java:373)
	at org.springframework.beans.factory.support.AbstractBeanFactory.getBean(AbstractBeanFactory.java:200)
	at org.springframework.aop.target.SimpleBeanTargetSource.getTarget(SimpleBeanTargetSource.java:35)
	at org.springframework.cloud.netflix.eureka.serviceregistry.EurekaRegistration.getTargetObject(EurekaRegistration.java:128)
	at org.springframework.cloud.netflix.eureka.serviceregistry.EurekaRegistration.getEurekaClient(EurekaRegistration.java:116)
	at java.base/jdk.internal.reflect.NativeMethodAccessorImpl.invoke0(Native Method)
	at java.base/jdk.internal.reflect.NativeMethodAccessorImpl.invoke(NativeMethodAccessorImpl.java:77)
	at java.base/jdk.internal.reflect.DelegatingMethodAccessorImpl.invoke(DelegatingMethodAccessorImpl.java:43)
	at java.base/java.lang.reflect.Method.invoke(Method.java:568)
	at org.springframework.util.ReflectionUtils.invokeMethod(ReflectionUtils.java:281)
	at org.springframework.cloud.context.scope.GenericScope$LockedScopedProxyFactoryBean.invoke(GenericScope.java:482)
	at org.springframework.aop.framework.ReflectiveMethodInvocation.proceed(ReflectiveMethodInvocation.java:184)
	at org.springframework.aop.framework.CglibAopProxy$CglibMethodInvocation.proceed(CglibAopProxy.java:768)
	at org.springframework.aop.framework.CglibAopProxy$DynamicAdvisedInterceptor.intercept(CglibAopProxy.java:720)
	at org.springframework.cloud.netflix.eureka.serviceregistry.EurekaRegistration$$SpringCGLIB$$0.getEurekaClient(<generated>)
	at org.springframework.cloud.netflix.eureka.serviceregistry.EurekaServiceRegistry.maybeInitializeClient(EurekaServiceRegistry.java:83)
	at org.springframework.cloud.netflix.eureka.serviceregistry.EurekaServiceRegistry.register(EurekaServiceRegistry.java:66)
	at org.springframework.cloud.netflix.eureka.serviceregistry.EurekaAutoServiceRegistration.start(EurekaAutoServiceRegistration.java:89)
	at org.springframework.context.support.DefaultLifecycleProcessor.doStart(DefaultLifecycleProcessor.java:285)
	at org.springframework.context.support.DefaultLifecycleProcessor$LifecycleGroup.start(DefaultLifecycleProcessor.java:472)
	at java.base/java.lang.Iterable.forEach(Iterable.java:75)
	at org.springframework.context.support.DefaultLifecycleProcessor.startBeans(DefaultLifecycleProcessor.java:257)
	at org.springframework.context.support.DefaultLifecycleProcessor.onRefresh(DefaultLifecycleProcessor.java:202)
	at org.springframework.context.support.AbstractApplicationContext.finishRefresh(AbstractApplicationContext.java:990)
	at org.springframework.context.support.AbstractApplicationContext.refresh(AbstractApplicationContext.java:628)
	at org.springframework.boot.SpringApplication.refresh(SpringApplication.java:754)
	at org.springframework.boot.SpringApplication.refreshContext(SpringApplication.java:456)
	at org.springframework.boot.SpringApplication.run(SpringApplication.java:335)
	at org.springframework.boot.test.context.SpringBootContextLoader.lambda$loadContext$3(SpringBootContextLoader.java:137)
	at org.springframework.util.function.ThrowingSupplier.get(ThrowingSupplier.java:58)
	at org.springframework.util.function.ThrowingSupplier.get(ThrowingSupplier.java:46)
	at org.springframework.boot.SpringApplication.withHook(SpringApplication.java:1463)
	at org.springframework.boot.test.context.SpringBootContextLoader$ContextLoaderHook.run(SpringBootContextLoader.java:553)
	at org.springframework.boot.test.context.SpringBootContextLoader.loadContext(SpringBootContextLoader.java:137)
	at org.springframework.boot.test.context.SpringBootContextLoader.loadContext(SpringBootContextLoader.java:108)
	at org.springframework.test.context.cache.DefaultCacheAwareContextLoaderDelegate.loadContextInternal(DefaultCacheAwareContextLoaderDelegate.java:225)
	at org.springframework.test.context.cache.DefaultCacheAwareContextLoaderDelegate.loadContext(DefaultCacheAwareContextLoaderDelegate.java:152)
	at org.springframework.test.context.support.DefaultTestContext.getApplicationContext(DefaultTestContext.java:130)
	at org.springframework.test.context.web.ServletTestExecutionListener.setUpRequestContextIfNecessary(ServletTestExecutionListener.java:191)
	at org.springframework.test.context.web.ServletTestExecutionListener.prepareTestInstance(ServletTestExecutionListener.java:130)
	at org.springframework.test.context.TestContextManager.prepareTestInstance(TestContextManager.java:260)
	at org.springframework.test.context.junit.jupiter.SpringExtension.postProcessTestInstance(SpringExtension.java:163)
	at org.junit.jupiter.engine.descriptor.ClassBasedTestDescriptor.lambda$invokeTestInstancePostProcessors$10(ClassBasedTestDescriptor.java:378)
	at org.junit.jupiter.engine.descriptor.ClassBasedTestDescriptor.executeAndMaskThrowable(ClassBasedTestDescriptor.java:383)
	at org.junit.jupiter.engine.descriptor.ClassBasedTestDescriptor.lambda$invokeTestInstancePostProcessors$11(ClassBasedTestDescriptor.java:378)
	at java.base/java.util.stream.ReferencePipeline$3$1.accept(ReferencePipeline.java:197)
	at java.base/java.util.stream.ReferencePipeline$2$1.accept(ReferencePipeline.java:179)
	at java.base/java.util.ArrayList$ArrayListSpliterator.forEachRemaining(ArrayList.java:1625)
	at java.base/java.util.stream.AbstractPipeline.copyInto(AbstractPipeline.java:509)
	at java.base/java.util.stream.AbstractPipeline.wrapAndCopyInto(AbstractPipeline.java:499)
	at java.base/java.util.stream.StreamSpliterators$WrappingSpliterator.forEachRemaining(StreamSpliterators.java:310)
	at java.base/java.util.stream.Streams$ConcatSpliterator.forEachRemaining(Streams.java:735)
	at java.base/java.util.stream.Streams$ConcatSpliterator.forEachRemaining(Streams.java:734)
	at java.base/java.util.stream.ReferencePipeline$Head.forEach(ReferencePipeline.java:762)
	at org.junit.jupiter.engine.descriptor.ClassBasedTestDescriptor.invokeTestInstancePostProcessors(ClassBasedTestDescriptor.java:377)
	at org.junit.jupiter.engine.descriptor.ClassBasedTestDescriptor.lambda$instantiateAndPostProcessTestInstance$6(ClassBasedTestDescriptor.java:290)
	at org.junit.platform.engine.support.hierarchical.ThrowableCollector.execute(ThrowableCollector.java:73)
	at org.junit.jupiter.engine.descriptor.ClassBasedTestDescriptor.instantiateAndPostProcessTestInstance(ClassBasedTestDescriptor.java:289)
	at org.junit.jupiter.engine.descriptor.ClassBasedTestDescriptor.lambda$testInstancesProvider$4(ClassBasedTestDescriptor.java:279)
	at java.base/java.util.Optional.orElseGet(Optional.java:364)
	at org.junit.jupiter.engine.descriptor.ClassBasedTestDescriptor.lambda$testInstancesProvider$5(ClassBasedTestDescriptor.java:278)
	at org.junit.jupiter.engine.execution.TestInstancesProvider.getTestInstances(TestInstancesProvider.java:31)
	at org.junit.jupiter.engine.descriptor.TestMethodTestDescriptor.lambda$prepare$0(TestMethodTestDescriptor.java:106)
	at org.junit.platform.engine.support.hierarchical.ThrowableCollector.execute(ThrowableCollector.java:73)
	at org.junit.jupiter.engine.descriptor.TestMethodTestDescriptor.prepare(TestMethodTestDescriptor.java:105)
	at org.junit.jupiter.engine.descriptor.TestMethodTestDescriptor.prepare(TestMethodTestDescriptor.java:69)
	at org.junit.platform.engine.support.hierarchical.NodeTestTask.lambda$prepare$2(NodeTestTask.java:128)
	at org.junit.platform.engine.support.hierarchical.ThrowableCollector.execute(ThrowableCollector.java:73)
	at org.junit.platform.engine.support.hierarchical.NodeTestTask.prepare(NodeTestTask.java:128)
	at org.junit.platform.engine.support.hierarchical.NodeTestTask.execute(NodeTestTask.java:95)
	at java.base/java.util.ArrayList.forEach(ArrayList.java:1511)
	at org.junit.platform.engine.support.hierarchical.SameThreadHierarchicalTestExecutorService.invokeAll(SameThreadHierarchicalTestExecutorService.java:41)
	at org.junit.platform.engine.support.hierarchical.NodeTestTask.lambda$executeRecursively$6(NodeTestTask.java:160)
	at org.junit.platform.engine.support.hierarchical.ThrowableCollector.execute(ThrowableCollector.java:73)
	at org.junit.platform.engine.support.hierarchical.NodeTestTask.lambda$executeRecursively$8(NodeTestTask.java:146)
	at org.junit.platform.engine.support.hierarchical.Node.around(Node.java:137)
	at org.junit.platform.engine.support.hierarchical.NodeTestTask.lambda$executeRecursively$9(NodeTestTask.java:144)
	at org.junit.platform.engine.support.hierarchical.ThrowableCollector.execute(ThrowableCollector.java:73)
	at org.junit.platform.engine.support.hierarchical.NodeTestTask.executeRecursively(NodeTestTask.java:143)
	at org.junit.platform.engine.support.hierarchical.NodeTestTask.execute(NodeTestTask.java:100)
	at java.base/java.util.ArrayList.forEach(ArrayList.java:1511)
	at org.junit.platform.engine.support.hierarchical.SameThreadHierarchicalTestExecutorService.invokeAll(SameThreadHierarchicalTestExecutorService.java:41)
	at org.junit.platform.engine.support.hierarchical.NodeTestTask.lambda$executeRecursively$6(NodeTestTask.java:160)
	at org.junit.platform.engine.support.hierarchical.ThrowableCollector.execute(ThrowableCollector.java:73)
	at org.junit.platform.engine.support.hierarchical.NodeTestTask.lambda$executeRecursively$8(NodeTestTask.java:146)
	at org.junit.platform.engine.support.hierarchical.Node.around(Node.java:137)
	at org.junit.platform.engine.support.hierarchical.NodeTestTask.lambda$executeRecursively$9(NodeTestTask.java:144)
	at org.junit.platform.engine.support.hierarchical.ThrowableCollector.execute(ThrowableCollector.java:73)
	at org.junit.platform.engine.support.hierarchical.NodeTestTask.executeRecursively(NodeTestTask.java:143)
	at org.junit.platform.engine.support.hierarchical.NodeTestTask.execute(NodeTestTask.java:100)
	at org.junit.platform.engine.support.hierarchical.SameThreadHierarchicalTestExecutorService.submit(SameThreadHierarchicalTestExecutorService.java:35)
	at org.junit.platform.engine.support.hierarchical.HierarchicalTestExecutor.execute(HierarchicalTestExecutor.java:57)
	at org.junit.platform.engine.support.hierarchical.HierarchicalTestEngine.execute(HierarchicalTestEngine.java:54)
	at org.junit.platform.launcher.core.EngineExecutionOrchestrator.execute(EngineExecutionOrchestrator.java:198)
	at org.junit.platform.launcher.core.EngineExecutionOrchestrator.execute(EngineExecutionOrchestrator.java:169)
	at org.junit.platform.launcher.core.EngineExecutionOrchestrator.execute(EngineExecutionOrchestrator.java:93)
	at org.junit.platform.launcher.core.EngineExecutionOrchestrator.lambda$execute$0(EngineExecutionOrchestrator.java:58)
	at org.junit.platform.launcher.core.EngineExecutionOrchestrator.withInterceptedStreams(EngineExecutionOrchestrator.java:141)
	at org.junit.platform.launcher.core.EngineExecutionOrchestrator.execute(EngineExecutionOrchestrator.java:57)
	at org.junit.platform.launcher.core.DefaultLauncher.execute(DefaultLauncher.java:103)
	at org.junit.platform.launcher.core.DefaultLauncher.execute(DefaultLauncher.java:85)
	at org.junit.platform.launcher.core.DelegatingLauncher.execute(DelegatingLauncher.java:47)
	at org.apache.maven.surefire.junitplatform.LazyLauncher.execute(LazyLauncher.java:56)
	at org.apache.maven.surefire.junitplatform.JUnitPlatformProvider.execute(JUnitPlatformProvider.java:184)
	at org.apache.maven.surefire.junitplatform.JUnitPlatformProvider.invokeAllTests(JUnitPlatformProvider.java:148)
	at org.apache.maven.surefire.junitplatform.JUnitPlatformProvider.invoke(JUnitPlatformProvider.java:122)
	at org.apache.maven.surefire.booter.ForkedBooter.runSuitesInProcess(ForkedBooter.java:385)
	at org.apache.maven.surefire.booter.ForkedBooter.execute(ForkedBooter.java:162)
	at org.apache.maven.surefire.booter.ForkedBooter.run(ForkedBooter.java:507)
	at org.apache.maven.surefire.booter.ForkedBooter.main(ForkedBooter.java:495)
Caused by: org.apache.hc.client5.http.HttpHostConnectException: Connect to http://localhost:8761 [localhost/127.0.0.1, localhost/0:0:0:0:0:0:0:1] failed: Connection refused
	at java.base/sun.nio.ch.Net.pollConnect(Native Method)
	at java.base/sun.nio.ch.Net.pollConnectNow(Net.java:672)
	at java.base/sun.nio.ch.NioSocketImpl.timedFinishConnect(NioSocketImpl.java:554)
	at java.base/sun.nio.ch.NioSocketImpl.connect(NioSocketImpl.java:602)
	at java.base/java.net.SocksSocketImpl.connect(SocksSocketImpl.java:327)
	at java.base/java.net.Socket.connect(Socket.java:633)
	at org.apache.hc.client5.http.socket.PlainConnectionSocketFactory.lambda$connectSocket$0(PlainConnectionSocketFactory.java:91)
	at java.base/java.security.AccessController.doPrivileged(AccessController.java:569)
	at org.apache.hc.client5.http.socket.PlainConnectionSocketFactory.connectSocket(PlainConnectionSocketFactory.java:90)
	at org.apache.hc.client5.http.socket.ConnectionSocketFactory.connectSocket(ConnectionSocketFactory.java:123)
	at org.apache.hc.client5.http.impl.io.DefaultHttpClientConnectionOperator.connect(DefaultHttpClientConnectionOperator.java:189)
	at org.apache.hc.client5.http.impl.io.PoolingHttpClientConnectionManager.connect(PoolingHttpClientConnectionManager.java:450)
	at org.apache.hc.client5.http.impl.classic.InternalExecRuntime.connectEndpoint(InternalExecRuntime.java:162)
	at org.apache.hc.client5.http.impl.classic.InternalExecRuntime.connectEndpoint(InternalExecRuntime.java:172)
	at org.apache.hc.client5.http.impl.classic.ConnectExec.execute(ConnectExec.java:142)
	at org.apache.hc.client5.http.impl.classic.ExecChainElement.execute(ExecChainElement.java:51)
	at org.apache.hc.client5.http.impl.classic.ProtocolExec.execute(ProtocolExec.java:192)
	at org.apache.hc.client5.http.impl.classic.ExecChainElement.execute(ExecChainElement.java:51)
	at org.apache.hc.client5.http.impl.classic.HttpRequestRetryExec.execute(HttpRequestRetryExec.java:113)
	at org.apache.hc.client5.http.impl.classic.ExecChainElement.execute(ExecChainElement.java:51)
	at org.apache.hc.client5.http.impl.classic.ContentCompressionExec.execute(ContentCompressionExec.java:152)
	at org.apache.hc.client5.http.impl.classic.ExecChainElement.execute(ExecChainElement.java:51)
	at org.apache.hc.client5.http.impl.classic.RedirectExec.execute(RedirectExec.java:116)
	at org.apache.hc.client5.http.impl.classic.ExecChainElement.execute(ExecChainElement.java:51)
	at org.apache.hc.client5.http.impl.classic.InternalHttpClient.doExecute(InternalHttpClient.java:170)
	at org.apache.hc.client5.http.impl.classic.CloseableHttpClient.execute(CloseableHttpClient.java:87)
	at org.apache.hc.client5.http.impl.classic.CloseableHttpClient.execute(CloseableHttpClient.java:55)
	at org.apache.hc.client5.http.classic.HttpClient.executeOpen(HttpClient.java:183)
	at org.springframework.http.client.HttpComponentsClientHttpRequest.executeInternal(HttpComponentsClientHttpRequest.java:99)
	at org.springframework.http.client.AbstractStreamingClientHttpRequest.executeInternal(AbstractStreamingClientHttpRequest.java:70)
	at org.springframework.http.client.AbstractClientHttpRequest.execute(AbstractClientHttpRequest.java:66)
	at org.springframework.http.client.InterceptingClientHttpRequest$InterceptingRequestExecution.execute(InterceptingClientHttpRequest.java:112)
	at org.springframework.cloud.netflix.eureka.http.RestTemplateTransportClientFactory.lambda$restTemplate$3(RestTemplateTransportClientFactory.java:170)
	at org.springframework.http.client.InterceptingClientHttpRequest$InterceptingRequestExecution.execute(InterceptingClientHttpRequest.java:88)
	at org.springframework.http.client.InterceptingClientHttpRequest.executeInternal(InterceptingClientHttpRequest.java:72)
	at org.springframework.http.client.AbstractBufferingClientHttpRequest.executeInternal(AbstractBufferingClientHttpRequest.java:48)
	at org.springframework.http.client.AbstractClientHttpRequest.execute(AbstractClientHttpRequest.java:66)
	at org.springframework.web.client.RestTemplate.doExecute(RestTemplate.java:889)
	... 145 more

2024-12-23 20:35:34 WARN  [main] [null] c.n.d.s.t.d.RetryableEurekaHttpClient - Request execution failed with message: I/O error on GET request for "http://localhost:8761/eureka/apps/": Connect to http://localhost:8761 [localhost/127.0.0.1, localhost/0:0:0:0:0:0:0:1] failed: Connection refused
2024-12-23 20:35:34 INFO  [main] [null] c.netflix.discovery.DiscoveryClient - DiscoveryClient_CUSTOMERLOGIN/192.168.0.14:customerlogin:8081 - was unable to refresh its cache! This periodic background refresh will be retried in 30 seconds. status = Cannot execute request on any known server stacktrace = com.netflix.discovery.shared.transport.TransportException: Cannot execute request on any known server
	at com.netflix.discovery.shared.transport.decorator.RetryableEurekaHttpClient.execute(RetryableEurekaHttpClient.java:112)
	at com.netflix.discovery.shared.transport.decorator.EurekaHttpClientDecorator.getApplications(EurekaHttpClientDecorator.java:134)
	at com.netflix.discovery.shared.transport.decorator.EurekaHttpClientDecorator$6.execute(EurekaHttpClientDecorator.java:137)
	at com.netflix.discovery.shared.transport.decorator.SessionedEurekaHttpClient.execute(SessionedEurekaHttpClient.java:76)
	at com.netflix.discovery.shared.transport.decorator.EurekaHttpClientDecorator.getApplications(EurekaHttpClientDecorator.java:134)
	at com.netflix.discovery.DiscoveryClient.getAndStoreFullRegistry(DiscoveryClient.java:1046)
	at com.netflix.discovery.DiscoveryClient.fetchRegistry(DiscoveryClient.java:961)
	at com.netflix.discovery.DiscoveryClient.<init>(DiscoveryClient.java:410)
	at com.netflix.discovery.DiscoveryClient.<init>(DiscoveryClient.java:245)
	at com.netflix.discovery.DiscoveryClient.<init>(DiscoveryClient.java:240)
	at org.springframework.cloud.netflix.eureka.CloudEurekaClient.<init>(CloudEurekaClient.java:68)
	at org.springframework.cloud.netflix.eureka.EurekaClientAutoConfiguration$RefreshableEurekaClientConfiguration.eurekaClient(EurekaClientAutoConfiguration.java:324)
	at java.base/jdk.internal.reflect.NativeMethodAccessorImpl.invoke0(Native Method)
	at java.base/jdk.internal.reflect.NativeMethodAccessorImpl.invoke(NativeMethodAccessorImpl.java:77)
	at java.base/jdk.internal.reflect.DelegatingMethodAccessorImpl.invoke(DelegatingMethodAccessorImpl.java:43)
	at java.base/java.lang.reflect.Method.invoke(Method.java:568)
	at org.springframework.beans.factory.support.SimpleInstantiationStrategy.instantiate(SimpleInstantiationStrategy.java:146)
	at org.springframework.beans.factory.support.ConstructorResolver.instantiate(ConstructorResolver.java:644)
	at org.springframework.beans.factory.support.ConstructorResolver.instantiateUsingFactoryMethod(ConstructorResolver.java:636)
	at org.springframework.beans.factory.support.AbstractAutowireCapableBeanFactory.instantiateUsingFactoryMethod(AbstractAutowireCapableBeanFactory.java:1355)
	at org.springframework.beans.factory.support.AbstractAutowireCapableBeanFactory.createBeanInstance(AbstractAutowireCapableBeanFactory.java:1185)
	at org.springframework.beans.factory.support.AbstractAutowireCapableBeanFactory.doCreateBean(AbstractAutowireCapableBeanFactory.java:562)
	at org.springframework.beans.factory.support.AbstractAutowireCapableBeanFactory.createBean(AbstractAutowireCapableBeanFactory.java:522)
	at org.springframework.beans.factory.support.AbstractBeanFactory.lambda$doGetBean$1(AbstractBeanFactory.java:376)
	at org.springframework.cloud.context.scope.GenericScope$BeanLifecycleWrapper.getBean(GenericScope.java:375)
	at org.springframework.cloud.context.scope.GenericScope.get(GenericScope.java:179)
	at org.springframework.beans.factory.support.AbstractBeanFactory.doGetBean(AbstractBeanFactory.java:373)
	at org.springframework.beans.factory.support.AbstractBeanFactory.getBean(AbstractBeanFactory.java:200)
	at org.springframework.aop.target.SimpleBeanTargetSource.getTarget(SimpleBeanTargetSource.java:35)
	at org.springframework.cloud.netflix.eureka.serviceregistry.EurekaRegistration.getTargetObject(EurekaRegistration.java:128)
	at org.springframework.cloud.netflix.eureka.serviceregistry.EurekaRegistration.getEurekaClient(EurekaRegistration.java:116)
	at java.base/jdk.internal.reflect.NativeMethodAccessorImpl.invoke0(Native Method)
	at java.base/jdk.internal.reflect.NativeMethodAccessorImpl.invoke(NativeMethodAccessorImpl.java:77)
	at java.base/jdk.internal.reflect.DelegatingMethodAccessorImpl.invoke(DelegatingMethodAccessorImpl.java:43)
	at java.base/java.lang.reflect.Method.invoke(Method.java:568)
	at org.springframework.util.ReflectionUtils.invokeMethod(ReflectionUtils.java:281)
	at org.springframework.cloud.context.scope.GenericScope$LockedScopedProxyFactoryBean.invoke(GenericScope.java:482)
	at org.springframework.aop.framework.ReflectiveMethodInvocation.proceed(ReflectiveMethodInvocation.java:184)
	at org.springframework.aop.framework.CglibAopProxy$CglibMethodInvocation.proceed(CglibAopProxy.java:768)
	at org.springframework.aop.framework.CglibAopProxy$DynamicAdvisedInterceptor.intercept(CglibAopProxy.java:720)
	at org.springframework.cloud.netflix.eureka.serviceregistry.EurekaRegistration$$SpringCGLIB$$0.getEurekaClient(<generated>)
	at org.springframework.cloud.netflix.eureka.serviceregistry.EurekaServiceRegistry.maybeInitializeClient(EurekaServiceRegistry.java:83)
	at org.springframework.cloud.netflix.eureka.serviceregistry.EurekaServiceRegistry.register(EurekaServiceRegistry.java:66)
	at org.springframework.cloud.netflix.eureka.serviceregistry.EurekaAutoServiceRegistration.start(EurekaAutoServiceRegistration.java:89)
	at org.springframework.context.support.DefaultLifecycleProcessor.doStart(DefaultLifecycleProcessor.java:285)
	at org.springframework.context.support.DefaultLifecycleProcessor$LifecycleGroup.start(DefaultLifecycleProcessor.java:472)
	at java.base/java.lang.Iterable.forEach(Iterable.java:75)
	at org.springframework.context.support.DefaultLifecycleProcessor.startBeans(DefaultLifecycleProcessor.java:257)
	at org.springframework.context.support.DefaultLifecycleProcessor.onRefresh(DefaultLifecycleProcessor.java:202)
	at org.springframework.context.support.AbstractApplicationContext.finishRefresh(AbstractApplicationContext.java:990)
	at org.springframework.context.support.AbstractApplicationContext.refresh(AbstractApplicationContext.java:628)
	at org.springframework.boot.SpringApplication.refresh(SpringApplication.java:754)
	at org.springframework.boot.SpringApplication.refreshContext(SpringApplication.java:456)
	at org.springframework.boot.SpringApplication.run(SpringApplication.java:335)
	at org.springframework.boot.test.context.SpringBootContextLoader.lambda$loadContext$3(SpringBootContextLoader.java:137)
	at org.springframework.util.function.ThrowingSupplier.get(ThrowingSupplier.java:58)
	at org.springframework.util.function.ThrowingSupplier.get(ThrowingSupplier.java:46)
	at org.springframework.boot.SpringApplication.withHook(SpringApplication.java:1463)
	at org.springframework.boot.test.context.SpringBootContextLoader$ContextLoaderHook.run(SpringBootContextLoader.java:553)
	at org.springframework.boot.test.context.SpringBootContextLoader.loadContext(SpringBootContextLoader.java:137)
	at org.springframework.boot.test.context.SpringBootContextLoader.loadContext(SpringBootContextLoader.java:108)
	at org.springframework.test.context.cache.DefaultCacheAwareContextLoaderDelegate.loadContextInternal(DefaultCacheAwareContextLoaderDelegate.java:225)
	at org.springframework.test.context.cache.DefaultCacheAwareContextLoaderDelegate.loadContext(DefaultCacheAwareContextLoaderDelegate.java:152)
	at org.springframework.test.context.support.DefaultTestContext.getApplicationContext(DefaultTestContext.java:130)
	at org.springframework.test.context.web.ServletTestExecutionListener.setUpRequestContextIfNecessary(ServletTestExecutionListener.java:191)
	at org.springframework.test.context.web.ServletTestExecutionListener.prepareTestInstance(ServletTestExecutionListener.java:130)
	at org.springframework.test.context.TestContextManager.prepareTestInstance(TestContextManager.java:260)
	at org.springframework.test.context.junit.jupiter.SpringExtension.postProcessTestInstance(SpringExtension.java:163)
	at org.junit.jupiter.engine.descriptor.ClassBasedTestDescriptor.lambda$invokeTestInstancePostProcessors$10(ClassBasedTestDescriptor.java:378)
	at org.junit.jupiter.engine.descriptor.ClassBasedTestDescriptor.executeAndMaskThrowable(ClassBasedTestDescriptor.java:383)
	at org.junit.jupiter.engine.descriptor.ClassBasedTestDescriptor.lambda$invokeTestInstancePostProcessors$11(ClassBasedTestDescriptor.java:378)
	at java.base/java.util.stream.ReferencePipeline$3$1.accept(ReferencePipeline.java:197)
	at java.base/java.util.stream.ReferencePipeline$2$1.accept(ReferencePipeline.java:179)
	at java.base/java.util.ArrayList$ArrayListSpliterator.forEachRemaining(ArrayList.java:1625)
	at java.base/java.util.stream.AbstractPipeline.copyInto(AbstractPipeline.java:509)
	at java.base/java.util.stream.AbstractPipeline.wrapAndCopyInto(AbstractPipeline.java:499)
	at java.base/java.util.stream.StreamSpliterators$WrappingSpliterator.forEachRemaining(StreamSpliterators.java:310)
	at java.base/java.util.stream.Streams$ConcatSpliterator.forEachRemaining(Streams.java:735)
	at java.base/java.util.stream.Streams$ConcatSpliterator.forEachRemaining(Streams.java:734)
	at java.base/java.util.stream.ReferencePipeline$Head.forEach(ReferencePipeline.java:762)
	at org.junit.jupiter.engine.descriptor.ClassBasedTestDescriptor.invokeTestInstancePostProcessors(ClassBasedTestDescriptor.java:377)
	at org.junit.jupiter.engine.descriptor.ClassBasedTestDescriptor.lambda$instantiateAndPostProcessTestInstance$6(ClassBasedTestDescriptor.java:290)
	at org.junit.platform.engine.support.hierarchical.ThrowableCollector.execute(ThrowableCollector.java:73)
	at org.junit.jupiter.engine.descriptor.ClassBasedTestDescriptor.instantiateAndPostProcessTestInstance(ClassBasedTestDescriptor.java:289)
	at org.junit.jupiter.engine.descriptor.ClassBasedTestDescriptor.lambda$testInstancesProvider$4(ClassBasedTestDescriptor.java:279)
	at java.base/java.util.Optional.orElseGet(Optional.java:364)
	at org.junit.jupiter.engine.descriptor.ClassBasedTestDescriptor.lambda$testInstancesProvider$5(ClassBasedTestDescriptor.java:278)
	at org.junit.jupiter.engine.execution.TestInstancesProvider.getTestInstances(TestInstancesProvider.java:31)
	at org.junit.jupiter.engine.descriptor.TestMethodTestDescriptor.lambda$prepare$0(TestMethodTestDescriptor.java:106)
	at org.junit.platform.engine.support.hierarchical.ThrowableCollector.execute(ThrowableCollector.java:73)
	at org.junit.jupiter.engine.descriptor.TestMethodTestDescriptor.prepare(TestMethodTestDescriptor.java:105)
	at org.junit.jupiter.engine.descriptor.TestMethodTestDescriptor.prepare(TestMethodTestDescriptor.java:69)
	at org.junit.platform.engine.support.hierarchical.NodeTestTask.lambda$prepare$2(NodeTestTask.java:128)
	at org.junit.platform.engine.support.hierarchical.ThrowableCollector.execute(ThrowableCollector.java:73)
	at org.junit.platform.engine.support.hierarchical.NodeTestTask.prepare(NodeTestTask.java:128)
	at org.junit.platform.engine.support.hierarchical.NodeTestTask.execute(NodeTestTask.java:95)
	at java.base/java.util.ArrayList.forEach(ArrayList.java:1511)
	at org.junit.platform.engine.support.hierarchical.SameThreadHierarchicalTestExecutorService.invokeAll(SameThreadHierarchicalTestExecutorService.java:41)
	at org.junit.platform.engine.support.hierarchical.NodeTestTask.lambda$executeRecursively$6(NodeTestTask.java:160)
	at org.junit.platform.engine.support.hierarchical.ThrowableCollector.execute(ThrowableCollector.java:73)
	at org.junit.platform.engine.support.hierarchical.NodeTestTask.lambda$executeRecursively$8(NodeTestTask.java:146)
	at org.junit.platform.engine.support.hierarchical.Node.around(Node.java:137)
	at org.junit.platform.engine.support.hierarchical.NodeTestTask.lambda$executeRecursively$9(NodeTestTask.java:144)
	at org.junit.platform.engine.support.hierarchical.ThrowableCollector.execute(ThrowableCollector.java:73)
	at org.junit.platform.engine.support.hierarchical.NodeTestTask.executeRecursively(NodeTestTask.java:143)
	at org.junit.platform.engine.support.hierarchical.NodeTestTask.execute(NodeTestTask.java:100)
	at java.base/java.util.ArrayList.forEach(ArrayList.java:1511)
	at org.junit.platform.engine.support.hierarchical.SameThreadHierarchicalTestExecutorService.invokeAll(SameThreadHierarchicalTestExecutorService.java:41)
	at org.junit.platform.engine.support.hierarchical.NodeTestTask.lambda$executeRecursively$6(NodeTestTask.java:160)
	at org.junit.platform.engine.support.hierarchical.ThrowableCollector.execute(ThrowableCollector.java:73)
	at org.junit.platform.engine.support.hierarchical.NodeTestTask.lambda$executeRecursively$8(NodeTestTask.java:146)
	at org.junit.platform.engine.support.hierarchical.Node.around(Node.java:137)
	at org.junit.platform.engine.support.hierarchical.NodeTestTask.lambda$executeRecursively$9(NodeTestTask.java:144)
	at org.junit.platform.engine.support.hierarchical.ThrowableCollector.execute(ThrowableCollector.java:73)
	at org.junit.platform.engine.support.hierarchical.NodeTestTask.executeRecursively(NodeTestTask.java:143)
	at org.junit.platform.engine.support.hierarchical.NodeTestTask.execute(NodeTestTask.java:100)
	at org.junit.platform.engine.support.hierarchical.SameThreadHierarchicalTestExecutorService.submit(SameThreadHierarchicalTestExecutorService.java:35)
	at org.junit.platform.engine.support.hierarchical.HierarchicalTestExecutor.execute(HierarchicalTestExecutor.java:57)
	at org.junit.platform.engine.support.hierarchical.HierarchicalTestEngine.execute(HierarchicalTestEngine.java:54)
	at org.junit.platform.launcher.core.EngineExecutionOrchestrator.execute(EngineExecutionOrchestrator.java:198)
	at org.junit.platform.launcher.core.EngineExecutionOrchestrator.execute(EngineExecutionOrchestrator.java:169)
	at org.junit.platform.launcher.core.EngineExecutionOrchestrator.execute(EngineExecutionOrchestrator.java:93)
	at org.junit.platform.launcher.core.EngineExecutionOrchestrator.lambda$execute$0(EngineExecutionOrchestrator.java:58)
	at org.junit.platform.launcher.core.EngineExecutionOrchestrator.withInterceptedStreams(EngineExecutionOrchestrator.java:141)
	at org.junit.platform.launcher.core.EngineExecutionOrchestrator.execute(EngineExecutionOrchestrator.java:57)
	at org.junit.platform.launcher.core.DefaultLauncher.execute(DefaultLauncher.java:103)
	at org.junit.platform.launcher.core.DefaultLauncher.execute(DefaultLauncher.java:85)
	at org.junit.platform.launcher.core.DelegatingLauncher.execute(DelegatingLauncher.java:47)
	at org.apache.maven.surefire.junitplatform.LazyLauncher.execute(LazyLauncher.java:56)
	at org.apache.maven.surefire.junitplatform.JUnitPlatformProvider.execute(JUnitPlatformProvider.java:184)
	at org.apache.maven.surefire.junitplatform.JUnitPlatformProvider.invokeAllTests(JUnitPlatformProvider.java:148)
	at org.apache.maven.surefire.junitplatform.JUnitPlatformProvider.invoke(JUnitPlatformProvider.java:122)
	at org.apache.maven.surefire.booter.ForkedBooter.runSuitesInProcess(ForkedBooter.java:385)
	at org.apache.maven.surefire.booter.ForkedBooter.execute(ForkedBooter.java:162)
	at org.apache.maven.surefire.booter.ForkedBooter.run(ForkedBooter.java:507)
	at org.apache.maven.surefire.booter.ForkedBooter.main(ForkedBooter.java:495)

2024-12-23 20:35:34 INFO  [main] [null] c.netflix.discovery.DiscoveryClient - Initial registry fetch from primary servers failed
2024-12-23 20:35:34 WARN  [main] [null] c.netflix.discovery.DiscoveryClient - Using default backup registry implementation which does not do anything.
2024-12-23 20:35:34 INFO  [main] [null] c.netflix.discovery.DiscoveryClient - Initial registry fetch from backup servers failed
2024-12-23 20:35:34 INFO  [main] [null] c.netflix.discovery.DiscoveryClient - Starting heartbeat executor: renew interval is: 30
2024-12-23 20:35:34 INFO  [main] [null] c.n.discovery.InstanceInfoReplicator - InstanceInfoReplicator onDemand update allowed rate per min is 4
2024-12-23 20:35:34 INFO  [main] [null] c.netflix.discovery.DiscoveryClient - Discovery Client initialized at timestamp 1734966334775 with initial instances count: 0
2024-12-23 20:35:34 INFO  [main] [null] o.s.c.n.e.s.EurekaServiceRegistry - Registering application CUSTOMERLOGIN with eureka with status UP
2024-12-23 20:35:34 INFO  [main] [null] c.netflix.discovery.DiscoveryClient - Saw local status change event StatusChangeEvent [timestamp=1734966334818, current=UP, previous=STARTING]
2024-12-23 20:35:34 DEBUG [DiscoveryClient-InstanceInfoReplicator-%d] [null] c.n.discovery.InstanceInfoReplicator - Executing on-demand update of local InstanceInfo
2024-12-23 20:35:34 DEBUG [DiscoveryClient-InstanceInfoReplicator-%d] [null] c.n.discovery.InstanceInfoReplicator - Canceling the latest scheduled update, it will be rescheduled at the end of on demand update
2024-12-23 20:35:34 INFO  [DiscoveryClient-InstanceInfoReplicator-%d] [null] c.netflix.discovery.DiscoveryClient - DiscoveryClient_CUSTOMERLOGIN/192.168.0.14:customerlogin:8081: registering service...
2024-12-23 20:35:34 DEBUG [DiscoveryClient-InstanceInfoReplicator-%d] [null] c.n.d.s.t.d.SessionedEurekaHttpClient - Ending a session and starting anew
2024-12-23 20:35:34 DEBUG [DiscoveryClient-InstanceInfoReplicator-%d] [null] o.s.web.client.RestTemplate - HTTP POST http://localhost:8761/eureka/apps/CUSTOMERLOGIN
2024-12-23 20:35:34 DEBUG [DiscoveryClient-InstanceInfoReplicator-%d] [null] o.s.web.client.RestTemplate - Accept=[application/json, application/*+json]
2024-12-23 20:35:34 INFO  [main] [null] c.a.c.CustomerloginApplicationTests - Started CustomerloginApplicationTests in 7.941 seconds (process running for 12.845)
2024-12-23 20:35:34 DEBUG [DiscoveryClient-InstanceInfoReplicator-%d] [null] o.s.web.client.RestTemplate - Writing [InstanceInfo [instanceId = 192.168.0.14:customerlogin:8081, appName = CUSTOMERLOGIN, hostName = 192.168.0.14, status = UP, ipAddr = 192.168.0.14, port = 8081, securePort = 443, dataCenterInfo = com.netflix.appinfo.MyDataCenterInfo@9600108] as "application/json"
2024-12-23 20:35:34 INFO  [DiscoveryClient-InstanceInfoReplicator-%d] [null] c.n.d.s.t.d.RedirectingEurekaHttpClient - Request execution error. endpoint=DefaultEndpoint{ serviceUrl='http://localhost:8761/eureka/}, exception=I/O error on POST request for "http://localhost:8761/eureka/apps/CUSTOMERLOGIN": Connect to http://localhost:8761 [localhost/127.0.0.1, localhost/0:0:0:0:0:0:0:1] failed: Connection refused stacktrace=org.springframework.web.client.ResourceAccessException: I/O error on POST request for "http://localhost:8761/eureka/apps/CUSTOMERLOGIN": Connect to http://localhost:8761 [localhost/127.0.0.1, localhost/0:0:0:0:0:0:0:1] failed: Connection refused
	at org.springframework.web.client.RestTemplate.createResourceAccessException(RestTemplate.java:915)
	at org.springframework.web.client.RestTemplate.doExecute(RestTemplate.java:895)
	at org.springframework.web.client.RestTemplate.execute(RestTemplate.java:830)
	at org.springframework.web.client.RestTemplate.exchange(RestTemplate.java:691)
	at org.springframework.cloud.netflix.eureka.http.RestTemplateEurekaHttpClient.register(RestTemplateEurekaHttpClient.java:83)
	at com.netflix.discovery.shared.transport.decorator.EurekaHttpClientDecorator$1.execute(EurekaHttpClientDecorator.java:59)
	at com.netflix.discovery.shared.transport.decorator.RedirectingEurekaHttpClient.executeOnNewServer(RedirectingEurekaHttpClient.java:121)
	at com.netflix.discovery.shared.transport.decorator.RedirectingEurekaHttpClient.execute(RedirectingEurekaHttpClient.java:80)
	at com.netflix.discovery.shared.transport.decorator.EurekaHttpClientDecorator.register(EurekaHttpClientDecorator.java:56)
	at com.netflix.discovery.shared.transport.decorator.EurekaHttpClientDecorator$1.execute(EurekaHttpClientDecorator.java:59)
	at com.netflix.discovery.shared.transport.decorator.RetryableEurekaHttpClient.execute(RetryableEurekaHttpClient.java:120)
	at com.netflix.discovery.shared.transport.decorator.EurekaHttpClientDecorator.register(EurekaHttpClientDecorator.java:56)
	at com.netflix.discovery.shared.transport.decorator.EurekaHttpClientDecorator$1.execute(EurekaHttpClientDecorator.java:59)
	at com.netflix.discovery.shared.transport.decorator.SessionedEurekaHttpClient.execute(SessionedEurekaHttpClient.java:76)
	at com.netflix.discovery.shared.transport.decorator.EurekaHttpClientDecorator.register(EurekaHttpClientDecorator.java:56)
	at com.netflix.discovery.DiscoveryClient.register(DiscoveryClient.java:828)
	at com.netflix.discovery.InstanceInfoReplicator.run(InstanceInfoReplicator.java:125)
	at com.netflix.discovery.InstanceInfoReplicator$2.run(InstanceInfoReplicator.java:105)
	at java.base/java.util.concurrent.Executors$RunnableAdapter.call(Executors.java:539)
	at java.base/java.util.concurrent.FutureTask.run(FutureTask.java:264)
	at java.base/java.util.concurrent.ScheduledThreadPoolExecutor$ScheduledFutureTask.run(ScheduledThreadPoolExecutor.java:304)
	at java.base/java.util.concurrent.ThreadPoolExecutor.runWorker(ThreadPoolExecutor.java:1136)
	at java.base/java.util.concurrent.ThreadPoolExecutor$Worker.run(ThreadPoolExecutor.java:635)
	at java.base/java.lang.Thread.run(Thread.java:842)
Caused by: org.apache.hc.client5.http.HttpHostConnectException: Connect to http://localhost:8761 [localhost/127.0.0.1, localhost/0:0:0:0:0:0:0:1] failed: Connection refused
	at java.base/sun.nio.ch.Net.pollConnect(Native Method)
	at java.base/sun.nio.ch.Net.pollConnectNow(Net.java:672)
	at java.base/sun.nio.ch.NioSocketImpl.timedFinishConnect(NioSocketImpl.java:554)
	at java.base/sun.nio.ch.NioSocketImpl.connect(NioSocketImpl.java:602)
	at java.base/java.net.SocksSocketImpl.connect(SocksSocketImpl.java:327)
	at java.base/java.net.Socket.connect(Socket.java:633)
	at org.apache.hc.client5.http.socket.PlainConnectionSocketFactory.lambda$connectSocket$0(PlainConnectionSocketFactory.java:91)
	at java.base/java.security.AccessController.doPrivileged(AccessController.java:569)
	at org.apache.hc.client5.http.socket.PlainConnectionSocketFactory.connectSocket(PlainConnectionSocketFactory.java:90)
	at org.apache.hc.client5.http.socket.ConnectionSocketFactory.connectSocket(ConnectionSocketFactory.java:123)
	at org.apache.hc.client5.http.impl.io.DefaultHttpClientConnectionOperator.connect(DefaultHttpClientConnectionOperator.java:189)
	at org.apache.hc.client5.http.impl.io.PoolingHttpClientConnectionManager.connect(PoolingHttpClientConnectionManager.java:450)
	at org.apache.hc.client5.http.impl.classic.InternalExecRuntime.connectEndpoint(InternalExecRuntime.java:162)
	at org.apache.hc.client5.http.impl.classic.InternalExecRuntime.connectEndpoint(InternalExecRuntime.java:172)
	at org.apache.hc.client5.http.impl.classic.ConnectExec.execute(ConnectExec.java:142)
	at org.apache.hc.client5.http.impl.classic.ExecChainElement.execute(ExecChainElement.java:51)
	at org.apache.hc.client5.http.impl.classic.ProtocolExec.execute(ProtocolExec.java:192)
	at org.apache.hc.client5.http.impl.classic.ExecChainElement.execute(ExecChainElement.java:51)
	at org.apache.hc.client5.http.impl.classic.HttpRequestRetryExec.execute(HttpRequestRetryExec.java:113)
	at org.apache.hc.client5.http.impl.classic.ExecChainElement.execute(ExecChainElement.java:51)
	at org.apache.hc.client5.http.impl.classic.ContentCompressionExec.execute(ContentCompressionExec.java:152)
	at org.apache.hc.client5.http.impl.classic.ExecChainElement.execute(ExecChainElement.java:51)
	at org.apache.hc.client5.http.impl.classic.RedirectExec.execute(RedirectExec.java:116)
	at org.apache.hc.client5.http.impl.classic.ExecChainElement.execute(ExecChainElement.java:51)
	at org.apache.hc.client5.http.impl.classic.InternalHttpClient.doExecute(InternalHttpClient.java:170)
	at org.apache.hc.client5.http.impl.classic.CloseableHttpClient.execute(CloseableHttpClient.java:87)
	at org.apache.hc.client5.http.impl.classic.CloseableHttpClient.execute(CloseableHttpClient.java:55)
	at org.apache.hc.client5.http.classic.HttpClient.executeOpen(HttpClient.java:183)
	at org.springframework.http.client.HttpComponentsClientHttpRequest.executeInternal(HttpComponentsClientHttpRequest.java:99)
	at org.springframework.http.client.AbstractStreamingClientHttpRequest.executeInternal(AbstractStreamingClientHttpRequest.java:70)
	at org.springframework.http.client.AbstractClientHttpRequest.execute(AbstractClientHttpRequest.java:66)
	at org.springframework.http.client.InterceptingClientHttpRequest$InterceptingRequestExecution.execute(InterceptingClientHttpRequest.java:112)
	at org.springframework.cloud.netflix.eureka.http.RestTemplateTransportClientFactory.lambda$restTemplate$3(RestTemplateTransportClientFactory.java:170)
	at org.springframework.http.client.InterceptingClientHttpRequest$InterceptingRequestExecution.execute(InterceptingClientHttpRequest.java:88)
	at org.springframework.http.client.InterceptingClientHttpRequest.executeInternal(InterceptingClientHttpRequest.java:72)
	at org.springframework.http.client.AbstractBufferingClientHttpRequest.executeInternal(AbstractBufferingClientHttpRequest.java:48)
	at org.springframework.http.client.AbstractClientHttpRequest.execute(AbstractClientHttpRequest.java:66)
	at org.springframework.web.client.RestTemplate.doExecute(RestTemplate.java:889)
	... 22 more

2024-12-23 20:35:34 WARN  [DiscoveryClient-InstanceInfoReplicator-%d] [null] c.n.d.s.t.d.RetryableEurekaHttpClient - Request execution failed with message: I/O error on POST request for "http://localhost:8761/eureka/apps/CUSTOMERLOGIN": Connect to http://localhost:8761 [localhost/127.0.0.1, localhost/0:0:0:0:0:0:0:1] failed: Connection refused
2024-12-23 20:35:34 WARN  [DiscoveryClient-InstanceInfoReplicator-%d] [null] c.netflix.discovery.DiscoveryClient - DiscoveryClient_CUSTOMERLOGIN/192.168.0.14:customerlogin:8081 - registration failed Cannot execute request on any known server
com.netflix.discovery.shared.transport.TransportException: Cannot execute request on any known server
	at com.netflix.discovery.shared.transport.decorator.RetryableEurekaHttpClient.execute(RetryableEurekaHttpClient.java:112)
	at com.netflix.discovery.shared.transport.decorator.EurekaHttpClientDecorator.register(EurekaHttpClientDecorator.java:56)
	at com.netflix.discovery.shared.transport.decorator.EurekaHttpClientDecorator$1.execute(EurekaHttpClientDecorator.java:59)
	at com.netflix.discovery.shared.transport.decorator.SessionedEurekaHttpClient.execute(SessionedEurekaHttpClient.java:76)
	at com.netflix.discovery.shared.transport.decorator.EurekaHttpClientDecorator.register(EurekaHttpClientDecorator.java:56)
	at com.netflix.discovery.DiscoveryClient.register(DiscoveryClient.java:828)
	at com.netflix.discovery.InstanceInfoReplicator.run(InstanceInfoReplicator.java:125)
	at com.netflix.discovery.InstanceInfoReplicator$2.run(InstanceInfoReplicator.java:105)
	at java.base/java.util.concurrent.Executors$RunnableAdapter.call(Executors.java:539)
	at java.base/java.util.concurrent.FutureTask.run(FutureTask.java:264)
	at java.base/java.util.concurrent.ScheduledThreadPoolExecutor$ScheduledFutureTask.run(ScheduledThreadPoolExecutor.java:304)
	at java.base/java.util.concurrent.ThreadPoolExecutor.runWorker(ThreadPoolExecutor.java:1136)
	at java.base/java.util.concurrent.ThreadPoolExecutor$Worker.run(ThreadPoolExecutor.java:635)
	at java.base/java.lang.Thread.run(Thread.java:842)
2024-12-23 20:35:34 WARN  [DiscoveryClient-InstanceInfoReplicator-%d] [null] c.n.discovery.InstanceInfoReplicator - There was a problem with the instance info replicator
com.netflix.discovery.shared.transport.TransportException: Cannot execute request on any known server
	at com.netflix.discovery.shared.transport.decorator.RetryableEurekaHttpClient.execute(RetryableEurekaHttpClient.java:112)
	at com.netflix.discovery.shared.transport.decorator.EurekaHttpClientDecorator.register(EurekaHttpClientDecorator.java:56)
	at com.netflix.discovery.shared.transport.decorator.EurekaHttpClientDecorator$1.execute(EurekaHttpClientDecorator.java:59)
	at com.netflix.discovery.shared.transport.decorator.SessionedEurekaHttpClient.execute(SessionedEurekaHttpClient.java:76)
	at com.netflix.discovery.shared.transport.decorator.EurekaHttpClientDecorator.register(EurekaHttpClientDecorator.java:56)
	at com.netflix.discovery.DiscoveryClient.register(DiscoveryClient.java:828)
	at com.netflix.discovery.InstanceInfoReplicator.run(InstanceInfoReplicator.java:125)
	at com.netflix.discovery.InstanceInfoReplicator$2.run(InstanceInfoReplicator.java:105)
	at java.base/java.util.concurrent.Executors$RunnableAdapter.call(Executors.java:539)
	at java.base/java.util.concurrent.FutureTask.run(FutureTask.java:264)
	at java.base/java.util.concurrent.ScheduledThreadPoolExecutor$ScheduledFutureTask.run(ScheduledThreadPoolExecutor.java:304)
	at java.base/java.util.concurrent.ThreadPoolExecutor.runWorker(ThreadPoolExecutor.java:1136)
	at java.base/java.util.concurrent.ThreadPoolExecutor$Worker.run(ThreadPoolExecutor.java:635)
	at java.base/java.lang.Thread.run(Thread.java:842)
]]></system-out>
  </testcase>
</testsuite>